<?xml version="1.0" encoding="UTF-8"?>
<coverage generated="1483514407083" clover="3.2.0">
  <project timestamp="1483514407083" name="All files">
    <metrics statements="946" coveredstatements="724" conditionals="457" coveredconditionals="265" methods="341" coveredmethods="215" elements="1744" coveredelements="1204" complexity="0" loc="946" ncloc="946" packages="10" files="59" classes="59">
      <package name="js">
        <metrics statements="1" coveredstatements="1" conditionals="0" coveredconditionals="0" methods="0" coveredmethods="0"/>
        <file name="env.js" path="/Users/natthaphatmaleehuan/Desktop/work/clogii-mobile/js/env.js">
          <metrics statements="1" coveredstatements="1" conditionals="0" coveredconditionals="0" methods="0" coveredmethods="0"/>
          <line num="27" count="22" type="stmt"/>
        </file>
      </package>
      <package name="js.actions">
        <metrics statements="285" coveredstatements="177" conditionals="72" coveredconditionals="15" methods="104" coveredmethods="44"/>
        <file name="apollo.js" path="/Users/natthaphatmaleehuan/Desktop/work/clogii-mobile/js/actions/apollo.js">
          <metrics statements="10" coveredstatements="1" conditionals="6" coveredconditionals="0" methods="4" coveredmethods="0"/>
          <line num="3" count="3" type="stmt"/>
          <line num="6" count="0" type="stmt"/>
          <line num="7" count="0" type="stmt"/>
          <line num="8" count="0" type="stmt"/>
          <line num="10" count="0" type="stmt"/>
          <line num="11" count="0" type="stmt"/>
          <line num="12" count="0" type="stmt"/>
          <line num="14" count="0" type="stmt"/>
          <line num="18" count="0" type="stmt"/>
          <line num="19" count="0" type="stmt"/>
        </file>
        <file name="changeProfile.js" path="/Users/natthaphatmaleehuan/Desktop/work/clogii-mobile/js/actions/changeProfile.js">
          <metrics statements="44" coveredstatements="43" conditionals="10" coveredconditionals="5" methods="19" coveredmethods="17"/>
          <line num="10" count="6" type="stmt"/>
          <line num="11" count="3" type="stmt"/>
          <line num="12" count="3" type="stmt"/>
          <line num="14" count="3" type="stmt"/>
          <line num="18" count="0" type="stmt"/>
          <line num="19" count="1" type="stmt"/>
          <line num="20" count="1" type="stmt"/>
          <line num="24" count="2" type="stmt"/>
          <line num="25" count="2" type="stmt"/>
          <line num="26" count="2" type="stmt"/>
          <line num="27" count="2" type="stmt"/>
          <line num="30" count="8" type="stmt"/>
          <line num="31" count="2" type="stmt"/>
          <line num="32" count="2" type="stmt"/>
          <line num="37" count="1" type="stmt"/>
          <line num="43" count="2" type="stmt"/>
          <line num="44" count="2" type="stmt"/>
          <line num="45" count="2" type="stmt"/>
          <line num="48" count="8" type="stmt"/>
          <line num="49" count="2" type="stmt"/>
          <line num="50" count="1" type="stmt"/>
          <line num="55" count="1" type="stmt"/>
          <line num="61" count="2" type="stmt"/>
          <line num="62" count="2" type="stmt"/>
          <line num="63" count="1" type="stmt"/>
          <line num="64" count="3" type="stmt"/>
          <line num="65" count="1" type="stmt"/>
          <line num="66" count="1" type="stmt"/>
          <line num="68" count="2" type="stmt"/>
          <line num="69" count="1" type="stmt"/>
          <line num="70" count="1" type="stmt"/>
          <line num="71" count="2" type="stmt"/>
          <line num="72" count="1" type="stmt"/>
          <line num="74" count="1" type="stmt"/>
          <line num="75" count="1" type="stmt"/>
          <line num="76" count="1" type="stmt"/>
          <line num="77" count="3" type="stmt"/>
          <line num="82" count="1" type="stmt"/>
          <line num="83" count="1" type="stmt"/>
          <line num="86" count="8" type="stmt"/>
          <line num="87" count="1" type="stmt"/>
          <line num="95" count="1" type="stmt"/>
          <line num="107" count="2" type="stmt"/>
          <line num="114" count="1" type="stmt"/>
        </file>
        <file name="config.js" path="/Users/natthaphatmaleehuan/Desktop/work/clogii-mobile/js/actions/config.js">
          <metrics statements="6" coveredstatements="4" conditionals="0" coveredconditionals="0" methods="1" coveredmethods="0"/>
          <line num="27" count="3" type="stmt"/>
          <line num="28" count="3" type="stmt"/>
          <line num="33" count="3" type="stmt"/>
          <line num="34" count="0" type="stmt"/>
          <line num="35" count="0" type="stmt"/>
          <line num="41" count="3" type="stmt"/>
        </file>
        <file name="filter.js" path="/Users/natthaphatmaleehuan/Desktop/work/clogii-mobile/js/actions/filter.js">
          <metrics statements="3" coveredstatements="1" conditionals="0" coveredconditionals="0" methods="2" coveredmethods="0"/>
          <line num="32" count="0" type="stmt"/>
          <line num="39" count="0" type="stmt"/>
          <line num="44" count="6" type="stmt"/>
        </file>
        <file name="index.js" path="/Users/natthaphatmaleehuan/Desktop/work/clogii-mobile/js/actions/index.js">
          <metrics statements="13" coveredstatements="13" conditionals="0" coveredconditionals="0" methods="0" coveredmethods="0"/>
          <line num="27" count="6" type="stmt"/>
          <line num="28" count="3" type="stmt"/>
          <line num="29" count="3" type="stmt"/>
          <line num="30" count="3" type="stmt"/>
          <line num="31" count="3" type="stmt"/>
          <line num="32" count="3" type="stmt"/>
          <line num="33" count="3" type="stmt"/>
          <line num="34" count="3" type="stmt"/>
          <line num="35" count="3" type="stmt"/>
          <line num="36" count="3" type="stmt"/>
          <line num="37" count="3" type="stmt"/>
          <line num="38" count="3" type="stmt"/>
          <line num="40" count="3" type="stmt"/>
        </file>
        <file name="installation.js" path="/Users/natthaphatmaleehuan/Desktop/work/clogii-mobile/js/actions/installation.js">
          <metrics statements="7" coveredstatements="7" conditionals="3" coveredconditionals="1" methods="2" coveredmethods="2"/>
          <line num="27" count="10" type="stmt"/>
          <line num="28" count="10" type="stmt"/>
          <line num="31" count="10" type="stmt"/>
          <line num="32" count="4" type="stmt"/>
          <line num="42" count="4" type="stmt"/>
          <line num="43" count="4" type="stmt"/>
          <line num="46" count="6" type="stmt"/>
        </file>
        <file name="login.js" path="/Users/natthaphatmaleehuan/Desktop/work/clogii-mobile/js/actions/login.js">
          <metrics statements="98" coveredstatements="82" conditionals="25" coveredconditionals="9" methods="42" coveredmethods="25"/>
          <line num="27" count="7" type="stmt"/>
          <line num="28" count="7" type="stmt"/>
          <line num="29" count="6" type="stmt"/>
          <line num="30" count="8" type="stmt"/>
          <line num="31" count="8" type="stmt"/>
          <line num="32" count="8" type="stmt"/>
          <line num="33" count="8" type="stmt"/>
          <line num="34" count="6" type="stmt"/>
          <line num="39" count="2" type="stmt"/>
          <line num="40" count="2" type="stmt"/>
          <line num="42" count="1" type="stmt"/>
          <line num="48" count="3" type="stmt"/>
          <line num="49" count="3" type="stmt"/>
          <line num="50" count="3" type="stmt"/>
          <line num="51" count="3" type="stmt"/>
          <line num="53" count="0" type="stmt"/>
          <line num="60" count="1" type="stmt"/>
          <line num="61" count="1" type="stmt"/>
          <line num="63" count="1" type="stmt"/>
          <line num="64" count="1" type="stmt"/>
          <line num="65" count="1" type="stmt"/>
          <line num="66" count="1" type="stmt"/>
          <line num="67" count="1" type="stmt"/>
          <line num="68" count="3" type="stmt"/>
          <line num="70" count="3" type="stmt"/>
          <line num="85" count="2" type="stmt"/>
          <line num="91" count="7" type="stmt"/>
          <line num="92" count="1" type="stmt"/>
          <line num="93" count="1" type="stmt"/>
          <line num="94" count="1" type="stmt"/>
          <line num="95" count="1" type="stmt"/>
          <line num="96" count="1" type="stmt"/>
          <line num="97" count="0" type="stmt"/>
          <line num="98" count="0" type="stmt"/>
          <line num="103" count="0" type="stmt"/>
          <line num="109" count="2" type="stmt"/>
          <line num="110" count="2" type="stmt"/>
          <line num="111" count="1" type="stmt"/>
          <line num="112" count="1" type="stmt"/>
          <line num="115" count="1" type="stmt"/>
          <line num="116" count="1" type="stmt"/>
          <line num="117" count="3" type="stmt"/>
          <line num="118" count="3" type="stmt"/>
          <line num="119" count="2" type="stmt"/>
          <line num="120" count="1" type="stmt"/>
          <line num="121" count="1" type="stmt"/>
          <line num="125" count="0" type="stmt"/>
          <line num="126" count="1" type="stmt"/>
          <line num="127" count="2" type="stmt"/>
          <line num="128" count="2" type="stmt"/>
          <line num="131" count="2" type="stmt"/>
          <line num="132" count="1" type="stmt"/>
          <line num="133" count="1" type="stmt"/>
          <line num="134" count="1" type="stmt"/>
          <line num="135" count="1" type="stmt"/>
          <line num="138" count="7" type="stmt"/>
          <line num="139" count="2" type="stmt"/>
          <line num="140" count="2" type="stmt"/>
          <line num="141" count="2" type="stmt"/>
          <line num="145" count="6" type="stmt"/>
          <line num="146" count="1" type="stmt"/>
          <line num="147" count="1" type="stmt"/>
          <line num="148" count="1" type="stmt"/>
          <line num="152" count="7" type="stmt"/>
          <line num="153" count="2" type="stmt"/>
          <line num="158" count="7" type="stmt"/>
          <line num="159" count="2" type="stmt"/>
          <line num="168" count="6" type="stmt"/>
          <line num="169" count="2" type="stmt"/>
          <line num="171" count="1" type="stmt"/>
          <line num="172" count="1" type="stmt"/>
          <line num="173" count="1" type="stmt"/>
          <line num="186" count="7" type="stmt"/>
          <line num="187" count="1" type="stmt"/>
          <line num="193" count="1" type="stmt"/>
          <line num="194" count="1" type="stmt"/>
          <line num="197" count="1" type="stmt"/>
          <line num="199" count="1" type="stmt"/>
          <line num="200" count="0" type="stmt"/>
          <line num="201" count="0" type="stmt"/>
          <line num="204" count="1" type="stmt"/>
          <line num="209" count="0" type="stmt"/>
          <line num="214" count="6" type="stmt"/>
          <line num="215" count="1" type="stmt"/>
          <line num="219" count="1" type="stmt"/>
          <line num="220" count="1" type="stmt"/>
          <line num="221" count="1" type="stmt"/>
          <line num="222" count="1" type="stmt"/>
          <line num="225" count="1" type="stmt"/>
          <line num="232" count="0" type="stmt"/>
          <line num="233" count="0" type="stmt"/>
          <line num="235" count="0" type="stmt"/>
          <line num="236" count="0" type="stmt"/>
          <line num="244" count="0" type="stmt"/>
          <line num="245" count="0" type="stmt"/>
          <line num="250" count="0" type="stmt"/>
          <line num="255" count="0" type="stmt"/>
          <line num="262" count="6" type="stmt"/>
        </file>
        <file name="navigation.js" path="/Users/natthaphatmaleehuan/Desktop/work/clogii-mobile/js/actions/navigation.js">
          <metrics statements="3" coveredstatements="1" conditionals="0" coveredconditionals="0" methods="2" coveredmethods="0"/>
          <line num="31" count="6" type="stmt"/>
          <line num="32" count="0" type="stmt"/>
          <line num="37" count="0" type="stmt"/>
        </file>
        <file name="notifications.js" path="/Users/natthaphatmaleehuan/Desktop/work/clogii-mobile/js/actions/notifications.js">
          <metrics statements="34" coveredstatements="7" conditionals="14" coveredconditionals="0" methods="8" coveredmethods="0"/>
          <line num="27" count="3" type="stmt"/>
          <line num="28" count="3" type="stmt"/>
          <line num="29" count="3" type="stmt"/>
          <line num="30" count="3" type="stmt"/>
          <line num="31" count="3" type="stmt"/>
          <line num="52" count="0" type="stmt"/>
          <line num="53" count="0" type="stmt"/>
          <line num="55" count="0" type="stmt"/>
          <line num="56" count="0" type="stmt"/>
          <line num="58" count="0" type="stmt"/>
          <line num="63" count="0" type="stmt"/>
          <line num="64" count="0" type="stmt"/>
          <line num="65" count="0" type="stmt"/>
          <line num="70" count="0" type="stmt"/>
          <line num="76" count="0" type="stmt"/>
          <line num="82" count="0" type="stmt"/>
          <line num="88" count="0" type="stmt"/>
          <line num="89" count="0" type="stmt"/>
          <line num="90" count="0" type="stmt"/>
          <line num="92" count="0" type="stmt"/>
          <line num="93" count="0" type="stmt"/>
          <line num="96" count="0" type="stmt"/>
          <line num="97" count="0" type="stmt"/>
          <line num="98" count="3" type="stmt"/>
          <line num="100" count="0" type="stmt"/>
          <line num="101" count="0" type="stmt"/>
          <line num="105" count="0" type="stmt"/>
          <line num="106" count="0" type="stmt"/>
          <line num="109" count="0" type="stmt"/>
          <line num="110" count="0" type="stmt"/>
          <line num="122" count="0" type="stmt"/>
          <line num="128" count="0" type="stmt"/>
          <line num="144" count="0" type="stmt"/>
          <line num="147" count="3" type="stmt"/>
        </file>
        <file name="schedule.js" path="/Users/natthaphatmaleehuan/Desktop/work/clogii-mobile/js/actions/schedule.js">
          <metrics statements="54" coveredstatements="11" conditionals="14" coveredconditionals="0" methods="20" coveredmethods="0"/>
          <line num="27" count="5" type="stmt"/>
          <line num="28" count="5" type="stmt"/>
          <line num="29" count="5" type="stmt"/>
          <line num="30" count="5" type="stmt"/>
          <line num="31" count="5" type="stmt"/>
          <line num="32" count="5" type="stmt"/>
          <line num="33" count="5" type="stmt"/>
          <line num="34" count="5" type="stmt"/>
          <line num="35" count="5" type="stmt"/>
          <line num="41" count="0" type="stmt"/>
          <line num="42" count="0" type="stmt"/>
          <line num="43" count="0" type="stmt"/>
          <line num="44" count="0" type="stmt"/>
          <line num="45" count="0" type="stmt"/>
          <line num="46" count="0" type="stmt"/>
          <line num="47" count="0" type="stmt"/>
          <line num="50" count="0" type="stmt"/>
          <line num="58" count="0" type="stmt"/>
          <line num="59" count="0" type="stmt"/>
          <line num="60" count="0" type="stmt"/>
          <line num="61" count="0" type="stmt"/>
          <line num="62" count="0" type="stmt"/>
          <line num="63" count="0" type="stmt"/>
          <line num="64" count="0" type="stmt"/>
          <line num="67" count="0" type="stmt"/>
          <line num="75" count="0" type="stmt"/>
          <line num="76" count="0" type="stmt"/>
          <line num="77" count="0" type="stmt"/>
          <line num="82" count="0" type="stmt"/>
          <line num="83" count="0" type="stmt"/>
          <line num="87" count="0" type="stmt"/>
          <line num="94" count="0" type="stmt"/>
          <line num="103" count="0" type="stmt"/>
          <line num="104" count="0" type="stmt"/>
          <line num="105" count="0" type="stmt"/>
          <line num="107" count="0" type="stmt"/>
          <line num="114" count="0" type="stmt"/>
          <line num="115" count="0" type="stmt"/>
          <line num="116" count="0" type="stmt"/>
          <line num="123" count="5" type="stmt"/>
          <line num="124" count="0" type="stmt"/>
          <line num="128" count="0" type="stmt"/>
          <line num="129" count="0" type="stmt"/>
          <line num="134" count="0" type="stmt"/>
          <line num="135" count="0" type="stmt"/>
          <line num="136" count="0" type="stmt"/>
          <line num="140" count="0" type="stmt"/>
          <line num="141" count="0" type="stmt"/>
          <line num="144" count="0" type="stmt"/>
          <line num="146" count="0" type="stmt"/>
          <line num="150" count="0" type="stmt"/>
          <line num="156" count="0" type="stmt"/>
          <line num="157" count="0" type="stmt"/>
          <line num="164" count="5" type="stmt"/>
        </file>
        <file name="session.js" path="/Users/natthaphatmaleehuan/Desktop/work/clogii-mobile/js/actions/session.js">
          <metrics statements="3" coveredstatements="2" conditionals="0" coveredconditionals="0" methods="1" coveredmethods="0"/>
          <line num="12" count="0" type="stmt"/>
          <line num="43" count="3" type="stmt"/>
          <line num="46" count="3" type="stmt"/>
        </file>
        <file name="surveys.js" path="/Users/natthaphatmaleehuan/Desktop/work/clogii-mobile/js/actions/surveys.js">
          <metrics statements="6" coveredstatements="3" conditionals="0" coveredconditionals="0" methods="2" coveredmethods="0"/>
          <line num="27" count="6" type="stmt"/>
          <line num="32" count="0" type="stmt"/>
          <line num="33" count="0" type="stmt"/>
          <line num="40" count="6" type="stmt"/>
          <line num="41" count="0" type="stmt"/>
          <line num="47" count="6" type="stmt"/>
        </file>
        <file name="viewer.js" path="/Users/natthaphatmaleehuan/Desktop/work/clogii-mobile/js/actions/viewer.js">
          <metrics statements="4" coveredstatements="2" conditionals="0" coveredconditionals="0" methods="1" coveredmethods="0"/>
          <line num="12" count="0" type="stmt"/>
          <line num="40" count="3" type="stmt"/>
          <line num="41" count="0" type="stmt"/>
          <line num="44" count="3" type="stmt"/>
        </file>
      </package>
      <package name="js.common">
        <metrics statements="149" coveredstatements="96" conditionals="68" coveredconditionals="24" methods="35" coveredmethods="13"/>
        <file name="CircleImage.js" path="/Users/natthaphatmaleehuan/Desktop/work/clogii-mobile/js/common/CircleImage.js">
          <metrics statements="1" coveredstatements="1" conditionals="0" coveredconditionals="0" methods="1" coveredmethods="1"/>
          <line num="6" count="7" type="stmt"/>
        </file>
        <file name="ClogiiButton.js" path="/Users/natthaphatmaleehuan/Desktop/work/clogii-mobile/js/common/ClogiiButton.js">
          <metrics statements="19" coveredstatements="10" conditionals="10" coveredconditionals="0" methods="1" coveredmethods="0"/>
          <line num="28" count="5" type="stmt"/>
          <line num="30" count="5" type="stmt"/>
          <line num="31" count="5" type="stmt"/>
          <line num="32" count="5" type="stmt"/>
          <line num="33" count="5" type="stmt"/>
          <line num="34" count="5" type="stmt"/>
          <line num="38" count="0" type="stmt"/>
          <line num="40" count="0" type="stmt"/>
          <line num="41" count="5" type="stmt"/>
          <line num="44" count="0" type="stmt"/>
          <line num="45" count="0" type="stmt"/>
          <line num="57" count="0" type="stmt"/>
          <line num="58" count="0" type="stmt"/>
          <line num="68" count="0" type="stmt"/>
          <line num="69" count="0" type="stmt"/>
          <line num="78" count="0" type="stmt"/>
          <line num="90" count="5" type="stmt"/>
          <line num="92" count="5" type="stmt"/>
          <line num="141" count="5" type="stmt"/>
        </file>
        <file name="F8Button.js" path="/Users/natthaphatmaleehuan/Desktop/work/clogii-mobile/js/common/F8Button.js">
          <metrics statements="18" coveredstatements="15" conditionals="8" coveredconditionals="4" methods="1" coveredmethods="1"/>
          <line num="28" count="7" type="stmt"/>
          <line num="29" count="4" type="stmt"/>
          <line num="31" count="7" type="stmt"/>
          <line num="32" count="7" type="stmt"/>
          <line num="33" count="4" type="stmt"/>
          <line num="34" count="7" type="stmt"/>
          <line num="35" count="8" type="stmt"/>
          <line num="47" count="3" type="stmt"/>
          <line num="49" count="3" type="stmt"/>
          <line num="50" count="0" type="stmt"/>
          <line num="53" count="3" type="stmt"/>
          <line num="54" count="3" type="stmt"/>
          <line num="66" count="0" type="stmt"/>
          <line num="67" count="0" type="stmt"/>
          <line num="76" count="3" type="stmt"/>
          <line num="88" count="4" type="stmt"/>
          <line num="90" count="4" type="stmt"/>
          <line num="127" count="4" type="stmt"/>
        </file>
        <file name="F8Colors.js" path="/Users/natthaphatmaleehuan/Desktop/work/clogii-mobile/js/common/F8Colors.js">
          <metrics statements="11" coveredstatements="3" conditionals="4" coveredconditionals="0" methods="2" coveredmethods="0"/>
          <line num="28" count="9" type="stmt"/>
          <line num="40" count="0" type="stmt"/>
          <line num="41" count="0" type="stmt"/>
          <line num="44" count="0" type="stmt"/>
          <line num="45" count="0" type="stmt"/>
          <line num="46" count="0" type="stmt"/>
          <line num="47" count="0" type="stmt"/>
          <line num="49" count="9" type="stmt"/>
          <line num="53" count="0" type="stmt"/>
          <line num="54" count="0" type="stmt"/>
          <line num="57" count="9" type="stmt"/>
        </file>
        <file name="F8Text.js" path="/Users/natthaphatmaleehuan/Desktop/work/clogii-mobile/js/common/F8Text.js">
          <metrics statements="6" coveredstatements="4" conditionals="0" coveredconditionals="0" methods="4" coveredmethods="2"/>
          <line num="33" count="6" type="stmt"/>
          <line num="37" count="0" type="stmt"/>
          <line num="41" count="0" type="stmt"/>
          <line num="44" count="45" type="stmt"/>
          <line num="47" count="36" type="stmt"/>
          <line num="50" count="9" type="stmt"/>
        </file>
        <file name="LoginButton.js" path="/Users/natthaphatmaleehuan/Desktop/work/clogii-mobile/js/common/LoginButton.js">
          <metrics statements="27" coveredstatements="7" conditionals="12" coveredconditionals="0" methods="9" coveredmethods="0"/>
          <line num="26" count="2" type="stmt"/>
          <line num="27" count="2" type="stmt"/>
          <line num="30" count="2" type="stmt"/>
          <line num="31" count="2" type="stmt"/>
          <line num="46" count="0" type="stmt"/>
          <line num="47" count="0" type="stmt"/>
          <line num="51" count="0" type="stmt"/>
          <line num="55" count="0" type="stmt"/>
          <line num="59" count="0" type="stmt"/>
          <line num="60" count="0" type="stmt"/>
          <line num="68" count="0" type="stmt"/>
          <line num="72" count="0" type="stmt"/>
          <line num="78" count="0" type="stmt"/>
          <line num="80" count="0" type="stmt"/>
          <line num="81" count="0" type="stmt"/>
          <line num="82" count="0" type="stmt"/>
          <line num="87" count="0" type="stmt"/>
          <line num="88" count="0" type="stmt"/>
          <line num="89" count="0" type="stmt"/>
          <line num="90" count="0" type="stmt"/>
          <line num="92" count="2" type="stmt"/>
          <line num="94" count="0" type="stmt"/>
          <line num="97" count="0" type="stmt"/>
          <line num="102" count="0" type="stmt"/>
          <line num="103" count="0" type="stmt"/>
          <line num="107" count="2" type="stmt"/>
          <line num="114" count="2" type="stmt"/>
        </file>
        <file name="ProfilePicture.js" path="/Users/natthaphatmaleehuan/Desktop/work/clogii-mobile/js/common/ProfilePicture.js">
          <metrics statements="16" coveredstatements="15" conditionals="12" coveredconditionals="10" methods="1" coveredmethods="1"/>
          <line num="26" count="24" type="stmt"/>
          <line num="27" count="6" type="stmt"/>
          <line num="28" count="24" type="stmt"/>
          <line num="40" count="21" type="stmt"/>
          <line num="41" count="42" type="stmt"/>
          <line num="42" count="21" type="stmt"/>
          <line num="44" count="42" type="stmt"/>
          <line num="45" count="21" type="stmt"/>
          <line num="47" count="24" type="stmt"/>
          <line num="48" count="3" type="stmt"/>
          <line num="50" count="21" type="stmt"/>
          <line num="51" count="0" type="stmt"/>
          <line num="62" count="21" type="stmt"/>
          <line num="63" count="18" type="stmt"/>
          <line num="74" count="3" type="stmt"/>
          <line num="87" count="3" type="stmt"/>
        </file>
        <file name="PureListView.js" path="/Users/natthaphatmaleehuan/Desktop/work/clogii-mobile/js/common/PureListView.js">
          <metrics statements="37" coveredstatements="29" conditionals="16" coveredconditionals="5" methods="13" coveredmethods="6"/>
          <line num="26" count="10" type="stmt"/>
          <line num="27" count="37" type="stmt"/>
          <line num="28" count="3" type="stmt"/>
          <line num="29" count="3" type="stmt"/>
          <line num="30" count="3" type="stmt"/>
          <line num="31" count="10" type="stmt"/>
          <line num="50" count="10" type="stmt"/>
          <line num="56" count="14" type="stmt"/>
          <line num="57" count="7" type="stmt"/>
          <line num="58" count="34" type="stmt"/>
          <line num="59" count="7" type="stmt"/>
          <line num="60" count="0" type="stmt"/>
          <line num="61" count="0" type="stmt"/>
          <line num="64" count="7" type="stmt"/>
          <line num="69" count="7" type="stmt"/>
          <line num="70" count="14" type="stmt"/>
          <line num="74" count="0" type="stmt"/>
          <line num="75" count="7" type="stmt"/>
          <line num="82" count="10" type="stmt"/>
          <line num="83" count="41" type="stmt"/>
          <line num="85" count="14" type="stmt"/>
          <line num="100" count="0" type="stmt"/>
          <line num="101" count="7" type="stmt"/>
          <line num="106" count="7" type="stmt"/>
          <line num="110" count="0" type="stmt"/>
          <line num="114" count="10" type="stmt"/>
          <line num="115" count="0" type="stmt"/>
          <line num="118" count="7" type="stmt"/>
          <line num="122" count="3" type="stmt"/>
          <line num="127" count="34" type="stmt"/>
          <line num="131" count="7" type="stmt"/>
          <line num="132" count="0" type="stmt"/>
          <line num="134" count="7" type="stmt"/>
          <line num="135" count="7" type="stmt"/>
          <line num="137" count="0" type="stmt"/>
          <line num="140" count="3" type="stmt"/>
          <line num="147" count="3" type="stmt"/>
        </file>
        <file name="utils.js" path="/Users/natthaphatmaleehuan/Desktop/work/clogii-mobile/js/common/utils.js">
          <metrics statements="14" coveredstatements="12" conditionals="6" coveredconditionals="5" methods="3" coveredmethods="2"/>
          <line num="1" count="35" type="stmt"/>
          <line num="2" count="131" type="stmt"/>
          <line num="3" count="46" type="stmt"/>
          <line num="4" count="131" type="stmt"/>
          <line num="5" count="66" type="stmt"/>
          <line num="6" count="98" type="stmt"/>
          <line num="7" count="21" type="stmt"/>
          <line num="9" count="98" type="stmt"/>
          <line num="11" count="41" type="stmt"/>
          <line num="14" count="2" type="stmt"/>
          <line num="15" count="0" type="stmt"/>
          <line num="19" count="8" type="stmt"/>
          <line num="20" count="0" type="stmt"/>
          <line num="24" count="8" type="stmt"/>
        </file>
      </package>
      <package name="js.login">
        <metrics statements="133" coveredstatements="108" conditionals="73" coveredconditionals="50" methods="54" coveredmethods="33"/>
        <file name="DashButton.js" path="/Users/natthaphatmaleehuan/Desktop/work/clogii-mobile/js/login/DashButton.js">
          <metrics statements="3" coveredstatements="2" conditionals="2" coveredconditionals="0" methods="3" coveredmethods="1"/>
          <line num="8" count="2" type="stmt"/>
          <line num="9" count="0" type="stmt"/>
          <line num="34" count="4" type="stmt"/>
        </file>
        <file name="EmailLoginScreen.js" path="/Users/natthaphatmaleehuan/Desktop/work/clogii-mobile/js/login/EmailLoginScreen.js">
          <metrics statements="13" coveredstatements="11" conditionals="8" coveredconditionals="8" methods="9" coveredmethods="6"/>
          <line num="12" count="4" type="stmt"/>
          <line num="13" count="4" type="stmt"/>
          <line num="20" count="16" type="stmt"/>
          <line num="21" count="9" type="stmt"/>
          <line num="22" count="8" type="stmt"/>
          <line num="32" count="3" type="stmt"/>
          <line num="44" count="2" type="stmt"/>
          <line num="58" count="3" type="stmt"/>
          <line num="59" count="4" type="stmt"/>
          <line num="60" count="1" type="stmt"/>
          <line num="61" count="2" type="stmt"/>
          <line num="66" count="0" type="stmt"/>
          <line num="73" count="0" type="stmt"/>
        </file>
        <file name="ForgotPasswordScreen.js" path="/Users/natthaphatmaleehuan/Desktop/work/clogii-mobile/js/login/ForgotPasswordScreen.js">
          <metrics statements="11" coveredstatements="11" conditionals="6" coveredconditionals="6" methods="7" coveredmethods="7"/>
          <line num="11" count="8" type="stmt"/>
          <line num="12" count="8" type="stmt"/>
          <line num="19" count="30" type="stmt"/>
          <line num="20" count="16" type="stmt"/>
          <line num="21" count="19" type="stmt"/>
          <line num="31" count="5" type="stmt"/>
          <line num="46" count="6" type="stmt"/>
          <line num="49" count="6" type="stmt"/>
          <line num="51" count="6" type="stmt"/>
          <line num="53" count="2" type="stmt"/>
          <line num="55" count="4" type="stmt"/>
        </file>
        <file name="IndexScreen.js" path="/Users/natthaphatmaleehuan/Desktop/work/clogii-mobile/js/login/IndexScreen.js">
          <metrics statements="16" coveredstatements="10" conditionals="3" coveredconditionals="0" methods="6" coveredmethods="2"/>
          <line num="36" count="3" type="stmt"/>
          <line num="37" count="3" type="stmt"/>
          <line num="38" count="2" type="stmt"/>
          <line num="39" count="2" type="stmt"/>
          <line num="40" count="3" type="stmt"/>
          <line num="42" count="2" type="stmt"/>
          <line num="46" count="1" type="stmt"/>
          <line num="47" count="1" type="stmt"/>
          <line num="53" count="0" type="stmt"/>
          <line num="54" count="0" type="stmt"/>
          <line num="58" count="1" type="stmt"/>
          <line num="79" count="0" type="stmt"/>
          <line num="82" count="0" type="stmt"/>
          <line num="92" count="0" type="stmt"/>
          <line num="93" count="0" type="stmt"/>
          <line num="110" count="2" type="stmt"/>
        </file>
        <file name="LoginScreen.js" path="/Users/natthaphatmaleehuan/Desktop/work/clogii-mobile/js/login/LoginScreen.js">
          <metrics statements="69" coveredstatements="54" conditionals="40" coveredconditionals="23" methods="17" coveredmethods="6"/>
          <line num="16" count="8" type="stmt"/>
          <line num="26" count="14" type="stmt"/>
          <line num="27" count="14" type="stmt"/>
          <line num="28" count="14" type="stmt"/>
          <line num="29" count="14" type="stmt"/>
          <line num="30" count="14" type="stmt"/>
          <line num="31" count="14" type="stmt"/>
          <line num="32" count="7" type="stmt"/>
          <line num="36" count="0" type="stmt"/>
          <line num="37" count="0" type="stmt"/>
          <line num="38" count="0" type="stmt"/>
          <line num="43" count="0" type="stmt"/>
          <line num="44" count="0" type="stmt"/>
          <line num="45" count="0" type="stmt"/>
          <line num="50" count="0" type="stmt"/>
          <line num="51" count="7" type="stmt"/>
          <line num="56" count="7" type="stmt"/>
          <line num="66" count="0" type="stmt"/>
          <line num="67" count="0" type="stmt"/>
          <line num="69" count="0" type="stmt"/>
          <line num="78" count="0" type="stmt"/>
          <line num="79" count="0" type="stmt"/>
          <line num="81" count="0" type="stmt"/>
          <line num="86" count="0" type="stmt"/>
          <line num="94" count="0" type="stmt"/>
          <line num="95" count="6" type="stmt"/>
          <line num="96" count="1" type="stmt"/>
          <line num="106" count="11" type="stmt"/>
          <line num="107" count="2" type="stmt"/>
          <line num="109" count="9" type="stmt"/>
          <line num="110" count="2" type="stmt"/>
          <line num="112" count="7" type="stmt"/>
          <line num="113" count="2" type="stmt"/>
          <line num="121" count="3" type="stmt"/>
          <line num="122" count="3" type="stmt"/>
          <line num="126" count="1" type="stmt"/>
          <line num="129" count="3" type="stmt"/>
          <line num="130" count="1" type="stmt"/>
          <line num="132" count="2" type="stmt"/>
          <line num="136" count="3" type="stmt"/>
          <line num="140" count="2" type="stmt"/>
          <line num="141" count="3" type="stmt"/>
          <line num="142" count="2" type="stmt"/>
          <line num="143" count="1" type="stmt"/>
          <line num="144" count="4" type="stmt"/>
          <line num="145" count="1" type="stmt"/>
          <line num="147" count="4" type="stmt"/>
          <line num="149" count="2" type="stmt"/>
          <line num="150" count="1" type="stmt"/>
          <line num="152" count="2" type="stmt"/>
          <line num="156" count="1" type="stmt"/>
          <line num="160" count="3" type="stmt"/>
          <line num="161" count="1" type="stmt"/>
          <line num="162" count="3" type="stmt"/>
          <line num="165" count="3" type="stmt"/>
          <line num="166" count="2" type="stmt"/>
          <line num="167" count="2" type="stmt"/>
          <line num="170" count="1" type="stmt"/>
          <line num="174" count="3" type="stmt"/>
          <line num="176" count="3" type="stmt"/>
          <line num="177" count="2" type="stmt"/>
          <line num="179" count="1" type="stmt"/>
          <line num="180" count="1" type="stmt"/>
          <line num="181" count="1" type="stmt"/>
          <line num="182" count="1" type="stmt"/>
          <line num="184" count="1" type="stmt"/>
          <line num="189" count="1" type="stmt"/>
          <line num="194" count="1" type="stmt"/>
          <line num="200" count="1" type="stmt"/>
        </file>
        <file name="SignupScreen.js" path="/Users/natthaphatmaleehuan/Desktop/work/clogii-mobile/js/login/SignupScreen.js">
          <metrics statements="17" coveredstatements="17" conditionals="14" coveredconditionals="13" methods="10" coveredmethods="10"/>
          <line num="13" count="12" type="stmt"/>
          <line num="14" count="12" type="stmt"/>
          <line num="20" count="54" type="stmt"/>
          <line num="21" count="32" type="stmt"/>
          <line num="31" count="6" type="stmt"/>
          <line num="41" count="2" type="stmt"/>
          <line num="49" count="7" type="stmt"/>
          <line num="67" count="12" type="stmt"/>
          <line num="70" count="7" type="stmt"/>
          <line num="71" count="2" type="stmt"/>
          <line num="74" count="6" type="stmt"/>
          <line num="76" count="8" type="stmt"/>
          <line num="78" count="5" type="stmt"/>
          <line num="80" count="7" type="stmt"/>
          <line num="82" count="8" type="stmt"/>
          <line num="89" count="6" type="stmt"/>
          <line num="90" count="3" type="stmt"/>
        </file>
        <file name="SuccessScreen.js" path="/Users/natthaphatmaleehuan/Desktop/work/clogii-mobile/js/login/SuccessScreen.js">
          <metrics statements="2" coveredstatements="1" conditionals="0" coveredconditionals="0" methods="2" coveredmethods="1"/>
          <line num="9" count="2" type="stmt"/>
          <line num="13" count="0" type="stmt"/>
        </file>
        <file name="styles.js" path="/Users/natthaphatmaleehuan/Desktop/work/clogii-mobile/js/login/styles.js">
          <metrics statements="2" coveredstatements="2" conditionals="0" coveredconditionals="0" methods="0" coveredmethods="0"/>
          <line num="6" count="5" type="stmt"/>
          <line num="7" count="5" type="stmt"/>
        </file>
      </package>
      <package name="js.reducers">
        <metrics statements="76" coveredstatements="64" conditionals="52" coveredconditionals="30" methods="13" coveredmethods="11"/>
        <file name="createApolloReducer.js" path="/Users/natthaphatmaleehuan/Desktop/work/clogii-mobile/js/reducers/createApolloReducer.js">
          <metrics statements="5" coveredstatements="5" conditionals="4" coveredconditionals="4" methods="2" coveredmethods="2"/>
          <line num="36" count="2" type="stmt"/>
          <line num="37" count="4" type="stmt"/>
          <line num="39" count="2" type="stmt"/>
          <line num="41" count="2" type="stmt"/>
          <line num="45" count="2" type="stmt"/>
        </file>
        <file name="maps.js" path="/Users/natthaphatmaleehuan/Desktop/work/clogii-mobile/js/reducers/maps.js">
          <metrics statements="3" coveredstatements="3" conditionals="0" coveredconditionals="0" methods="1" coveredmethods="1"/>
          <line num="27" count="2" type="stmt"/>
          <line num="38" count="2" type="stmt"/>
          <line num="41" count="1" type="stmt"/>
        </file>
        <file name="notifications.js" path="/Users/natthaphatmaleehuan/Desktop/work/clogii-mobile/js/reducers/notifications.js">
          <metrics statements="23" coveredstatements="16" conditionals="16" coveredconditionals="9" methods="5" coveredmethods="3"/>
          <line num="27" count="5" type="stmt"/>
          <line num="28" count="1" type="stmt"/>
          <line num="55" count="3" type="stmt"/>
          <line num="66" count="4" type="stmt"/>
          <line num="68" count="1" type="stmt"/>
          <line num="69" count="0" type="stmt"/>
          <line num="72" count="2" type="stmt"/>
          <line num="75" count="0" type="stmt"/>
          <line num="78" count="0" type="stmt"/>
          <line num="81" count="1" type="stmt"/>
          <line num="84" count="2" type="stmt"/>
          <line num="87" count="1" type="stmt"/>
          <line num="90" count="1" type="stmt"/>
          <line num="93" count="2" type="stmt"/>
          <line num="98" count="2" type="stmt"/>
          <line num="99" count="2" type="stmt"/>
          <line num="100" count="2" type="stmt"/>
          <line num="102" count="1" type="stmt"/>
          <line num="106" count="0" type="stmt"/>
          <line num="107" count="0" type="stmt"/>
          <line num="108" count="0" type="stmt"/>
          <line num="110" count="0" type="stmt"/>
          <line num="113" count="1" type="stmt"/>
        </file>
        <file name="schedule.js" path="/Users/natthaphatmaleehuan/Desktop/work/clogii-mobile/js/reducers/schedule.js">
          <metrics statements="14" coveredstatements="14" conditionals="5" coveredconditionals="5" methods="2" coveredmethods="2"/>
          <line num="34" count="12" type="stmt"/>
          <line num="36" count="4" type="stmt"/>
          <line num="37" count="4" type="stmt"/>
          <line num="38" count="3" type="stmt"/>
          <line num="41" count="2" type="stmt"/>
          <line num="42" count="2" type="stmt"/>
          <line num="43" count="2" type="stmt"/>
          <line num="46" count="3" type="stmt"/>
          <line num="49" count="2" type="stmt"/>
          <line num="50" count="2" type="stmt"/>
          <line num="51" count="3" type="stmt"/>
          <line num="53" count="1" type="stmt"/>
          <line num="55" count="1" type="stmt"/>
          <line num="58" count="1" type="stmt"/>
        </file>
        <file name="user.js" path="/Users/natthaphatmaleehuan/Desktop/work/clogii-mobile/js/reducers/user.js">
          <metrics statements="31" coveredstatements="26" conditionals="27" coveredconditionals="12" methods="3" coveredmethods="3"/>
          <line num="45" count="4" type="stmt"/>
          <line num="59" count="4" type="stmt"/>
          <line num="60" count="3" type="stmt"/>
          <line num="69" count="5" type="stmt"/>
          <line num="73" count="4" type="stmt"/>
          <line num="74" count="3" type="stmt"/>
          <line num="75" count="2" type="stmt"/>
          <line num="82" count="3" type="stmt"/>
          <line num="83" count="1" type="stmt"/>
          <line num="89" count="1" type="stmt"/>
          <line num="90" count="0" type="stmt"/>
          <line num="91" count="1" type="stmt"/>
          <line num="92" count="0" type="stmt"/>
          <line num="94" count="1" type="stmt"/>
          <line num="108" count="1" type="stmt"/>
          <line num="109" count="1" type="stmt"/>
          <line num="117" count="4" type="stmt"/>
          <line num="118" count="3" type="stmt"/>
          <line num="120" count="4" type="stmt"/>
          <line num="124" count="3" type="stmt"/>
          <line num="125" count="3" type="stmt"/>
          <line num="126" count="6" type="stmt"/>
          <line num="127" count="0" type="stmt"/>
          <line num="128" count="3" type="stmt"/>
          <line num="129" count="0" type="stmt"/>
          <line num="136" count="6" type="stmt"/>
          <line num="137" count="1" type="stmt"/>
          <line num="142" count="3" type="stmt"/>
          <line num="143" count="0" type="stmt"/>
          <line num="145" count="3" type="stmt"/>
          <line num="148" count="1" type="stmt"/>
        </file>
      </package>
      <package name="js.store">
        <metrics statements="9" coveredstatements="7" conditionals="6" coveredconditionals="4" methods="7" coveredmethods="6"/>
        <file name="apollo.js" path="/Users/natthaphatmaleehuan/Desktop/work/clogii-mobile/js/store/apollo.js">
          <metrics statements="3" coveredstatements="3" conditionals="0" coveredconditionals="0" methods="0" coveredmethods="0"/>
          <line num="5" count="6" type="stmt"/>
          <line num="7" count="3" type="stmt"/>
          <line num="11" count="3" type="stmt"/>
        </file>
        <file name="array.js" path="/Users/natthaphatmaleehuan/Desktop/work/clogii-mobile/js/store/array.js">
          <metrics statements="2" coveredstatements="2" conditionals="2" coveredconditionals="2" methods="3" coveredmethods="3"/>
          <line num="25" count="16" type="stmt"/>
          <line num="26" count="16" type="stmt"/>
        </file>
        <file name="promise.js" path="/Users/natthaphatmaleehuan/Desktop/work/clogii-mobile/js/store/promise.js">
          <metrics statements="4" coveredstatements="2" conditionals="4" coveredconditionals="2" methods="4" coveredmethods="3"/>
          <line num="26" count="0" type="stmt"/>
          <line num="27" count="0" type="stmt"/>
          <line num="30" count="16" type="stmt"/>
          <line num="31" count="16" type="stmt"/>
        </file>
      </package>
      <package name="js.tabs.profile">
        <metrics statements="10" coveredstatements="10" conditionals="0" coveredconditionals="0" methods="0" coveredmethods="0"/>
        <file name="common.js" path="/Users/natthaphatmaleehuan/Desktop/work/clogii-mobile/js/tabs/profile/common.js">
          <metrics statements="2" coveredstatements="2" conditionals="0" coveredconditionals="0" methods="0" coveredmethods="0"/>
          <line num="3" count="8" type="stmt"/>
          <line num="10" count="8" type="stmt"/>
        </file>
        <file name="mockData.js" path="/Users/natthaphatmaleehuan/Desktop/work/clogii-mobile/js/tabs/profile/mockData.js">
          <metrics statements="8" coveredstatements="8" conditionals="0" coveredconditionals="0" methods="0" coveredmethods="0"/>
          <line num="1" count="3" type="stmt"/>
          <line num="7" count="3" type="stmt"/>
          <line num="8" count="3" type="stmt"/>
          <line num="9" count="3" type="stmt"/>
          <line num="10" count="3" type="stmt"/>
          <line num="11" count="3" type="stmt"/>
          <line num="31" count="3" type="stmt"/>
          <line num="52" count="3" type="stmt"/>
        </file>
      </package>
      <package name="js.tabs.profile.components">
        <metrics statements="98" coveredstatements="96" conditionals="58" coveredconditionals="43" methods="56" coveredmethods="51"/>
        <file name="ActivityScreen.js" path="/Users/natthaphatmaleehuan/Desktop/work/clogii-mobile/js/tabs/profile/components/ActivityScreen.js">
          <metrics statements="7" coveredstatements="6" conditionals="6" coveredconditionals="2" methods="4" coveredmethods="3"/>
          <line num="18" count="4" type="stmt"/>
          <line num="19" count="3" type="stmt"/>
          <line num="21" count="3" type="stmt"/>
          <line num="76" count="1" type="stmt"/>
          <line num="77" count="0" type="stmt"/>
          <line num="81" count="1" type="stmt"/>
          <line num="88" count="2" type="stmt"/>
        </file>
        <file name="BookmarkScreen.js" path="/Users/natthaphatmaleehuan/Desktop/work/clogii-mobile/js/tabs/profile/components/BookmarkScreen.js">
          <metrics statements="9" coveredstatements="9" conditionals="4" coveredconditionals="1" methods="6" coveredmethods="5"/>
          <line num="18" count="4" type="stmt"/>
          <line num="20" count="3" type="stmt"/>
          <line num="49" count="2" type="stmt"/>
          <line num="50" count="1" type="stmt"/>
          <line num="57" count="3" type="stmt"/>
          <line num="59" count="2" type="stmt"/>
          <line num="63" count="2" type="stmt"/>
          <line num="71" count="2" type="stmt"/>
          <line num="79" count="2" type="stmt"/>
        </file>
        <file name="CircleImageWithCategory.js" path="/Users/natthaphatmaleehuan/Desktop/work/clogii-mobile/js/tabs/profile/components/CircleImageWithCategory.js">
          <metrics statements="1" coveredstatements="1" conditionals="0" coveredconditionals="0" methods="1" coveredmethods="1"/>
          <line num="9" count="10" type="stmt"/>
        </file>
        <file name="DatePickerDialog.js" path="/Users/natthaphatmaleehuan/Desktop/work/clogii-mobile/js/tabs/profile/components/DatePickerDialog.js">
          <metrics statements="29" coveredstatements="29" conditionals="14" coveredconditionals="13" methods="11" coveredmethods="11"/>
          <line num="16" count="10" type="stmt"/>
          <line num="17" count="10" type="stmt"/>
          <line num="21" count="10" type="stmt"/>
          <line num="22" count="10" type="stmt"/>
          <line num="26" count="6" type="stmt"/>
          <line num="27" count="6" type="stmt"/>
          <line num="28" count="2" type="stmt"/>
          <line num="29" count="2" type="stmt"/>
          <line num="30" count="3" type="stmt"/>
          <line num="33" count="2" type="stmt"/>
          <line num="34" count="2" type="stmt"/>
          <line num="36" count="4" type="stmt"/>
          <line num="40" count="4" type="stmt"/>
          <line num="41" count="4" type="stmt"/>
          <line num="42" count="4" type="stmt"/>
          <line num="47" count="4" type="stmt"/>
          <line num="48" count="4" type="stmt"/>
          <line num="49" count="3" type="stmt"/>
          <line num="55" count="2" type="stmt"/>
          <line num="56" count="2" type="stmt"/>
          <line num="60" count="2" type="stmt"/>
          <line num="61" count="11" type="stmt"/>
          <line num="65" count="12" type="stmt"/>
          <line num="66" count="10" type="stmt"/>
          <line num="68" count="9" type="stmt"/>
          <line num="74" count="2" type="stmt"/>
          <line num="77" count="2" type="stmt"/>
          <line num="80" count="1" type="stmt"/>
          <line num="89" count="3" type="stmt"/>
        </file>
        <file name="JellyShopScreen.js" path="/Users/natthaphatmaleehuan/Desktop/work/clogii-mobile/js/tabs/profile/components/JellyShopScreen.js">
          <metrics statements="8" coveredstatements="7" conditionals="4" coveredconditionals="2" methods="5" coveredmethods="4"/>
          <line num="17" count="15" type="stmt"/>
          <line num="29" count="3" type="stmt"/>
          <line num="37" count="8" type="stmt"/>
          <line num="50" count="1" type="stmt"/>
          <line num="53" count="0" type="stmt"/>
          <line num="55" count="1" type="stmt"/>
          <line num="77" count="2" type="stmt"/>
          <line num="81" count="2" type="stmt"/>
        </file>
        <file name="ModalSpinner.js" path="/Users/natthaphatmaleehuan/Desktop/work/clogii-mobile/js/tabs/profile/components/ModalSpinner.js">
          <metrics statements="1" coveredstatements="1" conditionals="0" coveredconditionals="0" methods="1" coveredmethods="1"/>
          <line num="9" count="8" type="stmt"/>
        </file>
        <file name="MyClogScreen.js" path="/Users/natthaphatmaleehuan/Desktop/work/clogii-mobile/js/tabs/profile/components/MyClogScreen.js">
          <metrics statements="5" coveredstatements="5" conditionals="2" coveredconditionals="0" methods="4" coveredmethods="3"/>
          <line num="19" count="4" type="stmt"/>
          <line num="44" count="1" type="stmt"/>
          <line num="45" count="2" type="stmt"/>
          <line num="49" count="2" type="stmt"/>
          <line num="56" count="2" type="stmt"/>
        </file>
        <file name="NavBar.js" path="/Users/natthaphatmaleehuan/Desktop/work/clogii-mobile/js/tabs/profile/components/NavBar.js">
          <metrics statements="5" coveredstatements="5" conditionals="6" coveredconditionals="6" methods="3" coveredmethods="3"/>
          <line num="14" count="19" type="stmt"/>
          <line num="18" count="13" type="stmt"/>
          <line num="20" count="2" type="stmt"/>
          <line num="26" count="1" type="stmt"/>
          <line num="36" count="7" type="stmt"/>
        </file>
        <file name="ProfileCover.js" path="/Users/natthaphatmaleehuan/Desktop/work/clogii-mobile/js/tabs/profile/components/ProfileCover.js">
          <metrics statements="4" coveredstatements="4" conditionals="6" coveredconditionals="5" methods="1" coveredmethods="1"/>
          <line num="6" count="9" type="stmt"/>
          <line num="11" count="7" type="stmt"/>
          <line num="12" count="6" type="stmt"/>
          <line num="18" count="5" type="stmt"/>
        </file>
        <file name="ProfileHeader.js" path="/Users/natthaphatmaleehuan/Desktop/work/clogii-mobile/js/tabs/profile/components/ProfileHeader.js">
          <metrics statements="2" coveredstatements="2" conditionals="0" coveredconditionals="0" methods="1" coveredmethods="1"/>
          <line num="12" count="6" type="stmt"/>
          <line num="23" count="3" type="stmt"/>
        </file>
        <file name="SecureContainer.js" path="/Users/natthaphatmaleehuan/Desktop/work/clogii-mobile/js/tabs/profile/components/SecureContainer.js">
          <metrics statements="10" coveredstatements="10" conditionals="4" coveredconditionals="4" methods="6" coveredmethods="6"/>
          <line num="14" count="12" type="stmt"/>
          <line num="15" count="12" type="stmt"/>
          <line num="23" count="20" type="stmt"/>
          <line num="24" count="2" type="stmt"/>
          <line num="26" count="18" type="stmt"/>
          <line num="34" count="4" type="stmt"/>
          <line num="43" count="4" type="stmt"/>
          <line num="44" count="2" type="stmt"/>
          <line num="46" count="2" type="stmt"/>
          <line num="57" count="4" type="stmt"/>
        </file>
        <file name="UserContainer.js" path="/Users/natthaphatmaleehuan/Desktop/work/clogii-mobile/js/tabs/profile/components/UserContainer.js">
          <metrics statements="17" coveredstatements="17" conditionals="12" coveredconditionals="10" methods="13" coveredmethods="12"/>
          <line num="17" count="11" type="stmt"/>
          <line num="18" count="5" type="stmt"/>
          <line num="20" count="15" type="stmt"/>
          <line num="26" count="5" type="stmt"/>
          <line num="32" count="20" type="stmt"/>
          <line num="47" count="8" type="stmt"/>
          <line num="53" count="12" type="stmt"/>
          <line num="71" count="4" type="stmt"/>
          <line num="73" count="6" type="stmt"/>
          <line num="77" count="18" type="stmt"/>
          <line num="99" count="1" type="stmt"/>
          <line num="101" count="6" type="stmt"/>
          <line num="109" count="1" type="stmt"/>
          <line num="111" count="6" type="stmt"/>
          <line num="119" count="1" type="stmt"/>
          <line num="121" count="6" type="stmt"/>
          <line num="127" count="2" type="stmt"/>
        </file>
      </package>
      <package name="js.tabs.profile.containers">
        <metrics statements="158" coveredstatements="138" conditionals="114" coveredconditionals="87" methods="69" coveredmethods="54"/>
        <file name="ChangeEmailScreen.js" path="/Users/natthaphatmaleehuan/Desktop/work/clogii-mobile/js/tabs/profile/containers/ChangeEmailScreen.js">
          <metrics statements="20" coveredstatements="18" conditionals="12" coveredconditionals="9" methods="10" coveredmethods="8"/>
          <line num="22" count="10" type="stmt"/>
          <line num="23" count="10" type="stmt"/>
          <line num="32" count="40" type="stmt"/>
          <line num="36" count="0" type="stmt"/>
          <line num="38" count="0" type="stmt"/>
          <line num="50" count="8" type="stmt"/>
          <line num="63" count="8" type="stmt"/>
          <line num="71" count="8" type="stmt"/>
          <line num="78" count="8" type="stmt"/>
          <line num="79" count="8" type="stmt"/>
          <line num="80" count="5" type="stmt"/>
          <line num="84" count="5" type="stmt"/>
          <line num="85" count="4" type="stmt"/>
          <line num="89" count="3" type="stmt"/>
          <line num="91" count="5" type="stmt"/>
          <line num="92" count="3" type="stmt"/>
          <line num="95" count="2" type="stmt"/>
          <line num="97" count="1" type="stmt"/>
          <line num="105" count="2" type="stmt"/>
          <line num="119" count="2" type="stmt"/>
        </file>
        <file name="ChangePasswordScreen.js" path="/Users/natthaphatmaleehuan/Desktop/work/clogii-mobile/js/tabs/profile/containers/ChangePasswordScreen.js">
          <metrics statements="22" coveredstatements="18" conditionals="16" coveredconditionals="9" methods="11" coveredmethods="8"/>
          <line num="22" count="10" type="stmt"/>
          <line num="23" count="10" type="stmt"/>
          <line num="32" count="0" type="stmt"/>
          <line num="33" count="0" type="stmt"/>
          <line num="38" count="40" type="stmt"/>
          <line num="42" count="0" type="stmt"/>
          <line num="44" count="0" type="stmt"/>
          <line num="57" count="8" type="stmt"/>
          <line num="71" count="8" type="stmt"/>
          <line num="79" count="8" type="stmt"/>
          <line num="86" count="8" type="stmt"/>
          <line num="87" count="8" type="stmt"/>
          <line num="88" count="5" type="stmt"/>
          <line num="92" count="5" type="stmt"/>
          <line num="93" count="4" type="stmt"/>
          <line num="97" count="3" type="stmt"/>
          <line num="99" count="5" type="stmt"/>
          <line num="100" count="3" type="stmt"/>
          <line num="103" count="2" type="stmt"/>
          <line num="105" count="1" type="stmt"/>
          <line num="113" count="2" type="stmt"/>
          <line num="127" count="2" type="stmt"/>
        </file>
        <file name="ProfileEditorScreen.js" path="/Users/natthaphatmaleehuan/Desktop/work/clogii-mobile/js/tabs/profile/containers/ProfileEditorScreen.js">
          <metrics statements="60" coveredstatements="46" conditionals="40" coveredconditionals="26" methods="31" coveredmethods="23"/>
          <line num="30" count="16" type="stmt"/>
          <line num="31" count="16" type="stmt"/>
          <line num="43" count="40" type="stmt"/>
          <line num="49" count="0" type="stmt"/>
          <line num="58" count="0" type="stmt"/>
          <line num="60" count="4" type="stmt"/>
          <line num="63" count="4" type="stmt"/>
          <line num="65" count="4" type="stmt"/>
          <line num="68" count="4" type="stmt"/>
          <line num="80" count="2" type="stmt"/>
          <line num="83" count="2" type="stmt"/>
          <line num="97" count="0" type="stmt"/>
          <line num="108" count="2" type="stmt"/>
          <line num="116" count="2" type="stmt"/>
          <line num="124" count="0" type="stmt"/>
          <line num="127" count="4" type="stmt"/>
          <line num="130" count="0" type="stmt"/>
          <line num="133" count="0" type="stmt"/>
          <line num="142" count="4" type="stmt"/>
          <line num="145" count="4" type="stmt"/>
          <line num="146" count="2" type="stmt"/>
          <line num="147" count="2" type="stmt"/>
          <line num="153" count="2" type="stmt"/>
          <line num="154" count="2" type="stmt"/>
          <line num="162" count="2" type="stmt"/>
          <line num="163" count="2" type="stmt"/>
          <line num="164" count="2" type="stmt"/>
          <line num="165" count="0" type="stmt"/>
          <line num="167" count="2" type="stmt"/>
          <line num="168" count="0" type="stmt"/>
          <line num="170" count="2" type="stmt"/>
          <line num="171" count="0" type="stmt"/>
          <line num="174" count="2" type="stmt"/>
          <line num="178" count="2" type="stmt"/>
          <line num="184" count="2" type="stmt"/>
          <line num="185" count="2" type="stmt"/>
          <line num="186" count="2" type="stmt"/>
          <line num="187" count="0" type="stmt"/>
          <line num="189" count="2" type="stmt"/>
          <line num="190" count="0" type="stmt"/>
          <line num="192" count="2" type="stmt"/>
          <line num="193" count="0" type="stmt"/>
          <line num="196" count="2" type="stmt"/>
          <line num="200" count="2" type="stmt"/>
          <line num="206" count="2" type="stmt"/>
          <line num="207" count="2" type="stmt"/>
          <line num="214" count="2" type="stmt"/>
          <line num="215" count="2" type="stmt"/>
          <line num="227" count="2" type="stmt"/>
          <line num="228" count="0" type="stmt"/>
          <line num="230" count="2" type="stmt"/>
          <line num="231" count="2" type="stmt"/>
          <line num="233" count="2" type="stmt"/>
          <line num="234" count="0" type="stmt"/>
          <line num="236" count="2" type="stmt"/>
          <line num="239" count="2" type="stmt"/>
          <line num="242" count="2" type="stmt"/>
          <line num="247" count="2" type="stmt"/>
          <line num="314" count="2" type="stmt"/>
          <line num="325" count="2" type="stmt"/>
        </file>
        <file name="ProfileScreen.js" path="/Users/natthaphatmaleehuan/Desktop/work/clogii-mobile/js/tabs/profile/containers/ProfileScreen.js">
          <metrics statements="56" coveredstatements="56" conditionals="46" coveredconditionals="43" methods="17" coveredmethods="15"/>
          <line num="28" count="7" type="stmt"/>
          <line num="61" count="1" type="stmt"/>
          <line num="62" count="8" type="stmt"/>
          <line num="63" count="5" type="stmt"/>
          <line num="76" count="6" type="stmt"/>
          <line num="77" count="7" type="stmt"/>
          <line num="112" count="10" type="stmt"/>
          <line num="113" count="17" type="stmt"/>
          <line num="114" count="6" type="stmt"/>
          <line num="118" count="16" type="stmt"/>
          <line num="128" count="13" type="stmt"/>
          <line num="129" count="22" type="stmt"/>
          <line num="130" count="2" type="stmt"/>
          <line num="132" count="20" type="stmt"/>
          <line num="133" count="2" type="stmt"/>
          <line num="135" count="18" type="stmt"/>
          <line num="136" count="2" type="stmt"/>
          <line num="138" count="16" type="stmt"/>
          <line num="139" count="2" type="stmt"/>
          <line num="141" count="14" type="stmt"/>
          <line num="142" count="2" type="stmt"/>
          <line num="144" count="12" type="stmt"/>
          <line num="145" count="2" type="stmt"/>
          <line num="147" count="10" type="stmt"/>
          <line num="148" count="2" type="stmt"/>
          <line num="150" count="8" type="stmt"/>
          <line num="151" count="2" type="stmt"/>
          <line num="153" count="6" type="stmt"/>
          <line num="154" count="6" type="stmt"/>
          <line num="156" count="4" type="stmt"/>
          <line num="157" count="6" type="stmt"/>
          <line num="159" count="3" type="stmt"/>
          <line num="169" count="10" type="stmt"/>
          <line num="170" count="6" type="stmt"/>
          <line num="171" count="6" type="stmt"/>
          <line num="173" count="6" type="stmt"/>
          <line num="174" count="6" type="stmt"/>
          <line num="176" count="6" type="stmt"/>
          <line num="177" count="2" type="stmt"/>
          <line num="179" count="6" type="stmt"/>
          <line num="180" count="9" type="stmt"/>
          <line num="182" count="13" type="stmt"/>
          <line num="183" count="9" type="stmt"/>
          <line num="188" count="2" type="stmt"/>
          <line num="192" count="2" type="stmt"/>
          <line num="198" count="9" type="stmt"/>
          <line num="199" count="9" type="stmt"/>
          <line num="203" count="21" type="stmt"/>
          <line num="204" count="8" type="stmt"/>
          <line num="211" count="1" type="stmt"/>
          <line num="224" count="1" type="stmt"/>
          <line num="225" count="1" type="stmt"/>
          <line num="226" count="1" type="stmt"/>
          <line num="242" count="13" type="stmt"/>
          <line num="251" count="1" type="stmt"/>
          <line num="309" count="1" type="stmt"/>
        </file>
      </package>
      <package name="js.tabs.schedule">
        <metrics statements="27" coveredstatements="27" conditionals="14" coveredconditionals="12" methods="3" coveredmethods="3"/>
        <file name="formatDuration.js" path="/Users/natthaphatmaleehuan/Desktop/work/clogii-mobile/js/tabs/schedule/formatDuration.js">
          <metrics statements="17" coveredstatements="17" conditionals="8" coveredconditionals="8" methods="2" coveredmethods="2"/>
          <line num="26" count="4" type="stmt"/>
          <line num="29" count="4" type="stmt"/>
          <line num="30" count="3" type="stmt"/>
          <line num="32" count="7" type="stmt"/>
          <line num="36" count="6" type="stmt"/>
          <line num="37" count="9" type="stmt"/>
          <line num="38" count="8" type="stmt"/>
          <line num="40" count="8" type="stmt"/>
          <line num="41" count="5" type="stmt"/>
          <line num="44" count="6" type="stmt"/>
          <line num="45" count="8" type="stmt"/>
          <line num="46" count="4" type="stmt"/>
          <line num="47" count="3" type="stmt"/>
          <line num="50" count="4" type="stmt"/>
          <line num="51" count="2" type="stmt"/>
          <line num="54" count="4" type="stmt"/>
          <line num="57" count="1" type="stmt"/>
        </file>
        <file name="formatTime.js" path="/Users/natthaphatmaleehuan/Desktop/work/clogii-mobile/js/tabs/schedule/formatTime.js">
          <metrics statements="10" coveredstatements="10" conditionals="6" coveredconditionals="4" methods="1" coveredmethods="1"/>
          <line num="27" count="6" type="stmt"/>
          <line num="28" count="6" type="stmt"/>
          <line num="29" count="6" type="stmt"/>
          <line num="30" count="6" type="stmt"/>
          <line num="31" count="5" type="stmt"/>
          <line num="32" count="3" type="stmt"/>
          <line num="33" count="3" type="stmt"/>
          <line num="34" count="3" type="stmt"/>
          <line num="36" count="3" type="stmt"/>
          <line num="39" count="2" type="stmt"/>
        </file>
      </package>
    </metrics>
  </project>
</coverage>
