{"/Users/natthaphatmaleehuan/Desktop/work/clogii-mobile/js/env.js": {"path":"/Users/natthaphatmaleehuan/Desktop/work/clogii-mobile/js/env.js","statementMap":{"0":{"start":{"line":27,"column":0},"end":{"line":32,"column":2}}},"fnMap":{},"branchMap":{},"s":{"0":22},"f":{},"b":{},"_coverageSchema":"332fd63041d2c1bcb487cc26dd0d5f7d97098a6c","hash":"b3ef8f07f7ebfe5fb00db1ae2202307e259a6cd7"}
,"/Users/natthaphatmaleehuan/Desktop/work/clogii-mobile/js/actions/apollo.js": {"path":"/Users/natthaphatmaleehuan/Desktop/work/clogii-mobile/js/actions/apollo.js","statementMap":{"0":{"start":{"line":3,"column":17},"end":{"line":3,"column":36}},"1":{"start":{"line":6,"column":2},"end":{"line":22,"column":4}},"2":{"start":{"line":7,"column":4},"end":{"line":21,"column":23}},"3":{"start":{"line":8,"column":31},"end":{"line":8,"column":44}},"4":{"start":{"line":10,"column":6},"end":{"line":16,"column":7}},"5":{"start":{"line":11,"column":8},"end":{"line":15,"column":9}},"6":{"start":{"line":12,"column":10},"end":{"line":12,"column":69}},"7":{"start":{"line":12,"column":35},"end":{"line":12,"column":67}},"8":{"start":{"line":14,"column":10},"end":{"line":14,"column":33}},"9":{"start":{"line":18,"column":6},"end":{"line":20,"column":7}},"10":{"start":{"line":19,"column":8},"end":{"line":19,"column":65}}},"fnMap":{"0":{"name":"loadApolloQuery","decl":{"start":{"line":5,"column":24},"end":{"line":5,"column":39}},"loc":{"start":{"line":5,"column":53},"end":{"line":23,"column":1}}},"1":{"name":"(anonymous_1)","decl":{"start":{"line":6,"column":9},"end":{"line":6,"column":10}},"loc":{"start":{"line":6,"column":23},"end":{"line":22,"column":3}}},"2":{"name":"(anonymous_2)","decl":{"start":{"line":7,"column":22},"end":{"line":7,"column":23}},"loc":{"start":{"line":7,"column":41},"end":{"line":21,"column":5}}},"3":{"name":"(anonymous_3)","decl":{"start":{"line":12,"column":23},"end":{"line":12,"column":24}},"loc":{"start":{"line":12,"column":35},"end":{"line":12,"column":67}}}},"branchMap":{"0":{"loc":{"start":{"line":10,"column":6},"end":{"line":16,"column":7}},"type":"if","locations":[{"start":{"line":10,"column":6},"end":{"line":16,"column":7}},{"start":{"line":10,"column":6},"end":{"line":16,"column":7}}]},"1":{"loc":{"start":{"line":11,"column":8},"end":{"line":15,"column":9}},"type":"if","locations":[{"start":{"line":11,"column":8},"end":{"line":15,"column":9}},{"start":{"line":11,"column":8},"end":{"line":15,"column":9}}]},"2":{"loc":{"start":{"line":18,"column":6},"end":{"line":20,"column":7}},"type":"if","locations":[{"start":{"line":18,"column":6},"end":{"line":20,"column":7}},{"start":{"line":18,"column":6},"end":{"line":20,"column":7}}]}},"s":{"0":3,"1":0,"2":0,"3":0,"4":0,"5":0,"6":0,"7":0,"8":0,"9":0,"10":0},"f":{"0":0,"1":0,"2":0,"3":0},"b":{"0":[0,0],"1":[0,0],"2":[0,0]},"_coverageSchema":"332fd63041d2c1bcb487cc26dd0d5f7d97098a6c","hash":"56f14ccf7668d7955069d2c7205ef33cdc5e11a9"}
,"/Users/natthaphatmaleehuan/Desktop/work/clogii-mobile/js/actions/changeProfile.js": {"path":"/Users/natthaphatmaleehuan/Desktop/work/clogii-mobile/js/actions/changeProfile.js","statementMap":{"0":{"start":{"line":10,"column":15},"end":{"line":10,"column":46}},"1":{"start":{"line":11,"column":2},"end":{"line":13,"column":3}},"2":{"start":{"line":12,"column":4},"end":{"line":12,"column":37}},"3":{"start":{"line":14,"column":2},"end":{"line":14,"column":14}},"4":{"start":{"line":18,"column":15},"end":{"line":18,"column":30}},"5":{"start":{"line":19,"column":2},"end":{"line":19,"column":36}},"6":{"start":{"line":20,"column":2},"end":{"line":20,"column":20}},"7":{"start":{"line":24,"column":15},"end":{"line":24,"column":30}},"8":{"start":{"line":25,"column":2},"end":{"line":25,"column":33}},"9":{"start":{"line":26,"column":2},"end":{"line":26,"column":30}},"10":{"start":{"line":27,"column":2},"end":{"line":27,"column":20}},"11":{"start":{"line":30,"column":27},"end":{"line":34,"column":1}},"12":{"start":{"line":30,"column":41},"end":{"line":34,"column":1}},"13":{"start":{"line":31,"column":2},"end":{"line":33,"column":5}},"14":{"start":{"line":32,"column":4},"end":{"line":32,"column":37}},"15":{"start":{"line":37,"column":2},"end":{"line":39,"column":4}},"16":{"start":{"line":43,"column":15},"end":{"line":43,"column":30}},"17":{"start":{"line":44,"column":2},"end":{"line":44,"column":36}},"18":{"start":{"line":45,"column":2},"end":{"line":45,"column":20}},"19":{"start":{"line":48,"column":30},"end":{"line":52,"column":1}},"20":{"start":{"line":48,"column":47},"end":{"line":52,"column":1}},"21":{"start":{"line":49,"column":2},"end":{"line":51,"column":5}},"22":{"start":{"line":50,"column":4},"end":{"line":50,"column":32}},"23":{"start":{"line":55,"column":2},"end":{"line":57,"column":4}},"24":{"start":{"line":61,"column":15},"end":{"line":61,"column":30}},"25":{"start":{"line":62,"column":2},"end":{"line":67,"column":3}},"26":{"start":{"line":63,"column":19},"end":{"line":63,"column":43}},"27":{"start":{"line":64,"column":17},"end":{"line":64,"column":81}},"28":{"start":{"line":65,"column":4},"end":{"line":65,"column":22}},"29":{"start":{"line":66,"column":4},"end":{"line":66,"column":37}},"30":{"start":{"line":68,"column":2},"end":{"line":73,"column":3}},"31":{"start":{"line":69,"column":19},"end":{"line":69,"column":41}},"32":{"start":{"line":70,"column":17},"end":{"line":70,"column":79}},"33":{"start":{"line":71,"column":4},"end":{"line":71,"column":22}},"34":{"start":{"line":72,"column":4},"end":{"line":72,"column":35}},"35":{"start":{"line":74,"column":2},"end":{"line":74,"column":27}},"36":{"start":{"line":75,"column":2},"end":{"line":75,"column":29}},"37":{"start":{"line":76,"column":2},"end":{"line":78,"column":5}},"38":{"start":{"line":77,"column":4},"end":{"line":77,"column":29}},"39":{"start":{"line":82,"column":2},"end":{"line":82,"column":20}},"40":{"start":{"line":83,"column":2},"end":{"line":83,"column":28}},"41":{"start":{"line":86,"column":35},"end":{"line":104,"column":1}},"42":{"start":{"line":86,"column":94},"end":{"line":104,"column":1}},"43":{"start":{"line":87,"column":2},"end":{"line":103,"column":4}},"44":{"start":{"line":95,"column":6},"end":{"line":101,"column":10}},"45":{"start":{"line":107,"column":2},"end":{"line":110,"column":4}},"46":{"start":{"line":114,"column":2},"end":{"line":117,"column":4}}},"fnMap":{"0":{"name":"getUser","decl":{"start":{"line":9,"column":15},"end":{"line":9,"column":22}},"loc":{"start":{"line":9,"column":25},"end":{"line":15,"column":1}}},"1":{"name":"_changePassword","decl":{"start":{"line":17,"column":15},"end":{"line":17,"column":30}},"loc":{"start":{"line":17,"column":44},"end":{"line":21,"column":1}}},"2":{"name":"_changeEmail","decl":{"start":{"line":23,"column":15},"end":{"line":23,"column":27}},"loc":{"start":{"line":23,"column":38},"end":{"line":28,"column":1}}},"3":{"name":"(anonymous_3)","decl":{"start":{"line":30,"column":27},"end":{"line":30,"column":28}},"loc":{"start":{"line":30,"column":41},"end":{"line":34,"column":1}}},"4":{"name":"(anonymous_4)","decl":{"start":{"line":30,"column":41},"end":{"line":30,"column":42}},"loc":{"start":{"line":30,"column":53},"end":{"line":34,"column":1}}},"5":{"name":"(anonymous_5)","decl":{"start":{"line":31,"column":37},"end":{"line":31,"column":38}},"loc":{"start":{"line":31,"column":43},"end":{"line":33,"column":3}}},"6":{"name":"changedEmail","decl":{"start":{"line":36,"column":9},"end":{"line":36,"column":21}},"loc":{"start":{"line":36,"column":24},"end":{"line":40,"column":1}}},"7":{"name":"_changePassword","decl":{"start":{"line":42,"column":15},"end":{"line":42,"column":30}},"loc":{"start":{"line":42,"column":44},"end":{"line":46,"column":1}}},"8":{"name":"(anonymous_8)","decl":{"start":{"line":48,"column":30},"end":{"line":48,"column":31}},"loc":{"start":{"line":48,"column":47},"end":{"line":52,"column":1}}},"9":{"name":"(anonymous_9)","decl":{"start":{"line":48,"column":47},"end":{"line":48,"column":48}},"loc":{"start":{"line":48,"column":59},"end":{"line":52,"column":1}}},"10":{"name":"(anonymous_10)","decl":{"start":{"line":49,"column":43},"end":{"line":49,"column":44}},"loc":{"start":{"line":49,"column":49},"end":{"line":51,"column":3}}},"11":{"name":"changedPassword","decl":{"start":{"line":54,"column":9},"end":{"line":54,"column":24}},"loc":{"start":{"line":54,"column":27},"end":{"line":58,"column":1}}},"12":{"name":"_changeProfile","decl":{"start":{"line":60,"column":15},"end":{"line":60,"column":29}},"loc":{"start":{"line":60,"column":36},"end":{"line":84,"column":1}}},"13":{"name":"(anonymous_13)","decl":{"start":{"line":76,"column":28},"end":{"line":76,"column":29}},"loc":{"start":{"line":76,"column":35},"end":{"line":78,"column":3}}},"14":{"name":"(anonymous_14)","decl":{"start":{"line":86,"column":35},"end":{"line":86,"column":36}},"loc":{"start":{"line":86,"column":94},"end":{"line":104,"column":1}}},"15":{"name":"(anonymous_15)","decl":{"start":{"line":86,"column":94},"end":{"line":86,"column":95}},"loc":{"start":{"line":86,"column":106},"end":{"line":104,"column":1}}},"16":{"name":"(anonymous_16)","decl":{"start":{"line":94,"column":4},"end":{"line":94,"column":5}},"loc":{"start":{"line":94,"column":14},"end":{"line":102,"column":5}}},"17":{"name":"changedPublicProfile","decl":{"start":{"line":106,"column":16},"end":{"line":106,"column":36}},"loc":{"start":{"line":106,"column":43},"end":{"line":111,"column":1}}},"18":{"name":"changedEmail","decl":{"start":{"line":113,"column":9},"end":{"line":113,"column":21}},"loc":{"start":{"line":113,"column":37},"end":{"line":118,"column":1}}}},"branchMap":{"0":{"loc":{"start":{"line":11,"column":2},"end":{"line":13,"column":3}},"type":"if","locations":[{"start":{"line":11,"column":2},"end":{"line":13,"column":3}},{"start":{"line":11,"column":2},"end":{"line":13,"column":3}}]},"1":{"loc":{"start":{"line":62,"column":2},"end":{"line":67,"column":3}},"type":"if","locations":[{"start":{"line":62,"column":2},"end":{"line":67,"column":3}},{"start":{"line":62,"column":2},"end":{"line":67,"column":3}}]},"2":{"loc":{"start":{"line":68,"column":2},"end":{"line":73,"column":3}},"type":"if","locations":[{"start":{"line":68,"column":2},"end":{"line":73,"column":3}},{"start":{"line":68,"column":2},"end":{"line":73,"column":3}}]},"3":{"loc":{"start":{"line":99,"column":24},"end":{"line":99,"column":92}},"type":"cond-expr","locations":[{"start":{"line":99,"column":53},"end":{"line":99,"column":85}},{"start":{"line":99,"column":88},"end":{"line":99,"column":92}}]},"4":{"loc":{"start":{"line":100,"column":22},"end":{"line":100,"column":86}},"type":"cond-expr","locations":[{"start":{"line":100,"column":49},"end":{"line":100,"column":79}},{"start":{"line":100,"column":82},"end":{"line":100,"column":86}}]}},"s":{"0":6,"1":3,"2":3,"3":3,"4":0,"5":1,"6":1,"7":2,"8":2,"9":2,"10":2,"11":8,"12":2,"13":2,"14":2,"15":1,"16":2,"17":2,"18":2,"19":8,"20":1,"21":2,"22":1,"23":1,"24":2,"25":2,"26":1,"27":3,"28":1,"29":1,"30":2,"31":1,"32":1,"33":2,"34":1,"35":1,"36":1,"37":1,"38":3,"39":1,"40":1,"41":8,"42":1,"43":1,"44":1,"45":2,"46":1},"f":{"0":6,"1":0,"2":2,"3":2,"4":2,"5":2,"6":0,"7":2,"8":2,"9":2,"10":2,"11":2,"12":2,"13":6,"14":2,"15":2,"16":2,"17":4,"18":2},"b":{"0":[0,6],"1":[0,2],"2":[0,2],"3":[2,0],"4":[2,0]},"_coverageSchema":"332fd63041d2c1bcb487cc26dd0d5f7d97098a6c","hash":"07439d0e8d1089aa7989da473504867fd2656f87"}
,"/Users/natthaphatmaleehuan/Desktop/work/clogii-mobile/js/actions/config.js": {"path":"/Users/natthaphatmaleehuan/Desktop/work/clogii-mobile/js/actions/config.js","statementMap":{"0":{"start":{"line":27,"column":14},"end":{"line":27,"column":43}},"1":{"start":{"line":28,"column":27},"end":{"line":28,"column":56}},"2":{"start":{"line":33,"column":17},"end":{"line":33,"column":41}},"3":{"start":{"line":34,"column":2},"end":{"line":34,"column":50}},"4":{"start":{"line":35,"column":2},"end":{"line":38,"column":4}},"5":{"start":{"line":41,"column":0},"end":{"line":41,"column":30}}},"fnMap":{"0":{"name":"loadConfig","decl":{"start":{"line":32,"column":15},"end":{"line":32,"column":25}},"loc":{"start":{"line":32,"column":45},"end":{"line":39,"column":1}}}},"branchMap":{},"s":{"0":3,"1":3,"2":3,"3":0,"4":0,"5":3},"f":{"0":0},"b":{},"_coverageSchema":"332fd63041d2c1bcb487cc26dd0d5f7d97098a6c","hash":"98fb9435f6ddf2f46847ca43f96fce9dd7a9afbb"}
,"/Users/natthaphatmaleehuan/Desktop/work/clogii-mobile/js/actions/filter.js": {"path":"/Users/natthaphatmaleehuan/Desktop/work/clogii-mobile/js/actions/filter.js","statementMap":{"0":{"start":{"line":32,"column":2},"end":{"line":35,"column":4}},"1":{"start":{"line":39,"column":2},"end":{"line":41,"column":4}},"2":{"start":{"line":44,"column":0},"end":{"line":44,"column":50}}},"fnMap":{"0":{"name":"applyTopicsFilter","decl":{"start":{"line":31,"column":9},"end":{"line":31,"column":26}},"loc":{"start":{"line":31,"column":53},"end":{"line":36,"column":1}}},"1":{"name":"clearFilter","decl":{"start":{"line":38,"column":9},"end":{"line":38,"column":20}},"loc":{"start":{"line":38,"column":31},"end":{"line":42,"column":1}}}},"branchMap":{},"s":{"0":0,"1":0,"2":6},"f":{"0":0,"1":0},"b":{},"_coverageSchema":"332fd63041d2c1bcb487cc26dd0d5f7d97098a6c","hash":"67c51a67fbb2e21e780592fe1231ae880abf88f5"}
,"/Users/natthaphatmaleehuan/Desktop/work/clogii-mobile/js/actions/index.js": {"path":"/Users/natthaphatmaleehuan/Desktop/work/clogii-mobile/js/actions/index.js","statementMap":{"0":{"start":{"line":27,"column":22},"end":{"line":27,"column":41}},"1":{"start":{"line":28,"column":23},"end":{"line":28,"column":43}},"2":{"start":{"line":29,"column":26},"end":{"line":29,"column":49}},"3":{"start":{"line":30,"column":21},"end":{"line":30,"column":39}},"4":{"start":{"line":31,"column":24},"end":{"line":31,"column":45}},"5":{"start":{"line":32,"column":22},"end":{"line":32,"column":41}},"6":{"start":{"line":33,"column":28},"end":{"line":33,"column":54}},"7":{"start":{"line":34,"column":22},"end":{"line":34,"column":41}},"8":{"start":{"line":35,"column":22},"end":{"line":35,"column":42}},"9":{"start":{"line":36,"column":20},"end":{"line":36,"column":37}},"10":{"start":{"line":37,"column":28},"end":{"line":37,"column":53}},"11":{"start":{"line":38,"column":22},"end":{"line":38,"column":48}},"12":{"start":{"line":40,"column":0},"end":{"line":53,"column":2}}},"fnMap":{},"branchMap":{},"s":{"0":6,"1":3,"2":3,"3":3,"4":3,"5":3,"6":3,"7":3,"8":3,"9":3,"10":3,"11":3,"12":3},"f":{},"b":{},"_coverageSchema":"332fd63041d2c1bcb487cc26dd0d5f7d97098a6c","hash":"b24b58a615c8d565f5e89f226187e31c352e77f6"}
,"/Users/natthaphatmaleehuan/Desktop/work/clogii-mobile/js/actions/installation.js": {"path":"/Users/natthaphatmaleehuan/Desktop/work/clogii-mobile/js/actions/installation.js","statementMap":{"0":{"start":{"line":27,"column":17},"end":{"line":27,"column":36}},"1":{"start":{"line":28,"column":14},"end":{"line":28,"column":43}},"2":{"start":{"line":31,"column":25},"end":{"line":31,"column":57}},"3":{"start":{"line":32,"column":2},"end":{"line":38,"column":5}},"4":{"start":{"line":42,"column":23},"end":{"line":42,"column":50}},"5":{"start":{"line":43,"column":2},"end":{"line":43,"column":35}},"6":{"start":{"line":46,"column":0},"end":{"line":46,"column":61}}},"fnMap":{"0":{"name":"currentInstallation","decl":{"start":{"line":30,"column":15},"end":{"line":30,"column":34}},"loc":{"start":{"line":30,"column":66},"end":{"line":39,"column":1}}},"1":{"name":"updateInstallation","decl":{"start":{"line":41,"column":15},"end":{"line":41,"column":33}},"loc":{"start":{"line":41,"column":71},"end":{"line":44,"column":1}}}},"branchMap":{"0":{"loc":{"start":{"line":37,"column":19},"end":{"line":37,"column":80}},"type":"cond-expr","locations":[{"start":{"line":37,"column":43},"end":{"line":37,"column":60}},{"start":{"line":37,"column":63},"end":{"line":37,"column":80}}]},"1":{"loc":{"start":{"line":41,"column":34},"end":{"line":41,"column":54}},"type":"default-arg","locations":[{"start":{"line":41,"column":52},"end":{"line":41,"column":54}}]}},"s":{"0":10,"1":10,"2":10,"3":4,"4":4,"5":4,"6":6},"f":{"0":8,"1":8},"b":{"0":[8,0],"1":[0]},"_coverageSchema":"332fd63041d2c1bcb487cc26dd0d5f7d97098a6c","hash":"f08b99af89ba4817ab4cf868d93afe0b0b741006"}
,"/Users/natthaphatmaleehuan/Desktop/work/clogii-mobile/js/actions/login.js": {"path":"/Users/natthaphatmaleehuan/Desktop/work/clogii-mobile/js/actions/login.js","statementMap":{"0":{"start":{"line":27,"column":14},"end":{"line":27,"column":43}},"1":{"start":{"line":28,"column":20},"end":{"line":28,"column":42}},"2":{"start":{"line":29,"column":23},"end":{"line":29,"column":48}},"3":{"start":{"line":30,"column":19},"end":{"line":30,"column":42}},"4":{"start":{"line":31,"column":14},"end":{"line":31,"column":30}},"5":{"start":{"line":32,"column":48},"end":{"line":32,"column":69}},"6":{"start":{"line":33,"column":29},"end":{"line":33,"column":54}},"7":{"start":{"line":34,"column":22},"end":{"line":34,"column":42}},"8":{"start":{"line":39,"column":2},"end":{"line":44,"column":5}},"9":{"start":{"line":40,"column":4},"end":{"line":43,"column":7}},"10":{"start":{"line":42,"column":30},"end":{"line":42,"column":67}},"11":{"start":{"line":48,"column":2},"end":{"line":56,"column":5}},"12":{"start":{"line":49,"column":4},"end":{"line":55,"column":7}},"13":{"start":{"line":50,"column":6},"end":{"line":54,"column":7}},"14":{"start":{"line":51,"column":8},"end":{"line":51,"column":26}},"15":{"start":{"line":53,"column":8},"end":{"line":53,"column":43}},"16":{"start":{"line":60,"column":2},"end":{"line":60,"column":64}},"17":{"start":{"line":61,"column":18},"end":{"line":61,"column":71}},"18":{"start":{"line":63,"column":15},"end":{"line":63,"column":46}},"19":{"start":{"line":64,"column":2},"end":{"line":64,"column":38}},"20":{"start":{"line":65,"column":2},"end":{"line":65,"column":33}},"21":{"start":{"line":66,"column":2},"end":{"line":66,"column":35}},"22":{"start":{"line":67,"column":2},"end":{"line":67,"column":20}},"23":{"start":{"line":68,"column":2},"end":{"line":68,"column":35}},"24":{"start":{"line":70,"column":17},"end":{"line":83,"column":3}},"25":{"start":{"line":85,"column":2},"end":{"line":88,"column":5}},"26":{"start":{"line":91,"column":15},"end":{"line":100,"column":1}},"27":{"start":{"line":91,"column":52},"end":{"line":100,"column":1}},"28":{"start":{"line":92,"column":15},"end":{"line":92,"column":31}},"29":{"start":{"line":93,"column":2},"end":{"line":93,"column":30}},"30":{"start":{"line":94,"column":2},"end":{"line":94,"column":33}},"31":{"start":{"line":95,"column":2},"end":{"line":95,"column":27}},"32":{"start":{"line":96,"column":2},"end":{"line":96,"column":33}},"33":{"start":{"line":97,"column":2},"end":{"line":99,"column":5}},"34":{"start":{"line":98,"column":4},"end":{"line":98,"column":25}},"35":{"start":{"line":103,"column":2},"end":{"line":105,"column":4}},"36":{"start":{"line":109,"column":2},"end":{"line":114,"column":5}},"37":{"start":{"line":110,"column":4},"end":{"line":113,"column":7}},"38":{"start":{"line":111,"column":21},"end":{"line":111,"column":30}},"39":{"start":{"line":112,"column":22},"end":{"line":112,"column":35}},"40":{"start":{"line":115,"column":2},"end":{"line":115,"column":20}},"41":{"start":{"line":116,"column":18},"end":{"line":116,"column":71}},"42":{"start":{"line":117,"column":2},"end":{"line":117,"column":38}},"43":{"start":{"line":118,"column":2},"end":{"line":118,"column":33}},"44":{"start":{"line":119,"column":2},"end":{"line":119,"column":20}},"45":{"start":{"line":120,"column":2},"end":{"line":120,"column":35}},"46":{"start":{"line":121,"column":2},"end":{"line":121,"column":14}},"47":{"start":{"line":125,"column":2},"end":{"line":130,"column":5}},"48":{"start":{"line":126,"column":4},"end":{"line":129,"column":7}},"49":{"start":{"line":127,"column":21},"end":{"line":127,"column":30}},"50":{"start":{"line":128,"column":22},"end":{"line":128,"column":35}},"51":{"start":{"line":131,"column":2},"end":{"line":131,"column":37}},"52":{"start":{"line":132,"column":2},"end":{"line":132,"column":32}},"53":{"start":{"line":133,"column":2},"end":{"line":133,"column":20}},"54":{"start":{"line":134,"column":2},"end":{"line":134,"column":35}},"55":{"start":{"line":135,"column":2},"end":{"line":135,"column":14}},"56":{"start":{"line":138,"column":21},"end":{"line":143,"column":1}},"57":{"start":{"line":138,"column":27},"end":{"line":143,"column":1}},"58":{"start":{"line":139,"column":15},"end":{"line":139,"column":46}},"59":{"start":{"line":140,"column":2},"end":{"line":142,"column":5}},"60":{"start":{"line":141,"column":4},"end":{"line":141,"column":74}},"61":{"start":{"line":145,"column":23},"end":{"line":150,"column":1}},"62":{"start":{"line":145,"column":29},"end":{"line":150,"column":1}},"63":{"start":{"line":146,"column":15},"end":{"line":146,"column":46}},"64":{"start":{"line":147,"column":2},"end":{"line":149,"column":5}},"65":{"start":{"line":148,"column":4},"end":{"line":148,"column":33}},"66":{"start":{"line":152,"column":25},"end":{"line":156,"column":1}},"67":{"start":{"line":153,"column":2},"end":{"line":155,"column":4}},"68":{"start":{"line":158,"column":23},"end":{"line":166,"column":1}},"69":{"start":{"line":159,"column":2},"end":{"line":165,"column":4}},"70":{"start":{"line":168,"column":14},"end":{"line":190,"column":1}},"71":{"start":{"line":168,"column":51},"end":{"line":190,"column":1}},"72":{"start":{"line":169,"column":2},"end":{"line":189,"column":4}},"73":{"start":{"line":171,"column":19},"end":{"line":171,"column":50}},"74":{"start":{"line":172,"column":6},"end":{"line":172,"column":39}},"75":{"start":{"line":173,"column":21},"end":{"line":185,"column":7}},"76":{"start":{"line":186,"column":6},"end":{"line":186,"column":23}},"77":{"start":{"line":187,"column":6},"end":{"line":187,"column":34}},"78":{"start":{"line":193,"column":2},"end":{"line":205,"column":4}},"79":{"start":{"line":194,"column":16},"end":{"line":194,"column":42}},"80":{"start":{"line":197,"column":4},"end":{"line":203,"column":6}},"81":{"start":{"line":199,"column":8},"end":{"line":199,"column":25}},"82":{"start":{"line":200,"column":8},"end":{"line":200,"column":41}},"83":{"start":{"line":201,"column":8},"end":{"line":201,"column":32}},"84":{"start":{"line":204,"column":4},"end":{"line":204,"column":17}},"85":{"start":{"line":209,"column":2},"end":{"line":211,"column":4}},"86":{"start":{"line":214,"column":36},"end":{"line":216,"column":1}},"87":{"start":{"line":214,"column":45},"end":{"line":216,"column":1}},"88":{"start":{"line":215,"column":2},"end":{"line":215,"column":48}},"89":{"start":{"line":219,"column":2},"end":{"line":228,"column":4}},"90":{"start":{"line":220,"column":4},"end":{"line":220,"column":24}},"91":{"start":{"line":221,"column":4},"end":{"line":221,"column":25}},"92":{"start":{"line":222,"column":4},"end":{"line":222,"column":51}},"93":{"start":{"line":225,"column":4},"end":{"line":227,"column":7}},"94":{"start":{"line":232,"column":2},"end":{"line":259,"column":4}},"95":{"start":{"line":233,"column":15},"end":{"line":233,"column":46}},"96":{"start":{"line":235,"column":4},"end":{"line":258,"column":5}},"97":{"start":{"line":236,"column":6},"end":{"line":248,"column":8}},"98":{"start":{"line":244,"column":10},"end":{"line":246,"column":11}},"99":{"start":{"line":245,"column":12},"end":{"line":245,"column":31}},"100":{"start":{"line":250,"column":6},"end":{"line":257,"column":8}},"101":{"start":{"line":255,"column":44},"end":{"line":255,"column":62}},"102":{"start":{"line":262,"column":0},"end":{"line":274,"column":2}}},"fnMap":{"0":{"name":"ParseFacebookLogin","decl":{"start":{"line":38,"column":15},"end":{"line":38,"column":33}},"loc":{"start":{"line":38,"column":50},"end":{"line":45,"column":1}}},"1":{"name":"(anonymous_1)","decl":{"start":{"line":39,"column":21},"end":{"line":39,"column":22}},"loc":{"start":{"line":39,"column":42},"end":{"line":44,"column":3}}},"2":{"name":"(anonymous_2)","decl":{"start":{"line":42,"column":13},"end":{"line":42,"column":14}},"loc":{"start":{"line":42,"column":30},"end":{"line":42,"column":67}}},"3":{"name":"queryFacebookAPI","decl":{"start":{"line":47,"column":15},"end":{"line":47,"column":31}},"loc":{"start":{"line":47,"column":56},"end":{"line":57,"column":1}}},"4":{"name":"(anonymous_4)","decl":{"start":{"line":48,"column":21},"end":{"line":48,"column":22}},"loc":{"start":{"line":48,"column":42},"end":{"line":56,"column":3}}},"5":{"name":"(anonymous_5)","decl":{"start":{"line":49,"column":35},"end":{"line":49,"column":36}},"loc":{"start":{"line":49,"column":49},"end":{"line":55,"column":5}}},"6":{"name":"_logInWithFacebook","decl":{"start":{"line":59,"column":15},"end":{"line":59,"column":33}},"loc":{"start":{"line":59,"column":75},"end":{"line":89,"column":1}}},"7":{"name":"(anonymous_7)","decl":{"start":{"line":91,"column":15},"end":{"line":91,"column":16}},"loc":{"start":{"line":91,"column":52},"end":{"line":100,"column":1}}},"8":{"name":"(anonymous_8)","decl":{"start":{"line":91,"column":52},"end":{"line":91,"column":53}},"loc":{"start":{"line":91,"column":64},"end":{"line":100,"column":1}}},"9":{"name":"(anonymous_9)","decl":{"start":{"line":97,"column":26},"end":{"line":97,"column":27}},"loc":{"start":{"line":97,"column":32},"end":{"line":99,"column":3}}},"10":{"name":"signedUp","decl":{"start":{"line":102,"column":9},"end":{"line":102,"column":17}},"loc":{"start":{"line":102,"column":28},"end":{"line":106,"column":1}}},"11":{"name":"_linkFacebook","decl":{"start":{"line":108,"column":15},"end":{"line":108,"column":28}},"loc":{"start":{"line":108,"column":35},"end":{"line":122,"column":1}}},"12":{"name":"(anonymous_12)","decl":{"start":{"line":109,"column":20},"end":{"line":109,"column":21}},"loc":{"start":{"line":109,"column":41},"end":{"line":114,"column":3}}},"13":{"name":"(anonymous_13)","decl":{"start":{"line":111,"column":15},"end":{"line":111,"column":16}},"loc":{"start":{"line":111,"column":21},"end":{"line":111,"column":30}}},"14":{"name":"(anonymous_14)","decl":{"start":{"line":112,"column":13},"end":{"line":112,"column":14}},"loc":{"start":{"line":112,"column":22},"end":{"line":112,"column":35}}},"15":{"name":"_unlinkFacebook","decl":{"start":{"line":124,"column":15},"end":{"line":124,"column":30}},"loc":{"start":{"line":124,"column":37},"end":{"line":136,"column":1}}},"16":{"name":"(anonymous_16)","decl":{"start":{"line":125,"column":20},"end":{"line":125,"column":21}},"loc":{"start":{"line":125,"column":41},"end":{"line":130,"column":3}}},"17":{"name":"(anonymous_17)","decl":{"start":{"line":127,"column":15},"end":{"line":127,"column":16}},"loc":{"start":{"line":127,"column":21},"end":{"line":127,"column":30}}},"18":{"name":"(anonymous_18)","decl":{"start":{"line":128,"column":13},"end":{"line":128,"column":14}},"loc":{"start":{"line":128,"column":22},"end":{"line":128,"column":35}}},"19":{"name":"(anonymous_19)","decl":{"start":{"line":138,"column":21},"end":{"line":138,"column":22}},"loc":{"start":{"line":138,"column":27},"end":{"line":143,"column":1}}},"20":{"name":"(anonymous_20)","decl":{"start":{"line":138,"column":27},"end":{"line":138,"column":28}},"loc":{"start":{"line":138,"column":45},"end":{"line":143,"column":1}}},"21":{"name":"(anonymous_21)","decl":{"start":{"line":140,"column":34},"end":{"line":140,"column":35}},"loc":{"start":{"line":140,"column":45},"end":{"line":142,"column":3}}},"22":{"name":"(anonymous_22)","decl":{"start":{"line":145,"column":23},"end":{"line":145,"column":24}},"loc":{"start":{"line":145,"column":29},"end":{"line":150,"column":1}}},"23":{"name":"(anonymous_23)","decl":{"start":{"line":145,"column":29},"end":{"line":145,"column":30}},"loc":{"start":{"line":145,"column":47},"end":{"line":150,"column":1}}},"24":{"name":"(anonymous_24)","decl":{"start":{"line":147,"column":36},"end":{"line":147,"column":37}},"loc":{"start":{"line":147,"column":45},"end":{"line":149,"column":3}}},"25":{"name":"(anonymous_25)","decl":{"start":{"line":152,"column":25},"end":{"line":152,"column":26}},"loc":{"start":{"line":152,"column":31},"end":{"line":156,"column":1}}},"26":{"name":"(anonymous_26)","decl":{"start":{"line":158,"column":23},"end":{"line":158,"column":24}},"loc":{"start":{"line":158,"column":37},"end":{"line":166,"column":1}}},"27":{"name":"(anonymous_27)","decl":{"start":{"line":168,"column":14},"end":{"line":168,"column":15}},"loc":{"start":{"line":168,"column":51},"end":{"line":190,"column":1}}},"28":{"name":"(anonymous_28)","decl":{"start":{"line":168,"column":51},"end":{"line":168,"column":52}},"loc":{"start":{"line":168,"column":63},"end":{"line":190,"column":1}}},"29":{"name":"(anonymous_29)","decl":{"start":{"line":170,"column":4},"end":{"line":170,"column":5}},"loc":{"start":{"line":170,"column":16},"end":{"line":188,"column":5}}},"30":{"name":"logInWithFacebook","decl":{"start":{"line":192,"column":9},"end":{"line":192,"column":26}},"loc":{"start":{"line":192,"column":57},"end":{"line":206,"column":1}}},"31":{"name":"(anonymous_31)","decl":{"start":{"line":193,"column":9},"end":{"line":193,"column":10}},"loc":{"start":{"line":193,"column":23},"end":{"line":205,"column":3}}},"32":{"name":"(anonymous_32)","decl":{"start":{"line":198,"column":6},"end":{"line":198,"column":7}},"loc":{"start":{"line":198,"column":18},"end":{"line":202,"column":7}}},"33":{"name":"skipLogin","decl":{"start":{"line":208,"column":9},"end":{"line":208,"column":18}},"loc":{"start":{"line":208,"column":29},"end":{"line":212,"column":1}}},"34":{"name":"(anonymous_34)","decl":{"start":{"line":214,"column":36},"end":{"line":214,"column":37}},"loc":{"start":{"line":214,"column":45},"end":{"line":216,"column":1}}},"35":{"name":"(anonymous_35)","decl":{"start":{"line":214,"column":45},"end":{"line":214,"column":46}},"loc":{"start":{"line":214,"column":57},"end":{"line":216,"column":1}}},"36":{"name":"logOut","decl":{"start":{"line":218,"column":9},"end":{"line":218,"column":15}},"loc":{"start":{"line":218,"column":31},"end":{"line":229,"column":1}}},"37":{"name":"(anonymous_37)","decl":{"start":{"line":219,"column":9},"end":{"line":219,"column":10}},"loc":{"start":{"line":219,"column":23},"end":{"line":228,"column":3}}},"38":{"name":"logOutWithPrompt","decl":{"start":{"line":231,"column":9},"end":{"line":231,"column":25}},"loc":{"start":{"line":231,"column":41},"end":{"line":260,"column":1}}},"39":{"name":"(anonymous_39)","decl":{"start":{"line":232,"column":9},"end":{"line":232,"column":10}},"loc":{"start":{"line":232,"column":33},"end":{"line":259,"column":3}}},"40":{"name":"(anonymous_40)","decl":{"start":{"line":243,"column":8},"end":{"line":243,"column":9}},"loc":{"start":{"line":243,"column":25},"end":{"line":247,"column":9}}},"41":{"name":"(anonymous_41)","decl":{"start":{"line":255,"column":38},"end":{"line":255,"column":39}},"loc":{"start":{"line":255,"column":44},"end":{"line":255,"column":62}}}},"branchMap":{"0":{"loc":{"start":{"line":42,"column":37},"end":{"line":42,"column":66}},"type":"binary-expr","locations":[{"start":{"line":42,"column":37},"end":{"line":42,"column":42}},{"start":{"line":42,"column":46},"end":{"line":42,"column":57}},{"start":{"line":42,"column":61},"end":{"line":42,"column":66}}]},"1":{"loc":{"start":{"line":50,"column":6},"end":{"line":54,"column":7}},"type":"if","locations":[{"start":{"line":50,"column":6},"end":{"line":54,"column":7}},{"start":{"line":50,"column":6},"end":{"line":54,"column":7}}]},"2":{"loc":{"start":{"line":50,"column":10},"end":{"line":50,"column":37}},"type":"binary-expr","locations":[{"start":{"line":50,"column":10},"end":{"line":50,"column":18}},{"start":{"line":50,"column":22},"end":{"line":50,"column":37}}]},"3":{"loc":{"start":{"line":53,"column":15},"end":{"line":53,"column":41}},"type":"binary-expr","locations":[{"start":{"line":53,"column":15},"end":{"line":53,"column":23}},{"start":{"line":53,"column":27},"end":{"line":53,"column":41}}]},"4":{"loc":{"start":{"line":79,"column":22},"end":{"line":79,"column":90}},"type":"cond-expr","locations":[{"start":{"line":79,"column":51},"end":{"line":79,"column":83}},{"start":{"line":79,"column":86},"end":{"line":79,"column":90}}]},"5":{"loc":{"start":{"line":80,"column":20},"end":{"line":80,"column":84}},"type":"cond-expr","locations":[{"start":{"line":80,"column":47},"end":{"line":80,"column":77}},{"start":{"line":80,"column":80},"end":{"line":80,"column":84}}]},"6":{"loc":{"start":{"line":181,"column":26},"end":{"line":181,"column":94}},"type":"cond-expr","locations":[{"start":{"line":181,"column":55},"end":{"line":181,"column":87}},{"start":{"line":181,"column":90},"end":{"line":181,"column":94}}]},"7":{"loc":{"start":{"line":182,"column":24},"end":{"line":182,"column":88}},"type":"cond-expr","locations":[{"start":{"line":182,"column":51},"end":{"line":182,"column":81}},{"start":{"line":182,"column":84},"end":{"line":182,"column":88}}]},"8":{"loc":{"start":{"line":183,"column":26},"end":{"line":183,"column":81}},"type":"binary-expr","locations":[{"start":{"line":183,"column":26},"end":{"line":183,"column":49}},{"start":{"line":183,"column":53},"end":{"line":183,"column":81}}]},"9":{"loc":{"start":{"line":233,"column":15},"end":{"line":233,"column":46}},"type":"binary-expr","locations":[{"start":{"line":233,"column":15},"end":{"line":233,"column":35}},{"start":{"line":233,"column":39},"end":{"line":233,"column":46}}]},"10":{"loc":{"start":{"line":235,"column":4},"end":{"line":258,"column":5}},"type":"if","locations":[{"start":{"line":235,"column":4},"end":{"line":258,"column":5}},{"start":{"line":235,"column":4},"end":{"line":258,"column":5}}]},"11":{"loc":{"start":{"line":244,"column":10},"end":{"line":246,"column":11}},"type":"if","locations":[{"start":{"line":244,"column":10},"end":{"line":246,"column":11}},{"start":{"line":244,"column":10},"end":{"line":246,"column":11}}]}},"s":{"0":7,"1":7,"2":6,"3":8,"4":8,"5":8,"6":8,"7":6,"8":2,"9":2,"10":1,"11":3,"12":3,"13":3,"14":3,"15":0,"16":1,"17":1,"18":1,"19":1,"20":1,"21":1,"22":1,"23":3,"24":3,"25":2,"26":7,"27":1,"28":1,"29":1,"30":1,"31":1,"32":1,"33":0,"34":0,"35":0,"36":2,"37":2,"38":1,"39":1,"40":1,"41":1,"42":3,"43":3,"44":2,"45":1,"46":1,"47":0,"48":1,"49":2,"50":2,"51":2,"52":1,"53":1,"54":1,"55":1,"56":7,"57":3,"58":2,"59":2,"60":2,"61":6,"62":1,"63":1,"64":1,"65":1,"66":7,"67":2,"68":7,"69":2,"70":6,"71":2,"72":2,"73":1,"74":1,"75":1,"76":7,"77":1,"78":1,"79":1,"80":1,"81":1,"82":0,"83":0,"84":1,"85":0,"86":6,"87":1,"88":1,"89":1,"90":1,"91":1,"92":1,"93":1,"94":0,"95":0,"96":0,"97":0,"98":0,"99":0,"100":0,"101":0,"102":6},"f":{"0":2,"1":2,"2":0,"3":4,"4":4,"5":4,"6":2,"7":0,"8":0,"9":0,"10":0,"11":4,"12":4,"13":2,"14":2,"15":0,"16":0,"17":0,"18":0,"19":4,"20":4,"21":2,"22":0,"23":0,"24":0,"25":2,"26":4,"27":4,"28":4,"29":2,"30":2,"31":2,"32":2,"33":0,"34":2,"35":2,"36":2,"37":2,"38":0,"39":0,"40":0,"41":0},"b":{"0":[0,0,0],"1":[4,0],"2":[4,4],"3":[0,0],"4":[2,0],"5":[2,0],"6":[2,0],"7":[2,0],"8":[2,2],"9":[0,0],"10":[0,0],"11":[0,0]},"_coverageSchema":"332fd63041d2c1bcb487cc26dd0d5f7d97098a6c","hash":"6cccabe252c14e2ee892bd9da57b293b908d056a"}
,"/Users/natthaphatmaleehuan/Desktop/work/clogii-mobile/js/actions/navigation.js": {"path":"/Users/natthaphatmaleehuan/Desktop/work/clogii-mobile/js/actions/navigation.js","statementMap":{"0":{"start":{"line":31,"column":0},"end":{"line":41,"column":2}},"1":{"start":{"line":32,"column":36},"end":{"line":35,"column":3}},"2":{"start":{"line":37,"column":38},"end":{"line":40,"column":3}}},"fnMap":{"0":{"name":"(anonymous_0)","decl":{"start":{"line":32,"column":13},"end":{"line":32,"column":14}},"loc":{"start":{"line":32,"column":36},"end":{"line":35,"column":3}}},"1":{"name":"(anonymous_1)","decl":{"start":{"line":37,"column":13},"end":{"line":37,"column":14}},"loc":{"start":{"line":37,"column":38},"end":{"line":40,"column":3}}}},"branchMap":{},"s":{"0":6,"1":0,"2":0},"f":{"0":0,"1":0},"b":{},"_coverageSchema":"332fd63041d2c1bcb487cc26dd0d5f7d97098a6c","hash":"72eef73d0989c66fd244ba7e45ff5adcc6502548"}
,"/Users/natthaphatmaleehuan/Desktop/work/clogii-mobile/js/actions/notifications.js": {"path":"/Users/natthaphatmaleehuan/Desktop/work/clogii-mobile/js/actions/notifications.js","statementMap":{"0":{"start":{"line":27,"column":17},"end":{"line":27,"column":36}},"1":{"start":{"line":28,"column":21},"end":{"line":28,"column":44}},"2":{"start":{"line":29,"column":31},"end":{"line":29,"column":56}},"3":{"start":{"line":30,"column":24},"end":{"line":30,"column":44}},"4":{"start":{"line":31,"column":22},"end":{"line":31,"column":45}},"5":{"start":{"line":52,"column":2},"end":{"line":54,"column":3}},"6":{"start":{"line":53,"column":4},"end":{"line":53,"column":13}},"7":{"start":{"line":55,"column":2},"end":{"line":59,"column":3}},"8":{"start":{"line":56,"column":4},"end":{"line":56,"column":25}},"9":{"start":{"line":58,"column":4},"end":{"line":58,"column":14}},"10":{"start":{"line":63,"column":2},"end":{"line":63,"column":47}},"11":{"start":{"line":64,"column":19},"end":{"line":64,"column":64}},"12":{"start":{"line":65,"column":2},"end":{"line":69,"column":5}},"13":{"start":{"line":70,"column":2},"end":{"line":72,"column":4}},"14":{"start":{"line":76,"column":2},"end":{"line":78,"column":4}},"15":{"start":{"line":82,"column":2},"end":{"line":84,"column":4}},"16":{"start":{"line":88,"column":2},"end":{"line":118,"column":4}},"17":{"start":{"line":89,"column":35},"end":{"line":89,"column":47}},"18":{"start":{"line":90,"column":17},"end":{"line":90,"column":49}},"19":{"start":{"line":92,"column":4},"end":{"line":94,"column":5}},"20":{"start":{"line":93,"column":6},"end":{"line":93,"column":43}},"21":{"start":{"line":96,"column":4},"end":{"line":103,"column":5}},"22":{"start":{"line":97,"column":6},"end":{"line":97,"column":36}},"23":{"start":{"line":98,"column":6},"end":{"line":98,"column":30}},"24":{"start":{"line":100,"column":6},"end":{"line":102,"column":7}},"25":{"start":{"line":101,"column":8},"end":{"line":101,"column":31}},"26":{"start":{"line":105,"column":4},"end":{"line":107,"column":5}},"27":{"start":{"line":106,"column":6},"end":{"line":106,"column":13}},"28":{"start":{"line":109,"column":22},"end":{"line":109,"column":42}},"29":{"start":{"line":110,"column":4},"end":{"line":117,"column":7}},"30":{"start":{"line":122,"column":2},"end":{"line":124,"column":4}},"31":{"start":{"line":128,"column":16},"end":{"line":142,"column":4}},"32":{"start":{"line":144,"column":2},"end":{"line":144,"column":56}},"33":{"start":{"line":147,"column":0},"end":{"line":154,"column":2}}},"fnMap":{"0":{"name":"normalizeData","decl":{"start":{"line":51,"column":9},"end":{"line":51,"column":22}},"loc":{"start":{"line":51,"column":51},"end":{"line":60,"column":1}}},"1":{"name":"storeDeviceToken","decl":{"start":{"line":62,"column":15},"end":{"line":62,"column":31}},"loc":{"start":{"line":62,"column":70},"end":{"line":73,"column":1}}},"2":{"name":"turnOnPushNotifications","decl":{"start":{"line":75,"column":9},"end":{"line":75,"column":32}},"loc":{"start":{"line":75,"column":43},"end":{"line":79,"column":1}}},"3":{"name":"skipPushNotifications","decl":{"start":{"line":81,"column":9},"end":{"line":81,"column":30}},"loc":{"start":{"line":81,"column":41},"end":{"line":85,"column":1}}},"4":{"name":"receivePushNotification","decl":{"start":{"line":87,"column":9},"end":{"line":87,"column":32}},"loc":{"start":{"line":87,"column":78},"end":{"line":119,"column":1}}},"5":{"name":"(anonymous_5)","decl":{"start":{"line":88,"column":9},"end":{"line":88,"column":10}},"loc":{"start":{"line":88,"column":23},"end":{"line":118,"column":3}}},"6":{"name":"markAllNotificationsAsSeen","decl":{"start":{"line":121,"column":9},"end":{"line":121,"column":35}},"loc":{"start":{"line":121,"column":46},"end":{"line":125,"column":1}}},"7":{"name":"loadNotifications","decl":{"start":{"line":127,"column":9},"end":{"line":127,"column":26}},"loc":{"start":{"line":127,"column":43},"end":{"line":145,"column":1}}}},"branchMap":{"0":{"loc":{"start":{"line":52,"column":2},"end":{"line":54,"column":3}},"type":"if","locations":[{"start":{"line":52,"column":2},"end":{"line":54,"column":3}},{"start":{"line":52,"column":2},"end":{"line":54,"column":3}}]},"1":{"loc":{"start":{"line":52,"column":6},"end":{"line":52,"column":32}},"type":"binary-expr","locations":[{"start":{"line":52,"column":6},"end":{"line":52,"column":7}},{"start":{"line":52,"column":11},"end":{"line":52,"column":32}}]},"2":{"loc":{"start":{"line":64,"column":19},"end":{"line":64,"column":64}},"type":"cond-expr","locations":[{"start":{"line":64,"column":47},"end":{"line":64,"column":52}},{"start":{"line":64,"column":55},"end":{"line":64,"column":64}}]},"3":{"loc":{"start":{"line":92,"column":4},"end":{"line":94,"column":5}},"type":"if","locations":[{"start":{"line":92,"column":4},"end":{"line":94,"column":5}},{"start":{"line":92,"column":4},"end":{"line":94,"column":5}}]},"4":{"loc":{"start":{"line":96,"column":4},"end":{"line":103,"column":5}},"type":"if","locations":[{"start":{"line":96,"column":4},"end":{"line":103,"column":5}},{"start":{"line":96,"column":4},"end":{"line":103,"column":5}}]},"5":{"loc":{"start":{"line":100,"column":6},"end":{"line":102,"column":7}},"type":"if","locations":[{"start":{"line":100,"column":6},"end":{"line":102,"column":7}},{"start":{"line":100,"column":6},"end":{"line":102,"column":7}}]},"6":{"loc":{"start":{"line":105,"column":4},"end":{"line":107,"column":5}},"type":"if","locations":[{"start":{"line":105,"column":4},"end":{"line":107,"column":5}},{"start":{"line":105,"column":4},"end":{"line":107,"column":5}}]}},"s":{"0":3,"1":3,"2":3,"3":3,"4":3,"5":0,"6":0,"7":0,"8":0,"9":0,"10":0,"11":0,"12":0,"13":0,"14":0,"15":0,"16":0,"17":0,"18":0,"19":0,"20":0,"21":0,"22":0,"23":3,"24":0,"25":0,"26":0,"27":0,"28":0,"29":0,"30":0,"31":0,"32":0,"33":3},"f":{"0":0,"1":0,"2":0,"3":0,"4":0,"5":0,"6":0,"7":0},"b":{"0":[0,0],"1":[0,0],"2":[0,0],"3":[0,0],"4":[0,0],"5":[0,0],"6":[0,0]},"_coverageSchema":"332fd63041d2c1bcb487cc26dd0d5f7d97098a6c","hash":"0b90f3efc45c9307925eb7343e7e88c724bcd00f"}
,"/Users/natthaphatmaleehuan/Desktop/work/clogii-mobile/js/actions/schedule.js": {"path":"/Users/natthaphatmaleehuan/Desktop/work/clogii-mobile/js/actions/schedule.js","statementMap":{"0":{"start":{"line":27,"column":14},"end":{"line":27,"column":43}},"1":{"start":{"line":28,"column":26},"end":{"line":28,"column":55}},"2":{"start":{"line":29,"column":17},"end":{"line":29,"column":36}},"3":{"start":{"line":30,"column":27},"end":{"line":30,"column":56}},"4":{"start":{"line":31,"column":23},"end":{"line":31,"column":48}},"5":{"start":{"line":32,"column":14},"end":{"line":32,"column":30}},"6":{"start":{"line":33,"column":14},"end":{"line":33,"column":43}},"7":{"start":{"line":34,"column":15},"end":{"line":34,"column":44}},"8":{"start":{"line":35,"column":50},"end":{"line":35,"column":75}},"9":{"start":{"line":41,"column":2},"end":{"line":54,"column":4}},"10":{"start":{"line":42,"column":4},"end":{"line":49,"column":5}},"11":{"start":{"line":43,"column":6},"end":{"line":43,"column":72}},"12":{"start":{"line":44,"column":6},"end":{"line":44,"column":34}},"13":{"start":{"line":45,"column":6},"end":{"line":48,"column":9}},"14":{"start":{"line":46,"column":8},"end":{"line":46,"column":60}},"15":{"start":{"line":47,"column":8},"end":{"line":47,"column":35}},"16":{"start":{"line":50,"column":4},"end":{"line":53,"column":7}},"17":{"start":{"line":58,"column":2},"end":{"line":71,"column":4}},"18":{"start":{"line":59,"column":4},"end":{"line":66,"column":5}},"19":{"start":{"line":60,"column":6},"end":{"line":60,"column":75}},"20":{"start":{"line":61,"column":6},"end":{"line":61,"column":34}},"21":{"start":{"line":62,"column":6},"end":{"line":65,"column":9}},"22":{"start":{"line":63,"column":8},"end":{"line":63,"column":57}},"23":{"start":{"line":64,"column":8},"end":{"line":64,"column":35}},"24":{"start":{"line":67,"column":4},"end":{"line":70,"column":7}},"25":{"start":{"line":75,"column":2},"end":{"line":99,"column":4}},"26":{"start":{"line":76,"column":4},"end":{"line":98,"column":5}},"27":{"start":{"line":77,"column":6},"end":{"line":85,"column":9}},"28":{"start":{"line":82,"column":8},"end":{"line":84,"column":9}},"29":{"start":{"line":83,"column":10},"end":{"line":83,"column":51}},"30":{"start":{"line":87,"column":6},"end":{"line":97,"column":8}},"31":{"start":{"line":94,"column":27},"end":{"line":94,"column":67}},"32":{"start":{"line":103,"column":15},"end":{"line":103,"column":79}},"33":{"start":{"line":104,"column":19},"end":{"line":104,"column":54}},"34":{"start":{"line":104,"column":38},"end":{"line":104,"column":53}},"35":{"start":{"line":105,"column":2},"end":{"line":105,"column":33}},"36":{"start":{"line":107,"column":2},"end":{"line":110,"column":4}},"37":{"start":{"line":114,"column":15},"end":{"line":114,"column":47}},"38":{"start":{"line":115,"column":2},"end":{"line":115,"column":50}},"39":{"start":{"line":116,"column":2},"end":{"line":119,"column":4}},"40":{"start":{"line":123,"column":2},"end":{"line":130,"column":4}},"41":{"start":{"line":124,"column":4},"end":{"line":127,"column":7}},"42":{"start":{"line":128,"column":4},"end":{"line":128,"column":56}},"43":{"start":{"line":129,"column":4},"end":{"line":129,"column":32}},"44":{"start":{"line":134,"column":2},"end":{"line":152,"column":4}},"45":{"start":{"line":135,"column":33},"end":{"line":135,"column":50}},"46":{"start":{"line":136,"column":16},"end":{"line":138,"column":34}},"47":{"start":{"line":140,"column":4},"end":{"line":151,"column":5}},"48":{"start":{"line":141,"column":6},"end":{"line":144,"column":67}},"49":{"start":{"line":144,"column":16},"end":{"line":144,"column":32}},"50":{"start":{"line":146,"column":6},"end":{"line":150,"column":50}},"51":{"start":{"line":150,"column":16},"end":{"line":150,"column":48}},"52":{"start":{"line":156,"column":2},"end":{"line":156,"column":53}},"53":{"start":{"line":157,"column":2},"end":{"line":161,"column":5}},"54":{"start":{"line":164,"column":0},"end":{"line":172,"column":2}}},"fnMap":{"0":{"name":"addToSchedule","decl":{"start":{"line":40,"column":9},"end":{"line":40,"column":22}},"loc":{"start":{"line":40,"column":48},"end":{"line":55,"column":1}}},"1":{"name":"(anonymous_1)","decl":{"start":{"line":41,"column":9},"end":{"line":41,"column":10}},"loc":{"start":{"line":41,"column":33},"end":{"line":54,"column":3}}},"2":{"name":"(anonymous_2)","decl":{"start":{"line":45,"column":33},"end":{"line":45,"column":34}},"loc":{"start":{"line":45,"column":51},"end":{"line":48,"column":7}}},"3":{"name":"removeFromSchedule","decl":{"start":{"line":57,"column":9},"end":{"line":57,"column":27}},"loc":{"start":{"line":57,"column":53},"end":{"line":72,"column":1}}},"4":{"name":"(anonymous_4)","decl":{"start":{"line":58,"column":9},"end":{"line":58,"column":10}},"loc":{"start":{"line":58,"column":33},"end":{"line":71,"column":3}}},"5":{"name":"(anonymous_5)","decl":{"start":{"line":62,"column":33},"end":{"line":62,"column":34}},"loc":{"start":{"line":62,"column":51},"end":{"line":65,"column":7}}},"6":{"name":"removeFromScheduleWithPrompt","decl":{"start":{"line":74,"column":9},"end":{"line":74,"column":37}},"loc":{"start":{"line":74,"column":69},"end":{"line":100,"column":1}}},"7":{"name":"(anonymous_7)","decl":{"start":{"line":75,"column":9},"end":{"line":75,"column":10}},"loc":{"start":{"line":75,"column":23},"end":{"line":99,"column":3}}},"8":{"name":"(anonymous_8)","decl":{"start":{"line":81,"column":9},"end":{"line":81,"column":10}},"loc":{"start":{"line":81,"column":26},"end":{"line":85,"column":7}}},"9":{"name":"(anonymous_9)","decl":{"start":{"line":94,"column":21},"end":{"line":94,"column":22}},"loc":{"start":{"line":94,"column":27},"end":{"line":94,"column":67}}},"10":{"name":"restoreSchedule","decl":{"start":{"line":102,"column":15},"end":{"line":102,"column":30}},"loc":{"start":{"line":102,"column":48},"end":{"line":111,"column":1}}},"11":{"name":"(anonymous_11)","decl":{"start":{"line":104,"column":28},"end":{"line":104,"column":29}},"loc":{"start":{"line":104,"column":38},"end":{"line":104,"column":53}}},"12":{"name":"loadFriendsSchedules","decl":{"start":{"line":113,"column":15},"end":{"line":113,"column":35}},"loc":{"start":{"line":113,"column":53},"end":{"line":120,"column":1}}},"13":{"name":"setSharingEnabled","decl":{"start":{"line":122,"column":9},"end":{"line":122,"column":26}},"loc":{"start":{"line":122,"column":58},"end":{"line":131,"column":1}}},"14":{"name":"(anonymous_14)","decl":{"start":{"line":123,"column":9},"end":{"line":123,"column":10}},"loc":{"start":{"line":123,"column":23},"end":{"line":130,"column":3}}},"15":{"name":"shareSession","decl":{"start":{"line":133,"column":9},"end":{"line":133,"column":21}},"loc":{"start":{"line":133,"column":53},"end":{"line":153,"column":1}}},"16":{"name":"(anonymous_16)","decl":{"start":{"line":134,"column":9},"end":{"line":134,"column":10}},"loc":{"start":{"line":134,"column":33},"end":{"line":152,"column":3}}},"17":{"name":"(anonymous_17)","decl":{"start":{"line":144,"column":9},"end":{"line":144,"column":10}},"loc":{"start":{"line":144,"column":16},"end":{"line":144,"column":32}}},"18":{"name":"(anonymous_18)","decl":{"start":{"line":150,"column":9},"end":{"line":150,"column":10}},"loc":{"start":{"line":150,"column":16},"end":{"line":150,"column":48}}},"19":{"name":"logShare","decl":{"start":{"line":155,"column":9},"end":{"line":155,"column":17}},"loc":{"start":{"line":155,"column":43},"end":{"line":162,"column":1}}}},"branchMap":{"0":{"loc":{"start":{"line":42,"column":4},"end":{"line":49,"column":5}},"type":"if","locations":[{"start":{"line":42,"column":4},"end":{"line":49,"column":5}},{"start":{"line":42,"column":4},"end":{"line":49,"column":5}}]},"1":{"loc":{"start":{"line":59,"column":4},"end":{"line":66,"column":5}},"type":"if","locations":[{"start":{"line":59,"column":4},"end":{"line":66,"column":5}},{"start":{"line":59,"column":4},"end":{"line":66,"column":5}}]},"2":{"loc":{"start":{"line":76,"column":4},"end":{"line":98,"column":5}},"type":"if","locations":[{"start":{"line":76,"column":4},"end":{"line":98,"column":5}},{"start":{"line":76,"column":4},"end":{"line":98,"column":5}}]},"3":{"loc":{"start":{"line":82,"column":8},"end":{"line":84,"column":9}},"type":"if","locations":[{"start":{"line":82,"column":8},"end":{"line":84,"column":9}},{"start":{"line":82,"column":8},"end":{"line":84,"column":9}}]},"4":{"loc":{"start":{"line":140,"column":4},"end":{"line":151,"column":5}},"type":"if","locations":[{"start":{"line":140,"column":4},"end":{"line":151,"column":5}},{"start":{"line":140,"column":4},"end":{"line":151,"column":5}}]},"5":{"loc":{"start":{"line":159,"column":15},"end":{"line":159,"column":39}},"type":"cond-expr","locations":[{"start":{"line":159,"column":27},"end":{"line":159,"column":32}},{"start":{"line":159,"column":35},"end":{"line":159,"column":39}}]},"6":{"loc":{"start":{"line":160,"column":14},"end":{"line":160,"column":29}},"type":"binary-expr","locations":[{"start":{"line":160,"column":14},"end":{"line":160,"column":22}},{"start":{"line":160,"column":26},"end":{"line":160,"column":29}}]}},"s":{"0":5,"1":5,"2":5,"3":5,"4":5,"5":5,"6":5,"7":5,"8":5,"9":0,"10":0,"11":0,"12":0,"13":0,"14":0,"15":0,"16":0,"17":0,"18":0,"19":0,"20":0,"21":0,"22":0,"23":0,"24":0,"25":0,"26":0,"27":0,"28":0,"29":0,"30":0,"31":0,"32":0,"33":0,"34":0,"35":0,"36":0,"37":0,"38":0,"39":0,"40":5,"41":0,"42":0,"43":0,"44":0,"45":0,"46":0,"47":0,"48":0,"49":0,"50":0,"51":0,"52":0,"53":0,"54":5},"f":{"0":0,"1":0,"2":0,"3":0,"4":0,"5":0,"6":0,"7":0,"8":0,"9":0,"10":0,"11":0,"12":0,"13":0,"14":0,"15":0,"16":0,"17":0,"18":0,"19":0},"b":{"0":[0,0],"1":[0,0],"2":[0,0],"3":[0,0],"4":[0,0],"5":[0,0],"6":[0,0]},"_coverageSchema":"332fd63041d2c1bcb487cc26dd0d5f7d97098a6c","hash":"08a7fc677b3c883dad910a172693154e91edd1c5"}
,"/Users/natthaphatmaleehuan/Desktop/work/clogii-mobile/js/actions/session.js": {"path":"/Users/natthaphatmaleehuan/Desktop/work/clogii-mobile/js/actions/session.js","statementMap":{"0":{"start":{"line":12,"column":16},"end":{"line":41,"column":4}},"1":{"start":{"line":43,"column":2},"end":{"line":43,"column":51}},"2":{"start":{"line":46,"column":0},"end":{"line":48,"column":2}}},"fnMap":{"0":{"name":"loadSessions","decl":{"start":{"line":11,"column":9},"end":{"line":11,"column":21}},"loc":{"start":{"line":11,"column":38},"end":{"line":44,"column":1}}}},"branchMap":{},"s":{"0":0,"1":3,"2":3},"f":{"0":0},"b":{},"_coverageSchema":"332fd63041d2c1bcb487cc26dd0d5f7d97098a6c","hash":"b9ccc4a2b585f27b45b2ab60aa8c64f3bba3669c"}
,"/Users/natthaphatmaleehuan/Desktop/work/clogii-mobile/js/actions/surveys.js": {"path":"/Users/natthaphatmaleehuan/Desktop/work/clogii-mobile/js/actions/surveys.js","statementMap":{"0":{"start":{"line":27,"column":14},"end":{"line":27,"column":43}},"1":{"start":{"line":32,"column":15},"end":{"line":32,"column":47}},"2":{"start":{"line":33,"column":2},"end":{"line":36,"column":4}},"3":{"start":{"line":40,"column":2},"end":{"line":40,"column":56}},"4":{"start":{"line":41,"column":2},"end":{"line":44,"column":4}},"5":{"start":{"line":47,"column":0},"end":{"line":50,"column":2}}},"fnMap":{"0":{"name":"loadSurveys","decl":{"start":{"line":31,"column":15},"end":{"line":31,"column":26}},"loc":{"start":{"line":31,"column":46},"end":{"line":37,"column":1}}},"1":{"name":"submitSurveyAnswers","decl":{"start":{"line":39,"column":15},"end":{"line":39,"column":34}},"loc":{"start":{"line":39,"column":85},"end":{"line":45,"column":1}}}},"branchMap":{},"s":{"0":6,"1":0,"2":0,"3":6,"4":0,"5":6},"f":{"0":0,"1":0},"b":{},"_coverageSchema":"332fd63041d2c1bcb487cc26dd0d5f7d97098a6c","hash":"5286d6051615d2e2b2544c52b78319bd3090753f"}
,"/Users/natthaphatmaleehuan/Desktop/work/clogii-mobile/js/actions/viewer.js": {"path":"/Users/natthaphatmaleehuan/Desktop/work/clogii-mobile/js/actions/viewer.js","statementMap":{"0":{"start":{"line":12,"column":16},"end":{"line":38,"column":4}},"1":{"start":{"line":40,"column":18},"end":{"line":40,"column":64}},"2":{"start":{"line":41,"column":2},"end":{"line":41,"column":41}},"3":{"start":{"line":44,"column":0},"end":{"line":46,"column":2}}},"fnMap":{"0":{"name":"loadViewer","decl":{"start":{"line":11,"column":9},"end":{"line":11,"column":19}},"loc":{"start":{"line":11,"column":36},"end":{"line":42,"column":1}}}},"branchMap":{},"s":{"0":0,"1":3,"2":0,"3":3},"f":{"0":0},"b":{},"_coverageSchema":"332fd63041d2c1bcb487cc26dd0d5f7d97098a6c","hash":"4b40757723975f24512f2047499188deddec8175"}
,"/Users/natthaphatmaleehuan/Desktop/work/clogii-mobile/js/common/CircleImage.js": {"path":"/Users/natthaphatmaleehuan/Desktop/work/clogii-mobile/js/common/CircleImage.js","statementMap":{"0":{"start":{"line":6,"column":20},"end":{"line":11,"column":21}},"1":{"start":{"line":6,"column":30},"end":{"line":11,"column":20}}},"fnMap":{"0":{"name":"(anonymous_0)","decl":{"start":{"line":6,"column":20},"end":{"line":6,"column":21}},"loc":{"start":{"line":6,"column":30},"end":{"line":11,"column":20}}}},"branchMap":{},"s":{"0":7,"1":5},"f":{"0":10},"b":{},"_coverageSchema":"332fd63041d2c1bcb487cc26dd0d5f7d97098a6c","hash":"c3f65abc5a7cad0c470aeedfaa3bb8f5dfbc82d0"}
,"/Users/natthaphatmaleehuan/Desktop/work/clogii-mobile/js/common/ClogiiButton.js": {"path":"/Users/natthaphatmaleehuan/Desktop/work/clogii-mobile/js/common/ClogiiButton.js","statementMap":{"0":{"start":{"line":28,"column":12},"end":{"line":28,"column":28}},"1":{"start":{"line":30,"column":12},"end":{"line":30,"column":28}},"2":{"start":{"line":31,"column":17},"end":{"line":31,"column":38}},"3":{"start":{"line":32,"column":15},"end":{"line":32,"column":32}},"4":{"start":{"line":33,"column":23},"end":{"line":33,"column":50}},"5":{"start":{"line":34,"column":11},"end":{"line":34,"column":26}},"6":{"start":{"line":38,"column":20},"end":{"line":38,"column":52}},"7":{"start":{"line":40,"column":4},"end":{"line":42,"column":5}},"8":{"start":{"line":41,"column":6},"end":{"line":41,"column":68}},"9":{"start":{"line":44,"column":4},"end":{"line":77,"column":5}},"10":{"start":{"line":45,"column":6},"end":{"line":55,"column":8}},"11":{"start":{"line":57,"column":9},"end":{"line":77,"column":5}},"12":{"start":{"line":58,"column":6},"end":{"line":65,"column":8}},"13":{"start":{"line":68,"column":19},"end":{"line":68,"column":66}},"14":{"start":{"line":69,"column":6},"end":{"line":76,"column":8}},"15":{"start":{"line":78,"column":4},"end":{"line":86,"column":6}},"16":{"start":{"line":90,"column":15},"end":{"line":90,"column":17}},"17":{"start":{"line":92,"column":13},"end":{"line":139,"column":2}},"18":{"start":{"line":141,"column":0},"end":{"line":141,"column":30}}},"fnMap":{"0":{"name":"(anonymous_0)","decl":{"start":{"line":37,"column":2},"end":{"line":37,"column":3}},"loc":{"start":{"line":37,"column":11},"end":{"line":87,"column":3}}}},"branchMap":{"0":{"loc":{"start":{"line":40,"column":4},"end":{"line":42,"column":5}},"type":"if","locations":[{"start":{"line":40,"column":4},"end":{"line":42,"column":5}},{"start":{"line":40,"column":4},"end":{"line":42,"column":5}}]},"1":{"loc":{"start":{"line":44,"column":4},"end":{"line":77,"column":5}},"type":"if","locations":[{"start":{"line":44,"column":4},"end":{"line":77,"column":5}},{"start":{"line":44,"column":4},"end":{"line":77,"column":5}}]},"2":{"loc":{"start":{"line":44,"column":8},"end":{"line":44,"column":70}},"type":"binary-expr","locations":[{"start":{"line":44,"column":8},"end":{"line":44,"column":37}},{"start":{"line":44,"column":41},"end":{"line":44,"column":70}}]},"3":{"loc":{"start":{"line":57,"column":9},"end":{"line":77,"column":5}},"type":"if","locations":[{"start":{"line":57,"column":9},"end":{"line":77,"column":5}},{"start":{"line":57,"column":9},"end":{"line":77,"column":5}}]},"4":{"loc":{"start":{"line":68,"column":19},"end":{"line":68,"column":66}},"type":"binary-expr","locations":[{"start":{"line":68,"column":19},"end":{"line":68,"column":49}},{"start":{"line":68,"column":53},"end":{"line":68,"column":66}}]}},"s":{"0":5,"1":5,"2":5,"3":5,"4":5,"5":5,"6":0,"7":0,"8":5,"9":0,"10":0,"11":0,"12":0,"13":0,"14":0,"15":0,"16":5,"17":5,"18":5},"f":{"0":0},"b":{"0":[0,0],"1":[0,0],"2":[0,0],"3":[0,0],"4":[0,0]},"_coverageSchema":"332fd63041d2c1bcb487cc26dd0d5f7d97098a6c","hash":"cccf5f48cda405108713e1d9bf0fc154547b9721"}
,"/Users/natthaphatmaleehuan/Desktop/work/clogii-mobile/js/common/F8Button.js": {"path":"/Users/natthaphatmaleehuan/Desktop/work/clogii-mobile/js/common/F8Button.js","statementMap":{"0":{"start":{"line":28,"column":15},"end":{"line":28,"column":34}},"1":{"start":{"line":29,"column":12},"end":{"line":29,"column":28}},"2":{"start":{"line":31,"column":12},"end":{"line":31,"column":28}},"3":{"start":{"line":32,"column":17},"end":{"line":32,"column":38}},"4":{"start":{"line":33,"column":15},"end":{"line":33,"column":32}},"5":{"start":{"line":34,"column":23},"end":{"line":34,"column":50}},"6":{"start":{"line":35,"column":11},"end":{"line":35,"column":26}},"7":{"start":{"line":47,"column":20},"end":{"line":47,"column":52}},"8":{"start":{"line":49,"column":4},"end":{"line":51,"column":5}},"9":{"start":{"line":50,"column":6},"end":{"line":50,"column":68}},"10":{"start":{"line":53,"column":4},"end":{"line":75,"column":5}},"11":{"start":{"line":54,"column":6},"end":{"line":64,"column":8}},"12":{"start":{"line":66,"column":19},"end":{"line":66,"column":66}},"13":{"start":{"line":67,"column":6},"end":{"line":74,"column":8}},"14":{"start":{"line":76,"column":4},"end":{"line":84,"column":6}},"15":{"start":{"line":88,"column":15},"end":{"line":88,"column":17}},"16":{"start":{"line":90,"column":13},"end":{"line":125,"column":2}},"17":{"start":{"line":127,"column":0},"end":{"line":127,"column":26}}},"fnMap":{"0":{"name":"(anonymous_0)","decl":{"start":{"line":46,"column":2},"end":{"line":46,"column":3}},"loc":{"start":{"line":46,"column":11},"end":{"line":85,"column":3}}}},"branchMap":{"0":{"loc":{"start":{"line":49,"column":4},"end":{"line":51,"column":5}},"type":"if","locations":[{"start":{"line":49,"column":4},"end":{"line":51,"column":5}},{"start":{"line":49,"column":4},"end":{"line":51,"column":5}}]},"1":{"loc":{"start":{"line":53,"column":4},"end":{"line":75,"column":5}},"type":"if","locations":[{"start":{"line":53,"column":4},"end":{"line":75,"column":5}},{"start":{"line":53,"column":4},"end":{"line":75,"column":5}}]},"2":{"loc":{"start":{"line":53,"column":8},"end":{"line":53,"column":70}},"type":"binary-expr","locations":[{"start":{"line":53,"column":8},"end":{"line":53,"column":37}},{"start":{"line":53,"column":41},"end":{"line":53,"column":70}}]},"3":{"loc":{"start":{"line":66,"column":19},"end":{"line":66,"column":66}},"type":"binary-expr","locations":[{"start":{"line":66,"column":19},"end":{"line":66,"column":49}},{"start":{"line":66,"column":53},"end":{"line":66,"column":66}}]}},"s":{"0":7,"1":4,"2":7,"3":7,"4":4,"5":7,"6":8,"7":3,"8":3,"9":0,"10":3,"11":3,"12":0,"13":0,"14":3,"15":4,"16":4,"17":4},"f":{"0":6},"b":{"0":[0,6],"1":[6,0],"2":[6,6],"3":[0,0]},"_coverageSchema":"332fd63041d2c1bcb487cc26dd0d5f7d97098a6c","hash":"fae6623447ad78de325a048f9f6e330a2f1314c4"}
,"/Users/natthaphatmaleehuan/Desktop/work/clogii-mobile/js/common/F8Colors.js": {"path":"/Users/natthaphatmaleehuan/Desktop/work/clogii-mobile/js/common/F8Colors.js","statementMap":{"0":{"start":{"line":28,"column":24},"end":{"line":37,"column":1}},"1":{"start":{"line":40,"column":2},"end":{"line":42,"column":3}},"2":{"start":{"line":41,"column":4},"end":{"line":41,"column":19}},"3":{"start":{"line":44,"column":14},"end":{"line":44,"column":53}},"4":{"start":{"line":45,"column":2},"end":{"line":48,"column":3}},"5":{"start":{"line":46,"column":4},"end":{"line":46,"column":56}},"6":{"start":{"line":47,"column":4},"end":{"line":47,"column":20}},"7":{"start":{"line":49,"column":2},"end":{"line":49,"column":15}},"8":{"start":{"line":53,"column":14},"end":{"line":53,"column":51}},"9":{"start":{"line":54,"column":2},"end":{"line":54,"column":33}},"10":{"start":{"line":57,"column":0},"end":{"line":67,"column":2}}},"fnMap":{"0":{"name":"colorForLocation","decl":{"start":{"line":39,"column":9},"end":{"line":39,"column":25}},"loc":{"start":{"line":39,"column":53},"end":{"line":50,"column":1}}},"1":{"name":"colorForTopic","decl":{"start":{"line":52,"column":9},"end":{"line":52,"column":22}},"loc":{"start":{"line":52,"column":61},"end":{"line":55,"column":1}}}},"branchMap":{"0":{"loc":{"start":{"line":40,"column":2},"end":{"line":42,"column":3}},"type":"if","locations":[{"start":{"line":40,"column":2},"end":{"line":42,"column":3}},{"start":{"line":40,"column":2},"end":{"line":42,"column":3}}]},"1":{"loc":{"start":{"line":45,"column":2},"end":{"line":48,"column":3}},"type":"if","locations":[{"start":{"line":45,"column":2},"end":{"line":48,"column":3}},{"start":{"line":45,"column":2},"end":{"line":48,"column":3}}]}},"s":{"0":9,"1":0,"2":0,"3":0,"4":0,"5":0,"6":0,"7":9,"8":0,"9":0,"10":9},"f":{"0":0,"1":0},"b":{"0":[0,0],"1":[0,0]},"_coverageSchema":"332fd63041d2c1bcb487cc26dd0d5f7d97098a6c","hash":"26f7897894458eaa249d9f9d234ad44142d30768"}
,"/Users/natthaphatmaleehuan/Desktop/work/clogii-mobile/js/common/F8Text.js": {"path":"/Users/natthaphatmaleehuan/Desktop/work/clogii-mobile/js/common/F8Text.js","statementMap":{"0":{"start":{"line":33,"column":2},"end":{"line":33,"column":70}},"1":{"start":{"line":37,"column":2},"end":{"line":37,"column":81}},"2":{"start":{"line":41,"column":2},"end":{"line":41,"column":80}},"3":{"start":{"line":44,"column":14},"end":{"line":44,"column":50}},"4":{"start":{"line":47,"column":2},"end":{"line":47,"column":34}},"5":{"start":{"line":50,"column":15},"end":{"line":66,"column":2}}},"fnMap":{"0":{"name":"Text","decl":{"start":{"line":32,"column":16},"end":{"line":32,"column":20}},"loc":{"start":{"line":32,"column":62},"end":{"line":34,"column":1}}},"1":{"name":"Heading1","decl":{"start":{"line":36,"column":16},"end":{"line":36,"column":24}},"loc":{"start":{"line":36,"column":66},"end":{"line":38,"column":1}}},"2":{"name":"Paragraph","decl":{"start":{"line":40,"column":16},"end":{"line":40,"column":25}},"loc":{"start":{"line":40,"column":67},"end":{"line":42,"column":1}}},"3":{"name":"normalize","decl":{"start":{"line":46,"column":9},"end":{"line":46,"column":18}},"loc":{"start":{"line":46,"column":41},"end":{"line":48,"column":1}}}},"branchMap":{},"s":{"0":6,"1":0,"2":0,"3":45,"4":36,"5":9},"f":{"0":6,"1":0,"2":0,"3":72},"b":{},"_coverageSchema":"332fd63041d2c1bcb487cc26dd0d5f7d97098a6c","hash":"01f195f410217958353932ab046c27d78484b7e3"}
,"/Users/natthaphatmaleehuan/Desktop/work/clogii-mobile/js/common/LoginButton.js": {"path":"/Users/natthaphatmaleehuan/Desktop/work/clogii-mobile/js/common/LoginButton.js","statementMap":{"0":{"start":{"line":26,"column":14},"end":{"line":26,"column":30}},"1":{"start":{"line":27,"column":21},"end":{"line":27,"column":44}},"2":{"start":{"line":30,"column":30},"end":{"line":30,"column":51}},"3":{"start":{"line":31,"column":18},"end":{"line":31,"column":40}},"4":{"start":{"line":46,"column":4},"end":{"line":46,"column":12}},"5":{"start":{"line":47,"column":4},"end":{"line":47,"column":38}},"6":{"start":{"line":51,"column":4},"end":{"line":51,"column":27}},"7":{"start":{"line":55,"column":4},"end":{"line":55,"column":28}},"8":{"start":{"line":59,"column":4},"end":{"line":66,"column":5}},"9":{"start":{"line":60,"column":6},"end":{"line":65,"column":8}},"10":{"start":{"line":68,"column":4},"end":{"line":74,"column":6}},"11":{"start":{"line":72,"column":23},"end":{"line":72,"column":35}},"12":{"start":{"line":78,"column":35},"end":{"line":78,"column":45}},"13":{"start":{"line":80,"column":4},"end":{"line":80,"column":37}},"14":{"start":{"line":81,"column":4},"end":{"line":95,"column":5}},"15":{"start":{"line":82,"column":6},"end":{"line":85,"column":9}},"16":{"start":{"line":87,"column":22},"end":{"line":87,"column":36}},"17":{"start":{"line":88,"column":6},"end":{"line":91,"column":7}},"18":{"start":{"line":89,"column":8},"end":{"line":89,"column":23}},"19":{"start":{"line":90,"column":8},"end":{"line":90,"column":24}},"20":{"start":{"line":92,"column":6},"end":{"line":92,"column":13}},"21":{"start":{"line":94,"column":6},"end":{"line":94,"column":59}},"22":{"start":{"line":97,"column":4},"end":{"line":97,"column":31}},"23":{"start":{"line":102,"column":2},"end":{"line":104,"column":5}},"24":{"start":{"line":103,"column":4},"end":{"line":103,"column":57}},"25":{"start":{"line":103,"column":21},"end":{"line":103,"column":51}},"26":{"start":{"line":107,"column":13},"end":{"line":112,"column":2}},"27":{"start":{"line":114,"column":0},"end":{"line":114,"column":40}}},"fnMap":{"0":{"name":"(anonymous_0)","decl":{"start":{"line":45,"column":2},"end":{"line":45,"column":3}},"loc":{"start":{"line":45,"column":16},"end":{"line":48,"column":3}}},"1":{"name":"(anonymous_1)","decl":{"start":{"line":50,"column":2},"end":{"line":50,"column":3}},"loc":{"start":{"line":50,"column":22},"end":{"line":52,"column":3}}},"2":{"name":"(anonymous_2)","decl":{"start":{"line":54,"column":2},"end":{"line":54,"column":3}},"loc":{"start":{"line":54,"column":25},"end":{"line":56,"column":3}}},"3":{"name":"(anonymous_3)","decl":{"start":{"line":58,"column":2},"end":{"line":58,"column":3}},"loc":{"start":{"line":58,"column":11},"end":{"line":75,"column":3}}},"4":{"name":"(anonymous_4)","decl":{"start":{"line":72,"column":17},"end":{"line":72,"column":18}},"loc":{"start":{"line":72,"column":23},"end":{"line":72,"column":35}}},"5":{"name":"(anonymous_5)","decl":{"start":{"line":77,"column":2},"end":{"line":77,"column":3}},"loc":{"start":{"line":77,"column":16},"end":{"line":98,"column":3}}},"6":{"name":"timeout","decl":{"start":{"line":101,"column":15},"end":{"line":101,"column":22}},"loc":{"start":{"line":101,"column":44},"end":{"line":105,"column":1}}},"7":{"name":"(anonymous_7)","decl":{"start":{"line":102,"column":21},"end":{"line":102,"column":22}},"loc":{"start":{"line":102,"column":42},"end":{"line":104,"column":3}}},"8":{"name":"(anonymous_8)","decl":{"start":{"line":103,"column":15},"end":{"line":103,"column":16}},"loc":{"start":{"line":103,"column":21},"end":{"line":103,"column":51}}}},"branchMap":{"0":{"loc":{"start":{"line":59,"column":4},"end":{"line":66,"column":5}},"type":"if","locations":[{"start":{"line":59,"column":4},"end":{"line":66,"column":5}},{"start":{"line":59,"column":4},"end":{"line":66,"column":5}}]},"1":{"loc":{"start":{"line":87,"column":22},"end":{"line":87,"column":36}},"type":"binary-expr","locations":[{"start":{"line":87,"column":22},"end":{"line":87,"column":31}},{"start":{"line":87,"column":35},"end":{"line":87,"column":36}}]},"2":{"loc":{"start":{"line":88,"column":6},"end":{"line":91,"column":7}},"type":"if","locations":[{"start":{"line":88,"column":6},"end":{"line":91,"column":7}},{"start":{"line":88,"column":6},"end":{"line":91,"column":7}}]},"3":{"loc":{"start":{"line":88,"column":10},"end":{"line":88,"column":67}},"type":"binary-expr","locations":[{"start":{"line":88,"column":10},"end":{"line":88,"column":33}},{"start":{"line":88,"column":37},"end":{"line":88,"column":67}}]},"4":{"loc":{"start":{"line":94,"column":6},"end":{"line":94,"column":58}},"type":"binary-expr","locations":[{"start":{"line":94,"column":6},"end":{"line":94,"column":21}},{"start":{"line":94,"column":25},"end":{"line":94,"column":58}}]},"5":{"loc":{"start":{"line":97,"column":4},"end":{"line":97,"column":30}},"type":"binary-expr","locations":[{"start":{"line":97,"column":4},"end":{"line":97,"column":14}},{"start":{"line":97,"column":18},"end":{"line":97,"column":30}}]}},"s":{"0":2,"1":2,"2":2,"3":2,"4":0,"5":0,"6":0,"7":0,"8":0,"9":0,"10":0,"11":0,"12":0,"13":0,"14":0,"15":0,"16":0,"17":0,"18":0,"19":0,"20":2,"21":0,"22":0,"23":0,"24":0,"25":0,"26":2,"27":2},"f":{"0":0,"1":0,"2":0,"3":0,"4":0,"5":0,"6":0,"7":0,"8":0},"b":{"0":[0,0],"1":[0,0],"2":[0,0],"3":[0,0],"4":[0,0],"5":[0,0]},"_coverageSchema":"332fd63041d2c1bcb487cc26dd0d5f7d97098a6c","hash":"a6d7f449ff21309bbf6cc997c3c5ae7406d74fac"}
,"/Users/natthaphatmaleehuan/Desktop/work/clogii-mobile/js/common/ProfilePicture.js": {"path":"/Users/natthaphatmaleehuan/Desktop/work/clogii-mobile/js/common/ProfilePicture.js","statementMap":{"0":{"start":{"line":26,"column":12},"end":{"line":26,"column":28}},"1":{"start":{"line":27,"column":12},"end":{"line":27,"column":28}},"2":{"start":{"line":28,"column":17},"end":{"line":28,"column":38}},"3":{"start":{"line":40,"column":25},"end":{"line":40,"column":35}},"4":{"start":{"line":41,"column":19},"end":{"line":41,"column":40}},"5":{"start":{"line":42,"column":23},"end":{"line":42,"column":46}},"6":{"start":{"line":44,"column":4},"end":{"line":46,"column":5}},"7":{"start":{"line":45,"column":6},"end":{"line":45,"column":99}},"8":{"start":{"line":47,"column":4},"end":{"line":49,"column":5}},"9":{"start":{"line":48,"column":6},"end":{"line":48,"column":32}},"10":{"start":{"line":50,"column":4},"end":{"line":61,"column":5}},"11":{"start":{"line":51,"column":6},"end":{"line":60,"column":8}},"12":{"start":{"line":62,"column":4},"end":{"line":73,"column":5}},"13":{"start":{"line":63,"column":6},"end":{"line":72,"column":8}},"14":{"start":{"line":74,"column":4},"end":{"line":83,"column":6}},"15":{"start":{"line":87,"column":0},"end":{"line":87,"column":32}}},"fnMap":{"0":{"name":"(anonymous_0)","decl":{"start":{"line":39,"column":2},"end":{"line":39,"column":3}},"loc":{"start":{"line":39,"column":11},"end":{"line":84,"column":3}}}},"branchMap":{"0":{"loc":{"start":{"line":41,"column":19},"end":{"line":41,"column":40}},"type":"cond-expr","locations":[{"start":{"line":41,"column":26},"end":{"line":41,"column":33}},{"start":{"line":41,"column":36},"end":{"line":41,"column":40}}]},"1":{"loc":{"start":{"line":44,"column":4},"end":{"line":46,"column":5}},"type":"if","locations":[{"start":{"line":44,"column":4},"end":{"line":46,"column":5}},{"start":{"line":44,"column":4},"end":{"line":46,"column":5}}]},"2":{"loc":{"start":{"line":47,"column":4},"end":{"line":49,"column":5}},"type":"if","locations":[{"start":{"line":47,"column":4},"end":{"line":49,"column":5}},{"start":{"line":47,"column":4},"end":{"line":49,"column":5}}]},"3":{"loc":{"start":{"line":47,"column":8},"end":{"line":47,"column":35}},"type":"binary-expr","locations":[{"start":{"line":47,"column":8},"end":{"line":47,"column":12}},{"start":{"line":47,"column":16},"end":{"line":47,"column":35}}]},"4":{"loc":{"start":{"line":50,"column":4},"end":{"line":61,"column":5}},"type":"if","locations":[{"start":{"line":50,"column":4},"end":{"line":61,"column":5}},{"start":{"line":50,"column":4},"end":{"line":61,"column":5}}]},"5":{"loc":{"start":{"line":62,"column":4},"end":{"line":73,"column":5}},"type":"if","locations":[{"start":{"line":62,"column":4},"end":{"line":73,"column":5}},{"start":{"line":62,"column":4},"end":{"line":73,"column":5}}]}},"s":{"0":24,"1":6,"2":24,"3":21,"4":42,"5":21,"6":42,"7":21,"8":24,"9":3,"10":21,"11":0,"12":21,"13":18,"14":3,"15":3},"f":{"0":42},"b":{"0":[6,36],"1":[6,36],"2":[0,42],"3":[42,6],"4":[0,42],"5":[36,6]},"_coverageSchema":"332fd63041d2c1bcb487cc26dd0d5f7d97098a6c","hash":"3e13aa0db041c498c6c40364da7f3117e091b4dd"}
,"/Users/natthaphatmaleehuan/Desktop/work/clogii-mobile/js/common/PureListView.js": {"path":"/Users/natthaphatmaleehuan/Desktop/work/clogii-mobile/js/common/PureListView.js","statementMap":{"0":{"start":{"line":26,"column":15},"end":{"line":26,"column":34}},"1":{"start":{"line":27,"column":17},"end":{"line":27,"column":38}},"2":{"start":{"line":28,"column":15},"end":{"line":28,"column":34}},"3":{"start":{"line":29,"column":17},"end":{"line":29,"column":38}},"4":{"start":{"line":30,"column":12},"end":{"line":30,"column":28}},"5":{"start":{"line":31,"column":11},"end":{"line":31,"column":26}},"6":{"start":{"line":50,"column":28},"end":{"line":50,"column":62}},"7":{"start":{"line":56,"column":4},"end":{"line":56,"column":17}},"8":{"start":{"line":57,"column":21},"end":{"line":62,"column":6}},"9":{"start":{"line":58,"column":42},"end":{"line":58,"column":60}},"10":{"start":{"line":59,"column":47},"end":{"line":59,"column":60}},"11":{"start":{"line":60,"column":37},"end":{"line":60,"column":50}},"12":{"start":{"line":61,"column":43},"end":{"line":61,"column":52}},"13":{"start":{"line":64,"column":4},"end":{"line":67,"column":6}},"14":{"start":{"line":69,"column":4},"end":{"line":69,"column":53}},"15":{"start":{"line":70,"column":4},"end":{"line":70,"column":67}},"16":{"start":{"line":74,"column":4},"end":{"line":78,"column":5}},"17":{"start":{"line":75,"column":6},"end":{"line":77,"column":9}},"18":{"start":{"line":82,"column":27},"end":{"line":82,"column":37}},"19":{"start":{"line":83,"column":19},"end":{"line":84,"column":73}},"20":{"start":{"line":85,"column":4},"end":{"line":96,"column":6}},"21":{"start":{"line":100,"column":4},"end":{"line":102,"column":5}},"22":{"start":{"line":101,"column":6},"end":{"line":101,"column":37}},"23":{"start":{"line":106,"column":4},"end":{"line":106,"column":41}},"24":{"start":{"line":110,"column":4},"end":{"line":110,"column":51}},"25":{"start":{"line":114,"column":4},"end":{"line":116,"column":5}},"26":{"start":{"line":115,"column":6},"end":{"line":115,"column":72}},"27":{"start":{"line":118,"column":4},"end":{"line":118,"column":64}},"28":{"start":{"line":122,"column":0},"end":{"line":128,"column":2}},"29":{"start":{"line":127,"column":41},"end":{"line":127,"column":86}},"30":{"start":{"line":131,"column":2},"end":{"line":133,"column":3}},"31":{"start":{"line":132,"column":4},"end":{"line":132,"column":40}},"32":{"start":{"line":134,"column":2},"end":{"line":136,"column":3}},"33":{"start":{"line":135,"column":4},"end":{"line":135,"column":42}},"34":{"start":{"line":137,"column":2},"end":{"line":137,"column":51}},"35":{"start":{"line":140,"column":13},"end":{"line":145,"column":2}},"36":{"start":{"line":147,"column":0},"end":{"line":147,"column":30}}},"fnMap":{"0":{"name":"(anonymous_0)","decl":{"start":{"line":55,"column":2},"end":{"line":55,"column":3}},"loc":{"start":{"line":55,"column":28},"end":{"line":71,"column":3}}},"1":{"name":"(anonymous_1)","decl":{"start":{"line":58,"column":18},"end":{"line":58,"column":19}},"loc":{"start":{"line":58,"column":42},"end":{"line":58,"column":60}}},"2":{"name":"(anonymous_2)","decl":{"start":{"line":59,"column":28},"end":{"line":59,"column":29}},"loc":{"start":{"line":59,"column":47},"end":{"line":59,"column":60}}},"3":{"name":"(anonymous_3)","decl":{"start":{"line":60,"column":21},"end":{"line":60,"column":22}},"loc":{"start":{"line":60,"column":37},"end":{"line":60,"column":50}}},"4":{"name":"(anonymous_4)","decl":{"start":{"line":61,"column":31},"end":{"line":61,"column":32}},"loc":{"start":{"line":61,"column":43},"end":{"line":61,"column":52}}},"5":{"name":"(anonymous_5)","decl":{"start":{"line":73,"column":2},"end":{"line":73,"column":3}},"loc":{"start":{"line":73,"column":46},"end":{"line":79,"column":3}}},"6":{"name":"(anonymous_6)","decl":{"start":{"line":81,"column":2},"end":{"line":81,"column":3}},"loc":{"start":{"line":81,"column":11},"end":{"line":97,"column":3}}},"7":{"name":"(anonymous_7)","decl":{"start":{"line":99,"column":2},"end":{"line":99,"column":3}},"loc":{"start":{"line":99,"column":67},"end":{"line":103,"column":3}}},"8":{"name":"(anonymous_8)","decl":{"start":{"line":105,"column":2},"end":{"line":105,"column":3}},"loc":{"start":{"line":105,"column":32},"end":{"line":107,"column":3}}},"9":{"name":"(anonymous_9)","decl":{"start":{"line":109,"column":2},"end":{"line":109,"column":3}},"loc":{"start":{"line":109,"column":28},"end":{"line":111,"column":3}}},"10":{"name":"(anonymous_10)","decl":{"start":{"line":113,"column":2},"end":{"line":113,"column":3}},"loc":{"start":{"line":113,"column":32},"end":{"line":119,"column":3}}},"11":{"name":"(anonymous_11)","decl":{"start":{"line":127,"column":19},"end":{"line":127,"column":20}},"loc":{"start":{"line":127,"column":41},"end":{"line":127,"column":86}}},"12":{"name":"cloneWithData","decl":{"start":{"line":130,"column":9},"end":{"line":130,"column":22}},"loc":{"start":{"line":130,"column":69},"end":{"line":138,"column":1}}}},"branchMap":{"0":{"loc":{"start":{"line":50,"column":28},"end":{"line":50,"column":62}},"type":"cond-expr","locations":[{"start":{"line":50,"column":56},"end":{"line":50,"column":58}},{"start":{"line":50,"column":61},"end":{"line":50,"column":62}}]},"1":{"loc":{"start":{"line":74,"column":4},"end":{"line":78,"column":5}},"type":"if","locations":[{"start":{"line":74,"column":4},"end":{"line":78,"column":5}},{"start":{"line":74,"column":4},"end":{"line":78,"column":5}}]},"2":{"loc":{"start":{"line":100,"column":4},"end":{"line":102,"column":5}},"type":"if","locations":[{"start":{"line":100,"column":4},"end":{"line":102,"column":5}},{"start":{"line":100,"column":4},"end":{"line":102,"column":5}}]},"3":{"loc":{"start":{"line":114,"column":4},"end":{"line":116,"column":5}},"type":"if","locations":[{"start":{"line":114,"column":4},"end":{"line":116,"column":5}},{"start":{"line":114,"column":4},"end":{"line":116,"column":5}}]},"4":{"loc":{"start":{"line":115,"column":13},"end":{"line":115,"column":71}},"type":"binary-expr","locations":[{"start":{"line":115,"column":13},"end":{"line":115,"column":39}},{"start":{"line":115,"column":43},"end":{"line":115,"column":71}}]},"5":{"loc":{"start":{"line":118,"column":11},"end":{"line":118,"column":63}},"type":"binary-expr","locations":[{"start":{"line":118,"column":11},"end":{"line":118,"column":34}},{"start":{"line":118,"column":38},"end":{"line":118,"column":63}}]},"6":{"loc":{"start":{"line":131,"column":2},"end":{"line":133,"column":3}},"type":"if","locations":[{"start":{"line":131,"column":2},"end":{"line":133,"column":3}},{"start":{"line":131,"column":2},"end":{"line":133,"column":3}}]},"7":{"loc":{"start":{"line":134,"column":2},"end":{"line":136,"column":3}},"type":"if","locations":[{"start":{"line":134,"column":2},"end":{"line":136,"column":3}},{"start":{"line":134,"column":2},"end":{"line":136,"column":3}}]}},"s":{"0":10,"1":37,"2":3,"3":3,"4":3,"5":10,"6":10,"7":14,"8":7,"9":34,"10":7,"11":0,"12":0,"13":7,"14":7,"15":14,"16":0,"17":7,"18":10,"19":41,"20":14,"21":0,"22":7,"23":7,"24":0,"25":10,"26":0,"27":7,"28":3,"29":34,"30":7,"31"
[...]
,"/Users/natthaphatmaleehuan/Desktop/work/clogii-mobile/js/tabs/profile/containers/ProfileScreen.js": {"path":"/Users/natthaphatmaleehuan/Desktop/work/clogii-mobile/js/tabs/profile/containers/ProfileScreen.js","statementMap":{"0":{"start":{"line":28,"column":17},"end":{"line":59,"column":1}},"1":{"start":{"line":61,"column":21},"end":{"line":74,"column":1}},"2":{"start":{"line":62,"column":2},"end":{"line":73,"column":4}},"3":{"start":{"line":63,"column":114},"end":{"line":63,"column":146}},"4":{"start":{"line":76,"column":20},"end":{"line":108,"column":1}},"5":{"start":{"line":77,"column":2},"end":{"line":107,"column":9}},"6":{"start":{"line":112,"column":4},"end":{"line":112,"column":19}},"7":{"start":{"line":113,"column":4},"end":{"line":113,"column":51}},"8":{"start":{"line":114,"column":4},"end":{"line":114,"column":51}},"9":{"start":{"line":118,"column":4},"end":{"line":124,"column":6}},"10":{"start":{"line":128,"column":19},"end":{"line":128,"column":52}},"11":{"start":{"line":129,"column":4},"end":{"line":131,"column":5}},"12":{"start":{"line":130,"column":6},"end":{"line":130,"column":101}},"13":{"start":{"line":132,"column":4},"end":{"line":134,"column":5}},"14":{"start":{"line":133,"column":6},"end":{"line":133,"column":99}},"15":{"start":{"line":135,"column":4},"end":{"line":137,"column":5}},"16":{"start":{"line":136,"column":6},"end":{"line":136,"column":93}},"17":{"start":{"line":138,"column":4},"end":{"line":140,"column":5}},"18":{"start":{"line":139,"column":6},"end":{"line":139,"column":68}},"19":{"start":{"line":141,"column":4},"end":{"line":143,"column":5}},"20":{"start":{"line":142,"column":6},"end":{"line":142,"column":66}},"21":{"start":{"line":144,"column":4},"end":{"line":146,"column":5}},"22":{"start":{"line":145,"column":6},"end":{"line":145,"column":68}},"23":{"start":{"line":147,"column":4},"end":{"line":149,"column":5}},"24":{"start":{"line":148,"column":6},"end":{"line":148,"column":69}},"25":{"start":{"line":150,"column":4},"end":{"line":152,"column":5}},"26":{"start":{"line":151,"column":6},"end":{"line":151,"column":105}},"27":{"start":{"line":153,"column":4},"end":{"line":155,"column":5}},"28":{"start":{"line":154,"column":6},"end":{"line":154,"column":71}},"29":{"start":{"line":156,"column":4},"end":{"line":158,"column":5}},"30":{"start":{"line":157,"column":6},"end":{"line":157,"column":74}},"31":{"start":{"line":159,"column":4},"end":{"line":165,"column":9}},"32":{"start":{"line":169,"column":22},"end":{"line":169,"column":41}},"33":{"start":{"line":170,"column":4},"end":{"line":172,"column":5}},"34":{"start":{"line":171,"column":6},"end":{"line":171,"column":38}},"35":{"start":{"line":173,"column":4},"end":{"line":175,"column":5}},"36":{"start":{"line":174,"column":6},"end":{"line":174,"column":41}},"37":{"start":{"line":176,"column":4},"end":{"line":178,"column":5}},"38":{"start":{"line":177,"column":6},"end":{"line":177,"column":39}},"39":{"start":{"line":179,"column":4},"end":{"line":181,"column":5}},"40":{"start":{"line":180,"column":6},"end":{"line":180,"column":41}},"41":{"start":{"line":182,"column":4},"end":{"line":184,"column":5}},"42":{"start":{"line":183,"column":6},"end":{"line":183,"column":42}},"43":{"start":{"line":188,"column":4},"end":{"line":188,"column":20}},"44":{"start":{"line":192,"column":4},"end":{"line":192,"column":26}},"45":{"start":{"line":198,"column":4},"end":{"line":198,"column":19}},"46":{"start":{"line":199,"column":4},"end":{"line":199,"column":49}},"47":{"start":{"line":203,"column":17},"end":{"line":203,"column":43}},"48":{"start":{"line":204,"column":4},"end":{"line":238,"column":6}},"49":{"start":{"line":211,"column":45},"end":{"line":211,"column":99}},"50":{"start":{"line":224,"column":114},"end":{"line":224,"column":172}},"51":{"start":{"line":225,"column":117},"end":{"line":225,"column":177}},"52":{"start":{"line":226,"column":83},"end":{"line":226,"column":135}},"53":{"start":{"line":242,"column":4},"end":{"line":247,"column":25}},"54":{"start":{"line":251,"column":15},"end":{"line":307,"column":2}},"55":{"start":{"line":309,"column":15},"end":{"line":312,"column":2}},"56":{"start":{"line":309,"column":25},"end":{"line":312,"column":1}}},"fnMap":{"0":{"name":"(anonymous_0)","decl":{"start":{"line":61,"column":21},"end":{"line":61,"column":22}},"loc":{"start":{"line":61,"column":32},"end":{"line":74,"column":1}}},"1":{"name":"(anonymous_1)","decl":{"start":{"line":63,"column":108},"end":{"line":63,"column":109}},"loc":{"start":{"line":63,"column":114},"end":{"line":63,"column":146}}},"2":{"name":"(anonymous_2)","decl":{"start":{"line":76,"column":20},"end":{"line":76,"column":21}},"loc":{"start":{"line":77,"column":2},"end":{"line":107,"column":9}}},"3":{"name":"(anonymous_3)","decl":{"start":{"line":111,"column":2},"end":{"line":111,"column":3}},"loc":{"start":{"line":111,"column":23},"end":{"line":115,"column":3}}},"4":{"name":"(anonymous_4)","decl":{"start":{"line":117,"column":2},"end":{"line":117,"column":3}},"loc":{"start":{"line":117,"column":11},"end":{"line":125,"column":3}}},"5":{"name":"(anonymous_5)","decl":{"start":{"line":127,"column":2},"end":{"line":127,"column":3}},"loc":{"start":{"line":127,"column":32},"end":{"line":166,"column":3}}},"6":{"name":"(anonymous_6)","decl":{"start":{"line":168,"column":2},"end":{"line":168,"column":3}},"loc":{"start":{"line":168,"column":20},"end":{"line":185,"column":3}}},"7":{"name":"(anonymous_7)","decl":{"start":{"line":187,"column":2},"end":{"line":187,"column":3}},"loc":{"start":{"line":187,"column":20},"end":{"line":189,"column":3}}},"8":{"name":"(anonymous_8)","decl":{"start":{"line":191,"column":2},"end":{"line":191,"column":3}},"loc":{"start":{"line":191,"column":28},"end":{"line":193,"column":3}}},"9":{"name":"(anonymous_9)","decl":{"start":{"line":197,"column":2},"end":{"line":197,"column":3}},"loc":{"start":{"line":197,"column":23},"end":{"line":200,"column":3}}},"10":{"name":"(anonymous_10)","decl":{"start":{"line":202,"column":2},"end":{"line":202,"column":3}},"loc":{"start":{"line":202,"column":11},"end":{"line":239,"column":3}}},"11":{"name":"(anonymous_11)","decl":{"start":{"line":211,"column":39},"end":{"line":211,"column":40}},"loc":{"start":{"line":211,"column":45},"end":{"line":211,"column":99}}},"12":{"name":"(anonymous_12)","decl":{"start":{"line":224,"column":108},"end":{"line":224,"column":109}},"loc":{"start":{"line":224,"column":114},"end":{"line":224,"column":172}}},"13":{"name":"(anonymous_13)","decl":{"start":{"line":225,"column":111},"end":{"line":225,"column":112}},"loc":{"start":{"line":225,"column":117},"end":{"line":225,"column":177}}},"14":{"name":"(anonymous_14)","decl":{"start":{"line":226,"column":77},"end":{"line":226,"column":78}},"loc":{"start":{"line":226,"column":83},"end":{"line":226,"column":135}}},"15":{"name":"(anonymous_15)","decl":{"start":{"line":241,"column":2},"end":{"line":241,"column":3}},"loc":{"start":{"line":241,"column":19},"end":{"line":248,"column":3}}},"16":{"name":"(anonymous_16)","decl":{"start":{"line":309,"column":15},"end":{"line":309,"column":16}},"loc":{"start":{"line":309,"column":25},"end":{"line":312,"column":1}}}},"branchMap":{"0":{"loc":{"start":{"line":63,"column":70},"end":{"line":63,"column":95}},"type":"cond-expr","locations":[{"start":{"line":63,"column":90},"end":{"line":63,"column":91}},{"start":{"line":63,"column":94},"end":{"line":63,"column":95}}]},"1":{"loc":{"start":{"line":63,"column":114},"end":{"line":63,"column":146}},"type":"binary-expr","locations":[{"start":{"line":63,"column":114},"end":{"line":63,"column":127}},{"start":{"line":63,"column":131},"end":{"line":63,"column":146}}]},"2":{"loc":{"start":{"line":129,"column":4},"end":{"line":131,"column":5}},"type":"if","locations":[{"start":{"line":129,"column":4},"end":{"line":131,"column":5}},{"start":{"line":129,"column":4},"end":{"line":131,"column":5}}]},"3":{"loc":{"start":{"line":132,"column":4},"end":{"line":134,"column":5}},"type":"if","locations":[{"start":{"line":132,"column":4},"end":{"line":134,"column":5}},{"start":{"line":132,"column":4},"end":{"line":134,"column":5}}]},"4":{"loc":{"start":{"line":135,"column":4},"end":{"line":137,"column":5}},"type":"if","locations":[{"start":{"line":135,"column":4},"end":{"line":137,"column":5}},{"start":{"line":135,"column":4},"end":{"line":137,"column":5}}]},"5":{"loc":{"start":{"line":138,"column":4},"end":{"line":140,"column":5}},"type":"if","locations":[{"start":{"line":138,"column":4},"end":{"line":140,"column":5}},{"start":{"line":138,"column":4},"end":{"line":140,"column":5}}]},"6":{"loc":{"start":{"line":141,"column":4},"end":{"line":143,"column":5}},"type":"if","locations":[{"start":{"line":141,"column":4},"end":{"line":143,"column":5}},{"start":{"line":141,"column":4},"end":{"line":143,"column":5}}]},"7":{"loc":{"start":{"line":144,"column":4},"end":{"line":146,"column":5}},"type":"if","locations":[{"start":{"line":144,"column":4},"end":{"line":146,"column":5}},{"start":{"line":144,"column":4},"end":{"line":146,"column":5}}]},"8":{"loc":{"start":{"line":147,"column":4},"end":{"line":149,"column":5}},"type":"if","locations":[{"start":{"line":147,"column":4},"end":{"line":149,"column":5}},{"start":{"line":147,"column":4},"end":{"line":149,"column":5}}]},"9":{"loc":{"start":{"line":150,"column":4},"end":{"line":152,"column":5}},"type":"if","locations":[{"start":{"line":150,"column":4},"end":{"line":152,"column":5}},{"start":{"line":150,"column":4},"end":{"line":152,"column":5}}]},"10":{"loc":{"start":{"line":153,"column":4},"end":{"line":155,"column":5}},"type":"if","locations":[{"start":{"line":153,"column":4},"end":{"line":155,"column":5}},{"start":{"line":153,"column":4},"end":{"line":155,"column":5}}]},"11":{"loc":{"start":{"line":156,"column":4},"end":{"line":158,"column":5}},"type":"if","locations":[{"start":{"line":156,"column":4},"end":{"line":158,"column":5}},{"start":{"line":156,"column":4},"end":{"line":158,"column":5}}]},"12":{"loc":{"start":{"line":170,"column":4},"end":{"line":172,"column":5}},"type":"if","locations":[{"start":{"line":170,"column":4},"end":{"line":172,"column":5}},{"start":{"line":170,"column":4},"end":{"line":172,"column":5}}]},"13":{"loc":{"start":{"line":173,"column":4},"end":{"line":175,"column":5}},"type":"if","locations":[{"start":{"line":173,"column":4},"end":{"line":175,"column":5}},{"start":{"line":173,"column":4},"end":{"line":175,"column":5}}]},"14":{"loc":{"start":{"line":176,"column":4},"end":{"line":178,"column":5}},"type":"if","locations":[{"start":{"line":176,"column":4},"end":{"line":178,"column":5}},{"start":{"line":176,"column":4},"end":{"line":178,"column":5}}]},"15":{"loc":{"start":{"line":179,"column":4},"end":{"line":181,"column":5}},"type":"if","locations":[{"start":{"line":179,"column":4},"end":{"line":181,"column":5}},{"start":{"line":179,"column":4},"end":{"line":181,"column":5}}]},"16":{"loc":{"start":{"line":182,"column":4},"end":{"line":184,"column":5}},"type":"if","locations":[{"start":{"line":182,"column":4},"end":{"line":184,"column":5}},{"start":{"line":182,"column":4},"end":{"line":184,"column":5}}]},"17":{"loc":{"start":{"line":203,"column":17},"end":{"line":203,"column":43}},"type":"binary-expr","locations":[{"start":{"line":203,"column":17},"end":{"line":203,"column":37}},{"start":{"line":203,"column":41},"end":{"line":203,"column":43}}]},"18":{"loc":{"start":{"line":211,"column":45},"end":{"line":211,"column":99}},"type":"binary-expr","locations":[{"start":{"line":211,"column":45},"end":{"line":211,"column":69}},{"start":{"line":211,"column":73},"end":{"line":211,"column":99}}]},"19":{"loc":{"start":{"line":224,"column":114},"end":{"line":224,"column":172}},"type":"binary-expr","locations":[{"start":{"line":224,"column":114},"end":{"line":224,"column":140}},{"start":{"line":224,"column":144},"end":{"line":224,"column":172}}]},"20":{"loc":{"start":{"line":225,"column":117},"end":{"line":225,"column":177}},"type":"binary-expr","locations":[{"start":{"line":225,"column":117},"end":{"line":225,"column":144}},{"start":{"line":225,"column":148},"end":{"line":225,"column":177}}]},"21":{"loc":{"start":{"line":226,"column":83},"end":{"line":226,"column":135}},"type":"binary-expr","locations":[{"start":{"line":226,"column":83},"end":{"line":226,"column":106}},{"start":{"line":226,"column":110},"end":{"line":226,"column":135}}]},"22":{"loc":{"start":{"line":242,"column":57},"end":{"line":242,"column":133}},"type":"cond-expr","locations":[{"start":{"line":242,"column":82},"end":{"line":242,"column":126}},{"start":{"line":242,"column":129},"end":{"line":242,"column":133}}]}},"s":{"0":7,"1":1,"2":8,"3":5,"4":6,"5":7,"6":10,"7":17,"8":6,"9":16,"10":13,"11":22,"12":2,"13":20,"14":2,"15":18,"16":2,"17":16,"18":2,"19":14,"20":2,"21":12,"22":2,"23":10,"24":2,"25":8,"26":2,"27":6,"28":6,"29":4,"30":6,"31":3,"32":10,"33":6,"34":6,"35":6,"36":6,"37":6,"38":2,"39":6,"40":9,"41":13,"42":9,"43":2,"44":2,"45":9,"46":9,"47":21,"48":8,"49":1,"50":1,"51":1,"52":1,"53":13,"54":1,"55":1,"56":0},"f":{"0":12,"1":0,"2":4,"3":10,"4":10,"5":24,"6":10,"7":2,"8":2,"9":16,"10":16,"11":2,"12":2,"13":2,"14":2,"15":26,"16":0},"b":{"0":[8,4],"1":[0,0],"2":[2,22],"3":[2,20],"4":[2,18],"5":[2,16],"6":[2,14],"7":[2,12],"8":[2,10],"9":[2,8],"10":[2,6],"11":[2,4],"12":[2,8],"13":[2,8],"14":[2,8],"15":[2,8],"16":[2,8],"17":[16,0],"18":[2,2],"19":[2,2],"20":[2,2],"21":[2,2],"22":[14,12]},"_coverageSchema":"332fd63041d2c1bcb487cc26dd0d5f7d97098a6c","hash":"27e540c2f4378e024760a7f3a0d8a57a215230c2"}
,"/Users/natthaphatmaleehuan/Desktop/work/clogii-mobile/js/tabs/schedule/formatDuration.js": {"path":"/Users/natthaphatmaleehuan/Desktop/work/clogii-mobile/js/tabs/schedule/formatDuration.js","statementMap":{"0":{"start":{"line":26,"column":19},"end":{"line":26,"column":42}},"1":{"start":{"line":29,"column":2},"end":{"line":31,"column":3}},"2":{"start":{"line":30,"column":4},"end":{"line":30,"column":22}},"3":{"start":{"line":32,"column":2},"end":{"line":32,"column":14}},"4":{"start":{"line":36,"column":11},"end":{"line":36,"column":26}},"5":{"start":{"line":37,"column":16},"end":{"line":37,"column":30}},"6":{"start":{"line":38,"column":14},"end":{"line":38,"column":38}},"7":{"start":{"line":40,"column":2},"end":{"line":42,"column":3}},"8":{"start":{"line":41,"column":4},"end":{"line":41,"column":54}},"9":{"start":{"line":44,"column":21},"end":{"line":44,"column":23}},"10":{"start":{"line":45,"column":2},"end":{"line":48,"column":3}},"11":{"start":{"line":46,"column":4},"end":{"line":46,"column":61}},"12":{"start":{"line":47,"column":4},"end":{"line":47,"column":35}},"13":{"start":{"line":50,"column":2},"end":{"line":52,"column":3}},"14":{"start":{"line":51,"column":4},"end":{"line":51,"column":62}},"15":{"start":{"line":54,"column":2},"end":{"line":54,"column":29}},"16":{"start":{"line":57,"column":0},"end":{"line":57,"column":32}}},"fnMap":{"0":{"name":"naivePlural","decl":{"start":{"line":28,"column":9},"end":{"line":28,"column":20}},"loc":{"start":{"line":28,"column":58},"end":{"line":33,"column":1}}},"1":{"name":"formatDuration","decl":{"start":{"line":35,"column":9},"end":{"line":35,"column":23}},"loc":{"start":{"line":35,"column":64},"end":{"line":55,"column":1}}}},"branchMap":{"0":{"loc":{"start":{"line":29,"column":2},"end":{"line":31,"column":3}},"type":"if","locations":[{"start":{"line":29,"column":2},"end":{"line":31,"column":3}},{"start":{"line":29,"column":2},"end":{"line":31,"column":3}}]},"1":{"loc":{"start":{"line":40,"column":2},"end":{"line":42,"column":3}},"type":"if","locations":[{"start":{"line":40,"column":2},"end":{"line":42,"column":3}},{"start":{"line":40,"column":2},"end":{"line":42,"column":3}}]},"2":{"loc":{"start":{"line":45,"column":2},"end":{"line":48,"column":3}},"type":"if","locations":[{"start":{"line":45,"column":2},"end":{"line":48,"column":3}},{"start":{"line":45,"column":2},"end":{"line":48,"column":3}}]},"3":{"loc":{"start":{"line":50,"column":2},"end":{"line":52,"column":3}},"type":"if","locations":[{"start":{"line":50,"column":2},"end":{"line":52,"column":3}},{"start":{"line":50,"column":2},"end":{"line":52,"column":3}}]}},"s":{"0":4,"1":4,"2":3,"3":7,"4":6,"5":9,"6":8,"7":8,"8":5,"9":6,"10":8,"11":4,"12":3,"13":4,"14":2,"15":4,"16":1},"f":{"0":6,"1":10},"b":{"0":[2,4],"1":[2,8],"2":[6,2],"3":[4,4]},"_coverageSchema":"332fd63041d2c1bcb487cc26dd0d5f7d97098a6c","hash":"01a29eed73491b8afa80660a0d7eb98c8f90e966"}
,"/Users/natthaphatmaleehuan/Desktop/work/clogii-mobile/js/tabs/schedule/formatTime.js": {"path":"/Users/natthaphatmaleehuan/Desktop/work/clogii-mobile/js/tabs/schedule/formatTime.js","statementMap":{"0":{"start":{"line":27,"column":13},"end":{"line":27,"column":27}},"1":{"start":{"line":28,"column":14},"end":{"line":28,"column":32}},"2":{"start":{"line":29,"column":16},"end":{"line":29,"column":36}},"3":{"start":{"line":30,"column":13},"end":{"line":30,"column":38}},"4":{"start":{"line":31,"column":2},"end":{"line":31,"column":21}},"5":{"start":{"line":32,"column":2},"end":{"line":32,"column":29}},"6":{"start":{"line":33,"column":2},"end":{"line":33,"column":51}},"7":{"start":{"line":34,"column":16},"end":{"line":34,"column":37}},"8":{"start":{"line":36,"column":2},"end":{"line":36,"column":30}},"9":{"start":{"line":39,"column":0},"end":{"line":39,"column":28}}},"fnMap":{"0":{"name":"formatTime","decl":{"start":{"line":26,"column":9},"end":{"line":26,"column":19}},"loc":{"start":{"line":26,"column":42},"end":{"line":37,"column":1}}}},"branchMap":{"0":{"loc":{"start":{"line":30,"column":13},"end":{"line":30,"column":38}},"type":"cond-expr","locations":[{"start":{"line":30,"column":27},"end":{"line":30,"column":31}},{"start":{"line":30,"column":34},"end":{"line":30,"column":38}}]},"1":{"loc":{"start":{"line":32,"column":10},"end":{"line":32,"column":28}},"type":"cond-expr","locations":[{"start":{"line":32,"column":18},"end":{"line":32,"column":23}},{"start":{"line":32,"column":26},"end":{"line":32,"column":28}}]},"2":{"loc":{"start":{"line":33,"column":12},"end":{"line":33,"column":50}},"type":"cond-expr","locations":[{"start":{"line":33,"column":27},"end":{"line":33,"column":40}},{"start":{"line":33,"column":43},"end":{"line":33,"column":50}}]}},"s":{"0":6,"1":6,"2":6,"3":6,"4":5,"5":3,"6":3,"7":3,"8":3,"9":2},"f":{"0":6},"b":{"0":[6,0],"1":[0,6],"2":[4,2]},"_coverageSchema":"332fd63041d2c1bcb487cc26dd0d5f7d97098a6c","hash":"cfa412cee0ad626f4c20765395d69f1efbeb369a"}
}
