TN:
SF:/Users/natthaphatmaleehuan/Desktop/work/clogii-mobile/js/env.js
FNF:0
FNH:0
DA:27,22
LF:1
LH:1
BRF:0
BRH:0
end_of_record
TN:
SF:/Users/natthaphatmaleehuan/Desktop/work/clogii-mobile/js/actions/apollo.js
FN:5,loadApolloQuery
FN:6,(anonymous_1)
FN:7,(anonymous_2)
FN:12,(anonymous_3)
FNF:4
FNH:0
FNDA:0,loadApolloQuery
FNDA:0,(anonymous_1)
FNDA:0,(anonymous_2)
FNDA:0,(anonymous_3)
DA:3,3
DA:6,0
DA:7,0
DA:8,0
DA:10,0
DA:11,0
DA:12,0
DA:14,0
DA:18,0
DA:19,0
LF:10
LH:1
BRDA:10,0,0,0
BRDA:10,0,1,0
BRDA:11,1,0,0
BRDA:11,1,1,0
BRDA:18,2,0,0
BRDA:18,2,1,0
BRF:6
BRH:0
end_of_record
TN:
SF:/Users/natthaphatmaleehuan/Desktop/work/clogii-mobile/js/actions/changeProfile.js
FN:9,getUser
FN:17,_changePassword
FN:23,_changeEmail
FN:30,(anonymous_3)
FN:30,(anonymous_4)
FN:31,(anonymous_5)
FN:36,changedEmail
FN:42,_changePassword
FN:48,(anonymous_8)
FN:48,(anonymous_9)
FN:49,(anonymous_10)
FN:54,changedPassword
FN:60,_changeProfile
FN:76,(anonymous_13)
FN:86,(anonymous_14)
FN:86,(anonymous_15)
FN:94,(anonymous_16)
FN:106,changedPublicProfile
FN:113,changedEmail
FNF:19
FNH:17
FNDA:6,getUser
FNDA:0,_changePassword
FNDA:2,_changeEmail
FNDA:2,(anonymous_3)
FNDA:2,(anonymous_4)
FNDA:2,(anonymous_5)
FNDA:0,changedEmail
FNDA:2,_changePassword
FNDA:2,(anonymous_8)
FNDA:2,(anonymous_9)
FNDA:2,(anonymous_10)
FNDA:2,changedPassword
FNDA:2,_changeProfile
FNDA:6,(anonymous_13)
FNDA:2,(anonymous_14)
FNDA:2,(anonymous_15)
FNDA:2,(anonymous_16)
FNDA:4,changedPublicProfile
FNDA:2,changedEmail
DA:10,6
DA:11,3
DA:12,3
DA:14,3
DA:18,0
DA:19,1
DA:20,1
DA:24,2
DA:25,2
DA:26,2
DA:27,2
DA:30,8
DA:31,2
DA:32,2
DA:37,1
DA:43,2
DA:44,2
DA:45,2
DA:48,8
DA:49,2
DA:50,1
DA:55,1
DA:61,2
DA:62,2
DA:63,1
DA:64,3
DA:65,1
DA:66,1
DA:68,2
DA:69,1
DA:70,1
DA:71,2
DA:72,1
DA:74,1
DA:75,1
DA:76,1
DA:77,3
DA:82,1
DA:83,1
DA:86,8
DA:87,1
DA:95,1
DA:107,2
DA:114,1
LF:44
LH:43
BRDA:11,0,0,0
BRDA:11,0,1,6
BRDA:62,1,0,0
BRDA:62,1,1,2
BRDA:68,2,0,0
BRDA:68,2,1,2
BRDA:99,3,0,2
BRDA:99,3,1,0
BRDA:100,4,0,2
BRDA:100,4,1,0
BRF:10
BRH:5
end_of_record
TN:
SF:/Users/natthaphatmaleehuan/Desktop/work/clogii-mobile/js/actions/config.js
FN:32,loadConfig
FNF:1
FNH:0
FNDA:0,loadConfig
DA:27,3
DA:28,3
DA:33,3
DA:34,0
DA:35,0
DA:41,3
LF:6
LH:4
BRF:0
BRH:0
end_of_record
TN:
SF:/Users/natthaphatmaleehuan/Desktop/work/clogii-mobile/js/actions/filter.js
FN:31,applyTopicsFilter
FN:38,clearFilter
FNF:2
FNH:0
FNDA:0,applyTopicsFilter
FNDA:0,clearFilter
DA:32,0
DA:39,0
DA:44,6
LF:3
LH:1
BRF:0
BRH:0
end_of_record
TN:
SF:/Users/natthaphatmaleehuan/Desktop/work/clogii-mobile/js/actions/index.js
FNF:0
FNH:0
DA:27,6
DA:28,3
DA:29,3
DA:30,3
DA:31,3
DA:32,3
DA:33,3
DA:34,3
DA:35,3
DA:36,3
DA:37,3
DA:38,3
DA:40,3
LF:13
LH:13
BRF:0
BRH:0
end_of_record
TN:
SF:/Users/natthaphatmaleehuan/Desktop/work/clogii-mobile/js/actions/installation.js
FN:30,currentInstallation
FN:41,updateInstallation
FNF:2
FNH:2
FNDA:8,currentInstallation
FNDA:8,updateInstallation
DA:27,10
DA:28,10
DA:31,10
DA:32,4
DA:42,4
DA:43,4
DA:46,6
LF:7
LH:7
BRDA:37,0,0,8
BRDA:37,0,1,0
BRDA:41,1,0,0
BRF:3
BRH:1
end_of_record
TN:
SF:/Users/natthaphatmaleehuan/Desktop/work/clogii-mobile/js/actions/login.js
FN:38,ParseFacebookLogin
FN:39,(anonymous_1)
FN:42,(anonymous_2)
FN:47,queryFacebookAPI
FN:48,(anonymous_4)
FN:49,(anonymous_5)
FN:59,_logInWithFacebook
FN:91,(anonymous_7)
FN:91,(anonymous_8)
FN:97,(anonymous_9)
FN:102,signedUp
FN:108,_linkFacebook
FN:109,(anonymous_12)
FN:111,(anonymous_13)
FN:112,(anonymous_14)
FN:124,_unlinkFacebook
FN:125,(anonymous_16)
FN:127,(anonymous_17)
FN:128,(anonymous_18)
FN:138,(anonymous_19)
FN:138,(anonymous_20)
FN:140,(anonymous_21)
FN:145,(anonymous_22)
FN:145,(anonymous_23)
FN:147,(anonymous_24)
FN:152,(anonymous_25)
FN:158,(anonymous_26)
FN:168,(anonymous_27)
FN:168,(anonymous_28)
FN:170,(anonymous_29)
FN:192,logInWithFacebook
FN:193,(anonymous_31)
FN:198,(anonymous_32)
FN:208,skipLogin
FN:214,(anonymous_34)
FN:214,(anonymous_35)
FN:218,logOut
FN:219,(anonymous_37)
FN:231,logOutWithPrompt
FN:232,(anonymous_39)
FN:243,(anonymous_40)
FN:255,(anonymous_41)
FNF:42
FNH:25
FNDA:2,ParseFacebookLogin
FNDA:2,(anonymous_1)
FNDA:0,(anonymous_2)
FNDA:4,queryFacebookAPI
FNDA:4,(anonymous_4)
FNDA:4,(anonymous_5)
FNDA:2,_logInWithFacebook
FNDA:0,(anonymous_7)
FNDA:0,(anonymous_8)
FNDA:0,(anonymous_9)
FNDA:0,signedUp
FNDA:4,_linkFacebook
FNDA:4,(anonymous_12)
FNDA:2,(anonymous_13)
FNDA:2,(anonymous_14)
FNDA:0,_unlinkFacebook
FNDA:0,(anonymous_16)
FNDA:0,(anonymous_17)
FNDA:0,(anonymous_18)
FNDA:4,(anonymous_19)
FNDA:4,(anonymous_20)
FNDA:2,(anonymous_21)
FNDA:0,(anonymous_22)
FNDA:0,(anonymous_23)
FNDA:0,(anonymous_24)
FNDA:2,(anonymous_25)
FNDA:4,(anonymous_26)
FNDA:4,(anonymous_27)
FNDA:4,(anonymous_28)
FNDA:2,(anonymous_29)
FNDA:2,logInWithFacebook
FNDA:2,(anonymous_31)
FNDA:2,(anonymous_32)
FNDA:0,skipLogin
FNDA:2,(anonymous_34)
FNDA:2,(anonymous_35)
FNDA:2,logOut
FNDA:2,(anonymous_37)
FNDA:0,logOutWithPrompt
FNDA:0,(anonymous_39)
FNDA:0,(anonymous_40)
FNDA:0,(anonymous_41)
DA:27,7
DA:28,7
DA:29,6
DA:30,8
DA:31,8
DA:32,8
DA:33,8
DA:34,6
DA:39,2
DA:40,2
DA:42,1
DA:48,3
DA:49,3
DA:50,3
DA:51,3
DA:53,0
DA:60,1
DA:61,1
DA:63,1
DA:64,1
DA:65,1
DA:66,1
DA:67,1
DA:68,3
DA:70,3
DA:85,2
DA:91,7
DA:92,1
DA:93,1
DA:94,1
DA:95,1
DA:96,1
DA:97,0
DA:98,0
DA:103,0
DA:109,2
DA:110,2
DA:111,1
DA:112,1
DA:115,1
DA:116,1
DA:117,3
DA:118,3
DA:119,2
DA:120,1
DA:121,1
DA:125,0
DA:126,1
DA:127,2
DA:128,2
DA:131,2
DA:132,1
DA:133,1
DA:134,1
DA:135,1
DA:138,7
DA:139,2
DA:140,2
DA:141,2
DA:145,6
DA:146,1
DA:147,1
DA:148,1
DA:152,7
DA:153,2
DA:158,7
DA:159,2
DA:168,6
DA:169,2
DA:171,1
DA:172,1
DA:173,1
DA:186,7
DA:187,1
DA:193,1
DA:194,1
DA:197,1
DA:199,1
DA:200,0
DA:201,0
DA:204,1
DA:209,0
DA:214,6
DA:215,1
DA:219,1
DA:220,1
DA:221,1
DA:222,1
DA:225,1
DA:232,0
DA:233,0
DA:235,0
DA:236,0
DA:244,0
DA:245,0
DA:250,0
DA:255,0
DA:262,6
LF:98
LH:82
BRDA:42,0,0,0
BRDA:42,0,1,0
BRDA:42,0,2,0
BRDA:50,1,0,4
BRDA:50,1,1,0
BRDA:50,2,0,4
BRDA:50,2,1,4
BRDA:53,3,0,0
BRDA:53,3,1,0
BRDA:79,4,0,2
BRDA:79,4,1,0
BRDA:80,5,0,2
BRDA:80,5,1,0
BRDA:181,6,0,2
BRDA:181,6,1,0
BRDA:182,7,0,2
BRDA:182,7,1,0
BRDA:183,8,0,2
BRDA:183,8,1,2
BRDA:233,9,0,0
BRDA:233,9,1,0
BRDA:235,10,0,0
BRDA:235,10,1,0
BRDA:244,11,0,0
BRDA:244,11,1,0
BRF:25
BRH:9
end_of_record
TN:
SF:/Users/natthaphatmaleehuan/Desktop/work/clogii-mobile/js/actions/navigation.js
FN:32,(anonymous_0)
FN:37,(anonymous_1)
FNF:2
FNH:0
FNDA:0,(anonymous_0)
FNDA:0,(anonymous_1)
DA:31,6
DA:32,0
DA:37,0
LF:3
LH:1
BRF:0
BRH:0
end_of_record
TN:
SF:/Users/natthaphatmaleehuan/Desktop/work/clogii-mobile/js/actions/notifications.js
FN:51,normalizeData
FN:62,storeDeviceToken
FN:75,turnOnPushNotifications
FN:81,skipPushNotifications
FN:87,receivePushNotification
FN:88,(anonymous_5)
FN:121,markAllNotificationsAsSeen
FN:127,loadNotifications
FNF:8
FNH:0
FNDA:0,normalizeData
FNDA:0,storeDeviceToken
FNDA:0,turnOnPushNotifications
FNDA:0,skipPushNotifications
FNDA:0,receivePushNotification
FNDA:0,(anonymous_5)
FNDA:0,markAllNotificationsAsSeen
FNDA:0,loadNotifications
DA:27,3
DA:28,3
DA:29,3
DA:30,3
DA:31,3
DA:52,0
DA:53,0
DA:55,0
DA:56,0
DA:58,0
DA:63,0
DA:64,0
DA:65,0
DA:70,0
DA:76,0
DA:82,0
DA:88,0
DA:89,0
DA:90,0
DA:92,0
DA:93,0
DA:96,0
DA:97,0
DA:98,3
DA:100,0
DA:101,0
DA:105,0
DA:106,0
DA:109,0
DA:110,0
DA:122,0
DA:128,0
DA:144,0
DA:147,3
LF:34
LH:7
BRDA:52,0,0,0
BRDA:52,0,1,0
BRDA:52,1,0,0
BRDA:52,1,1,0
BRDA:64,2,0,0
BRDA:64,2,1,0
BRDA:92,3,0,0
BRDA:92,3,1,0
BRDA:96,4,0,0
BRDA:96,4,1,0
BRDA:100,5,0,0
BRDA:100,5,1,0
BRDA:105,6,0,0
BRDA:105,6,1,0
BRF:14
BRH:0
end_of_record
TN:
SF:/Users/natthaphatmaleehuan/Desktop/work/clogii-mobile/js/actions/schedule.js
FN:40,addToSchedule
FN:41,(anonymous_1)
FN:45,(anonymous_2)
FN:57,removeFromSchedule
FN:58,(anonymous_4)
FN:62,(anonymous_5)
FN:74,removeFromScheduleWithPrompt
FN:75,(anonymous_7)
FN:81,(anonymous_8)
FN:94,(anonymous_9)
FN:102,restoreSchedule
FN:104,(anonymous_11)
FN:113,loadFriendsSchedules
FN:122,setSharingEnabled
FN:123,(anonymous_14)
FN:133,shareSession
FN:134,(anonymous_16)
FN:144,(anonymous_17)
FN:150,(anonymous_18)
FN:155,logShare
FNF:20
FNH:0
FNDA:0,addToSchedule
FNDA:0,(anonymous_1)
FNDA:0,(anonymous_2)
FNDA:0,removeFromSchedule
FNDA:0,(anonymous_4)
FNDA:0,(anonymous_5)
FNDA:0,removeFromScheduleWithPrompt
FNDA:0,(anonymous_7)
FNDA:0,(anonymous_8)
FNDA:0,(anonymous_9)
FNDA:0,restoreSchedule
FNDA:0,(anonymous_11)
FNDA:0,loadFriendsSchedules
FNDA:0,setSharingEnabled
FNDA:0,(anonymous_14)
FNDA:0,shareSession
FNDA:0,(anonymous_16)
FNDA:0,(anonymous_17)
FNDA:0,(anonymous_18)
FNDA:0,logShare
DA:27,5
DA:28,5
DA:29,5
DA:30,5
DA:31,5
DA:32,5
DA:33,5
DA:34,5
DA:35,5
DA:41,0
DA:42,0
DA:43,0
DA:44,0
DA:45,0
DA:46,0
DA:47,0
DA:50,0
DA:58,0
DA:59,0
DA:60,0
DA:61,0
DA:62,0
DA:63,0
DA:64,0
DA:67,0
DA:75,0
DA:76,0
DA:77,0
DA:82,0
DA:83,0
DA:87,0
DA:94,0
DA:103,0
DA:104,0
DA:105,0
DA:107,0
DA:114,0
DA:115,0
DA:116,0
DA:123,5
DA:124,0
DA:128,0
DA:129,0
DA:134,0
DA:135,0
DA:136,0
DA:140,0
DA:141,0
DA:144,0
DA:146,0
DA:150,0
DA:156,0
DA:157,0
DA:164,5
LF:54
LH:11
BRDA:42,0,0,0
BRDA:42,0,1,0
BRDA:59,1,0,0
BRDA:59,1,1,0
BRDA:76,2,0,0
BRDA:76,2,1,0
BRDA:82,3,0,0
BRDA:82,3,1,0
BRDA:140,4,0,0
BRDA:140,4,1,0
BRDA:159,5,0,0
BRDA:159,5,1,0
BRDA:160,6,0,0
BRDA:160,6,1,0
BRF:14
BRH:0
end_of_record
TN:
SF:/Users/natthaphatmaleehuan/Desktop/work/clogii-mobile/js/actions/session.js
FN:11,loadSessions
FNF:1
FNH:0
FNDA:0,loadSessions
DA:12,0
DA:43,3
DA:46,3
LF:3
LH:2
BRF:0
BRH:0
end_of_record
TN:
SF:/Users/natthaphatmaleehuan/Desktop/work/clogii-mobile/js/actions/surveys.js
FN:31,loadSurveys
FN:39,submitSurveyAnswers
FNF:2
FNH:0
FNDA:0,loadSurveys
FNDA:0,submitSurveyAnswers
DA:27,6
DA:32,0
DA:33,0
DA:40,6
DA:41,0
DA:47,6
LF:6
LH:3
BRF:0
BRH:0
end_of_record
TN:
SF:/Users/natthaphatmaleehuan/Desktop/work/clogii-mobile/js/actions/viewer.js
FN:11,loadViewer
FNF:1
FNH:0
FNDA:0,loadViewer
DA:12,0
DA:40,3
DA:41,0
DA:44,3
LF:4
LH:2
BRF:0
BRH:0
end_of_record
TN:
SF:/Users/natthaphatmaleehuan/Desktop/work/clogii-mobile/js/common/CircleImage.js
FN:6,(anonymous_0)
FNF:1
FNH:1
FNDA:10,(anonymous_0)
DA:6,7
LF:1
LH:1
BRF:0
BRH:0
end_of_record
TN:
SF:/Users/natthaphatmaleehuan/Desktop/work/clogii-mobile/js/common/ClogiiButton.js
FN:37,(anonymous_0)
FNF:1
FNH:0
FNDA:0,(anonymous_0)
DA:28,5
DA:30,5
DA:31,5
DA:32,5
DA:33,5
DA:34,5
DA:38,0
DA:40,0
DA:41,5
DA:44,0
DA:45,0
DA:57,0
DA:58,0
DA:68,0
DA:69,0
DA:78,0
DA:90,5
DA:92,5
DA:141,5
LF:19
LH:10
BRDA:40,0,0,0
BRDA:40,0,1,0
BRDA:44,1,0,0
BRDA:44,1,1,0
BRDA:44,2,0,0
BRDA:44,2,1,0
BRDA:57,3,0,0
BRDA:57,3,1,0
BRDA:68,4,0,0
BRDA:68,4,1,0
BRF:10
BRH:0
end_of_record
TN:
SF:/Users/natthaphatmaleehuan/Desktop/work/clogii-mobile/js/common/F8Button.js
FN:46,(anonymous_0)
FNF:1
FNH:1
FNDA:6,(anonymous_0)
DA:28,7
DA:29,4
DA:31,7
DA:32,7
DA:33,4
DA:34,7
DA:35,8
DA:47,3
DA:49,3
DA:50,0
DA:53,3
DA:54,3
DA:66,0
DA:67,0
DA:76,3
DA:88,4
DA:90,4
DA:127,4
LF:18
LH:15
BRDA:49,0,0,0
BRDA:49,0,1,6
BRDA:53,1,0,6
BRDA:53,1,1,0
BRDA:53,2,0,6
BRDA:53,2,1,6
BRDA:66,3,0,0
BRDA:66,3,1,0
BRF:8
BRH:4
end_of_record
TN:
SF:/Users/natthaphatmaleehuan/Desktop/work/clogii-mobile/js/common/F8Colors.js
FN:39,colorForLocation
FN:52,colorForTopic
FNF:2
FNH:0
FNDA:0,colorForLocation
FNDA:0,colorForTopic
DA:28,9
DA:40,0
DA:41,0
DA:44,0
DA:45,0
DA:46,0
DA:47,0
DA:49,9
DA:53,0
DA:54,0
DA:57,9
LF:11
LH:3
BRDA:40,0,0,0
BRDA:40,0,1,0
BRDA:45,1,0,0
BRDA:45,1,1,0
BRF:4
BRH:0
end_of_record
TN:
SF:/Users/natthaphatmaleehuan/Desktop/work/clogii-mobile/js/common/F8Text.js
FN:32,Text
FN:36,Heading1
FN:40,Paragraph
FN:46,normalize
FNF:4
FNH:2
FNDA:6,Text
FNDA:0,Heading1
FNDA:0,Paragraph
FNDA:72,normalize
DA:33,6
DA:37,0
DA:41,0
DA:44,45
DA:47,36
DA:50,9
LF:6
LH:4
BRF:0
BRH:0
end_of_record
TN:
SF:/Users/natthaphatmaleehuan/Desktop/work/clogii-mobile/js/common/LoginButton.js
FN:45,(anonymous_0)
FN:50,(anonymous_1)
FN:54,(anonymous_2)
FN:58,(anonymous_3)
FN:72,(anonymous_4)
FN:77,(anonymous_5)
FN:101,timeout
FN:102,(anonymous_7)
FN:103,(anonymous_8)
FNF:9
FNH:0
FNDA:0,(anonymous_0)
FNDA:0,(anonymous_1)
FNDA:0,(anonymous_2)
FNDA:0,(anonymous_3)
FNDA:0,(anonymous_4)
FNDA:0,(anonymous_5)
FNDA:0,timeout
FNDA:0,(anonymous_7)
FNDA:0,(anonymous_8)
DA:26,2
DA:27,2
DA:30,2
DA:31,2
DA:46,0
DA:47,0
DA:51,0
DA:55,0
DA:59,0
DA:60,0
DA:68,0
DA:72,0
DA:78,0
DA:80,0
DA:81,0
DA:82,0
DA:87,0
DA:88,0
DA:89,0
DA:90,0
DA:92,2
DA:94,0
DA:97,0
DA:102,0
DA:103,0
DA:107,2
DA:114,2
LF:27
LH:7
BRDA:59,0,0,0
BRDA:59,0,1,0
BRDA:87,1,0,0
BRDA:87,1,1,0
BRDA:88,2,0,0
BRDA:88,2,1,0
BRDA:88,3,0,0
BRDA:88,3,1,0
BRDA:94,4,0,0
BRDA:94,4,1,0
BRDA:97,5,0,0
BRDA:97,5,1,0
BRF:12
BRH:0
end_of_record
TN:
SF:/Users/natthaphatmaleehuan/Desktop/work/clogii-mobile/js/common/ProfilePicture.js
FN:39,(anonymous_0)
FNF:1
FNH:1
FNDA:42,(anonymous_0)
DA:26,24
DA:27,6
DA:28,24
DA:40,21
DA:41,42
DA:42,21
DA:44,42
DA:45,21
DA:47,24
DA:48,3
DA:50,21
DA:51,0
DA:62,21
DA:63,18
DA:74,3
DA:87,3
LF:16
LH:15
BRDA:41,0,0,6
BRDA:41,0,1,36
BRDA:44,1,0,6
BRDA:44,1,1,36
BRDA:47,2,0,0
BRDA:47,2,1,42
BRDA:47,3,0,42
BRDA:47,3,1,6
BRDA:50,4,0,0
BRDA:50,4,1,42
BRDA:62,5,0,36
BRDA:62,5,1,6
BRF:12
BRH:10
end_of_record
TN:
SF:/Users/natthaphatmaleehuan/Desktop/work/clogii-mobile/js/common/PureListView.js
FN:55,(anonymous_0)
FN:58,(anonymous_1)
FN:59,(anonymous_2)
FN:60,(anonymous_3)
FN:61,(anonymous_4)
FN:73,(anonymous_5)
FN:81,(anonymous_6)
FN:99,(anonymous_7)
FN:105,(anonymous_8)
FN:109,(anonymous_9)
FN:113,(anonymous_10)
FN:127,(anonymous_11)
FN:130,cloneWithData
FNF:13
FNH:6
FNDA:14,(anonymous_0)
FNDA:68,(anonymous_1)
FNDA:0,(anonymous_2)
FNDA:0,(anonymous_3)
FNDA:0,(anonymous_4)
FNDA:0,(anonymous_5)
FNDA:14,(anonymous_6)
FNDA:0,(anonymous_7)
FNDA:0,(anonymous_8)
FNDA:0,(anonymous_9)
FNDA:14,(anonymous_10)
FNDA:68,(anonymous_11)
FNDA:14,cloneWithData
DA:26,10
DA:27,37
DA:28,3
DA:29,3
DA:30,3
DA:31,10
DA:50,10
DA:56,14
DA:57,7
DA:58,34
DA:59,7
DA:60,0
DA:61,0
DA:64,7
DA:69,7
DA:70,14
DA:74,0
DA:75,7
DA:82,10
DA:83,41
DA:85,14
DA:100,0
DA:101,7
DA:106,7
DA:110,0
DA:114,10
DA:115,0
DA:118,7
DA:122,3
DA:127,34
DA:131,7
DA:132,0
DA:134,7
DA:135,7
DA:137,0
DA:140,3
DA:147,3
LF:37
LH:29
BRDA:50,0,0,0
BRDA:50,0,1,6
BRDA:74,1,0,0
BRDA:74,1,1,0
BRDA:100,2,0,0
BRDA:100,2,1,0
BRDA:114,3,0,0
BRDA:114,3,1,14
BRDA:115,4,0,0
BRDA:115,4,1,0
BRDA:118,5,0,14
BRDA:118,5,1,0
BRDA:131,6,0,0
BRDA:131,6,1,14
BRDA:134,7,0,14
BRDA:134,7,1,0
BRF:16
BRH:5
end_of_record
TN:
SF:/Users/natthaphatmaleehuan/Desktop/work/clogii-mobile/js/common/utils.js
FN:1,(anonymous_0)
FN:14,(anonymous_1)
FN:18,mapSource
FNF:3
FNH:2
FNDA:66,(anonymous_0)
FNDA:0,(anonymous_1)
FNDA:16,mapSource
DA:1,35
DA:2,131
DA:3,46
DA:4,131
DA:5,66
DA:6,98
DA:7,21
DA:9,98
DA:11,41
DA:14,2
DA:15,0
DA:19,8
DA:20,0
DA:24,8
LF:14
LH:12
BRDA:6,0,0,26
BRDA:6,0,1,170
BRDA:6,1,0,196
BRDA:6,1,1,130
BRDA:19,2,0,0
BRDA:19,2,1,16
BRF:6
BRH:5
end_of_record
TN:
SF:/Users/natthaphatmaleehuan/Desktop/work/clogii-mobile/js/login/DashButton.js
FN:7,(anonymous_0)
FN:9,(anonymous_1)
FN:34,(anonymous_2)
FNF:3
FNH:1
FNDA:2,(anonymous_0)
FNDA:0,(anonymous_1)
FNDA:0,(anonymous_2)
DA:8,2
DA:9,0
DA:34,4
LF:3
LH:2
BRDA:9,0,0,0
BRDA:9,0,1,0
BRF:2
BRH:0
end_of_record
TN:
SF:/Users/natthaphatmaleehuan/Desktop/work/clogii-mobile/js/login/EmailLoginScreen.js
FN:11,(anonymous_0)
FN:19,(anonymous_1)
FN:32,(anonymous_2)
FN:44,(anonymous_3)
FN:57,(anonymous_4)
FN:60,(anonymous_5)
FN:61,(anonymous_6)
FN:66,(anonymous_7)
FN:73,(anonymous_8)
FNF:9
FNH:6
FNDA:4,(anonymous_0)
FNDA:16,(anonymous_1)
FNDA:2,(anonymous_2)
FNDA:0,(anonymous_3)
FNDA:4,(anonymous_4)
FNDA:2,(anonymous_5)
FNDA:4,(anonymous_6)
FNDA:0,(anonymous_7)
FNDA:0,(anonymous_8)
DA:12,4
DA:13,4
DA:20,16
DA:21,9
DA:22,8
DA:32,3
DA:44,2
DA:58,3
DA:59,4
DA:60,1
DA:61,2
DA:66,0
DA:73,0
LF:13
LH:11
BRDA:35,0,0,16
BRDA:35,0,1,8
BRDA:47,1,0,16
BRDA:47,1,1,16
BRDA:59,2,0,4
BRDA:59,2,1,2
BRDA:59,3,0,4
BRDA:59,3,1,4
BRF:8
BRH:8
end_of_record
TN:
SF:/Users/natthaphatmaleehuan/Desktop/work/clogii-mobile/js/login/ForgotPasswordScreen.js
FN:10,(anonymous_0)
FN:18,(anonymous_1)
FN:31,(anonymous_2)
FN:45,(anonymous_3)
FN:50,(anonymous_4)
FN:53,(anonymous_5)
FN:54,(anonymous_6)
FNF:7
FNH:7
FNDA:8,(anonymous_0)
FNDA:30,(anonymous_1)
FNDA:2,(anonymous_2)
FNDA:8,(anonymous_3)
FNDA:4,(anonymous_4)
FNDA:4,(anonymous_5)
FNDA:8,(anonymous_6)
DA:11,8
DA:12,8
DA:19,30
DA:20,16
DA:21,19
DA:31,5
DA:46,6
DA:49,6
DA:51,6
DA:53,2
DA:55,4
LF:11
LH:11
BRDA:36,0,0,30
BRDA:36,0,1,22
BRDA:49,1,0,8
BRDA:49,1,1,6
BRDA:51,2,0,4
BRDA:51,2,1,2
BRF:6
BRH:6
end_of_record
TN:
SF:/Users/natthaphatmaleehuan/Desktop/work/clogii-mobile/js/login/IndexScreen.js
FN:45,(anonymous_0)
FN:52,(anonymous_1)
FN:57,(anonymous_2)
FN:79,(anonymous_3)
FN:82,(anonymous_4)
FN:91,(anonymous_5)
FNF:6
FNH:2
FNDA:2,(anonymous_0)
FNDA:0,(anonymous_1)
FNDA:2,(anonymous_2)
FNDA:0,(anonymous_3)
FNDA:0,(anonymous_4)
FNDA:0,(anonymous_5)
DA:36,3
DA:37,3
DA:38,2
DA:39,2
DA:40,3
DA:42,2
DA:46,1
DA:47,1
DA:53,0
DA:54,0
DA:58,1
DA:79,0
DA:82,0
DA:92,0
DA:93,0
DA:110,2
LF:16
LH:10
BRDA:53,0,0,0
BRDA:53,0,1,0
BRDA:91,1,0,0
BRF:3
BRH:0
end_of_record
TN:
SF:/Users/natthaphatmaleehuan/Desktop/work/clogii-mobile/js/login/LoginScreen.js
FN:25,(anonymous_0)
FN:35,(anonymous_1)
FN:42,(anonymous_2)
FN:49,(anonymous_3)
FN:55,(anonymous_4)
FN:65,(anonymous_5)
FN:77,(anonymous_6)
FN:86,(anonymous_7)
FN:93,(anonymous_8)
FN:105,(anonymous_9)
FN:126,(anonymous_10)
FN:135,(anonymous_11)
FN:139,(anonymous_12)
FN:155,(anonymous_13)
FN:159,(anonymous_14)
FN:173,(anonymous_15)
FN:194,(anonymous_16)
FNF:17
FNH:6
FNDA:14,(anonymous_0)
FNDA:0,(anonymous_1)
FNDA:0,(anonymous_2)
FNDA:0,(anonymous_3)
FNDA:14,(anonymous_4)
FNDA:0,(anonymous_5)
FNDA:0,(anonymous_6)
FNDA:0,(anonymous_7)
FNDA:0,(anonymous_8)
FNDA:12,(anonymous_9)
FNDA:0,(anonymous_10)
FNDA:0,(anonymous_11)
FNDA:2,(anonymous_12)
FNDA:0,(anonymous_13)
FNDA:4,(anonymous_14)
FNDA:4,(anonymous_15)
FNDA:0,(anonymous_16)
DA:16,8
DA:26,14
DA:27,14
DA:28,14
DA:29,14
DA:30,14
DA:31,14
DA:32,7
DA:36,0
DA:37,0
DA:38,0
DA:43,0
DA:44,0
DA:45,0
DA:50,0
DA:51,7
DA:56,7
DA:66,0
DA:67,0
DA:69,0
DA:78,0
DA:79,0
DA:81,0
DA:86,0
DA:94,0
DA:95,6
DA:96,1
DA:106,11
DA:107,2
DA:109,9
DA:110,2
DA:112,7
DA:113,2
DA:121,3
DA:122,3
DA:126,1
DA:129,3
DA:130,1
DA:132,2
DA:136,3
DA:140,2
DA:141,3
DA:142,2
DA:143,1
DA:144,4
DA:145,1
DA:147,4
DA:149,2
DA:150,1
DA:152,2
DA:156,1
DA:160,3
DA:161,1
DA:162,3
DA:165,3
DA:166,2
DA:167,2
DA:170,1
DA:174,3
DA:176,3
DA:177,2
DA:179,1
DA:180,1
DA:181,1
DA:182,1
DA:184,1
DA:189,1
DA:194,1
DA:200,1
LF:69
LH:54
BRDA:37,0,0,0
BRDA:37,0,1,0
BRDA:44,1,0,0
BRDA:44,1,1,0
BRDA:50,2,0,0
BRDA:50,2,1,0
BRDA:51,3,0,0
BRDA:51,3,1,0
BRDA:59,4,0,0
BRDA:59,4,1,14
BRDA:66,5,0,0
BRDA:66,5,1,0
BRDA:78,6,0,0
BRDA:78,6,1,0
BRDA:106,7,0,2
BRDA:106,7,1,10
BRDA:109,8,0,2
BRDA:109,8,1,8
BRDA:112,9,0,2
BRDA:112,9,1,6
BRDA:121,10,0,2
BRDA:121,10,1,4
BRDA:129,11,0,2
BRDA:129,11,1,2
BRDA:144,12,0,2
BRDA:144,12,1,4
BRDA:149,13,0,0
BRDA:149,13,1,2
BRDA:160,14,0,2
BRDA:160,14,1,2
BRDA:165,15,0,2
BRDA:165,15,1,0
BRDA:179,16,0,2
BRDA:179,16,1,0
BRDA:180,17,0,2
BRDA:180,17,1,0
BRDA:180,18,0,2
BRDA:180,18,1,2
BRDA:189,19,0,2
BRDA:189,19,1,2
BRF:40
BRH:23
end_of_record
TN:
SF:/Users/natthaphatmaleehuan/Desktop/work/clogii-mobile/js/login/SignupScreen.js
FN:12,(anonymous_0)
FN:19,(anonymous_1)
FN:31,(anonymous_2)
FN:41,(anonymous_3)
FN:49,(anonymous_4)
FN:66,(anonymous_5)
FN:77,(anonymous_6)
FN:80,(anonymous_7)
FN:81,(anonymous_8)
FN:88,(anonymous_9)
FNF:10
FNH:10
FNDA:12,(anonymous_0)
FNDA:54,(anonymous_1)
FNDA:10,(anonymous_2)
FNDA:2,(anonymous_3)
FNDA:2,(anonymous_4)
FNDA:12,(anonymous_5)
FNDA:6,(anonymous_6)
FNDA:4,(anonymous_7)
FNDA:10,(anonymous_8)
FNDA:6,(anonymous_9)
DA:13,12
DA:14,12
DA:20,54
DA:21,32
DA:31,6
DA:41,2
DA:49,7
DA:67,12
DA:70,7
DA:71,2
DA:74,6
DA:76,8
DA:78,5
DA:80,7
DA:82,8
DA:89,6
DA:90,3
LF:17
LH:17
BRDA:70,0,0,2
BRDA:70,0,1,10
BRDA:76,1,0,10
BRDA:76,1,1,2
BRDA:76,2,0,10
BRDA:76,2,1,10
BRDA:89,3,0,6
BRDA:89,3,1,2
BRDA:89,4,0,2
BRDA:89,4,1,0
BRDA:89,5,0,2
BRDA:89,5,1,2
BRDA:90,6,0,6
BRDA:90,6,1,2
BRF:14
BRH:13
end_of_record
TN:
SF:/Users/natthaphatmaleehuan/Desktop/work/clogii-mobile/js/login/SuccessScreen.js
FN:8,(anonymous_0)
FN:13,(anonymous_1)
FNF:2
FNH:1
FNDA:2,(anonymous_0)
FNDA:0,(anonymous_1)
DA:9,2
DA:13,0
LF:2
LH:1
BRF:0
BRH:0
end_of_record
TN:
SF:/Users/natthaphatmaleehuan/Desktop/work/clogii-mobile/js/login/styles.js
FNF:0
FNH:0
DA:6,5
DA:7,5
LF:2
LH:2
BRF:0
BRH:0
end_of_record
TN:
SF:/Users/natthaphatmaleehuan/Desktop/work/clogii-mobile/js/reducers/createApolloReducer.js
FN:32,createApolloReducer
FN:36,(anonymous_1)
FNF:2
FNH:2
FNDA:2,createApolloReducer
FNDA:4,(anonymous_1)
DA:36,2
DA:37,4
DA:39,2
DA:41,2
DA:45,2
LF:5
LH:5
BRDA:37,0,0,2
BRDA:37,0,1,2
BRDA:41,1,0,2
BRDA:41,1,1,2
BRF:4
BRH:4
end_of_record
TN:
SF:/Users/natthaphatmaleehuan/Desktop/work/clogii-mobile/js/reducers/maps.js
FN:37,reducer
FNF:1
FNH:1
FNDA:2,reducer
DA:27,2
DA:38,2
DA:41,1
LF:3
LH:3
BRF:0
BRH:0
end_of_record
TN:
SF:/Users/natthaphatmaleehuan/Desktop/work/clogii-mobile/js/reducers/notifications.js
FN:65,notifications
FN:97,append
FN:99,(anonymous_2)
FN:105,fetchAllIds
FN:107,(anonymous_4)
FNF:5
FNH:3
FNDA:8,notifications
FNDA:4,append
FNDA:2,(anonymous_2)
FNDA:0,fetchAllIds
FNDA:0,(anonymous_4)
DA:27,5
DA:28,1
DA:55,3
DA:66,4
DA:68,1
DA:69,0
DA:72,2
DA:75,0
DA:78,0
DA:81,1
DA:84,2
DA:87,1
DA:90,1
DA:93,2
DA:98,2
DA:99,2
DA:100,2
DA:102,1
DA:106,0
DA:107,0
DA:108,0
DA:110,0
DA:113,1
LF:23
LH:16
BRDA:58,0,0,2
BRDA:58,0,1,0
BRDA:65,1,0,2
BRDA:66,2,0,2
BRDA:66,2,1,4
BRDA:66,2,2,0
BRDA:66,2,3,0
BRDA:66,2,4,0
BRDA:66,2,5,0
BRDA:66,2,6,0
BRDA:66,2,7,0
BRDA:66,2,8,2
BRDA:98,3,0,4
BRDA:98,3,1,4
BRDA:99,4,0,2
BRDA:99,4,1,2
BRF:16
BRH:9
end_of_record
TN:
SF:/Users/natthaphatmaleehuan/Desktop/work/clogii-mobile/js/reducers/schedule.js
FN:33,schedule
FN:50,(anonymous_1)
FNF:2
FNH:2
FNDA:12,schedule
FNDA:4,(anonymous_1)
DA:34,12
DA:36,4
DA:37,4
DA:38,3
DA:41,2
DA:42,2
DA:43,2
DA:46,3
DA:49,2
DA:50,2
DA:51,3
DA:53,1
DA:55,1
DA:58,1
LF:14
LH:14
BRDA:33,0,0,2
BRDA:34,1,0,4
BRDA:34,1,1,2
BRDA:34,1,2,2
BRDA:34,1,3,2
BRF:5
BRH:5
end_of_record
TN:
SF:/Users/natthaphatmaleehuan/Desktop/work/clogii-mobile/js/reducers/user.js
FN:58,changeProfile
FN:72,authen
FN:123,user
FNF:3
FNH:3
FNDA:6,changeProfile
FNDA:6,authen
FNDA:6,user
DA:45,4
DA:59,4
DA:60,3
DA:69,5
DA:73,4
DA:74,3
DA:75,2
DA:82,3
DA:83,1
DA:89,1
DA:90,0
DA:91,1
DA:92,0
DA:94,1
DA:108,1
DA:109,1
DA:117,4
DA:118,3
DA:120,4
DA:124,3
DA:125,3
DA:126,6
DA:127,0
DA:128,3
DA:129,0
DA:136,6
DA:137,1
DA:142,3
DA:143,0
DA:145,3
DA:148,1
LF:31
LH:26
BRDA:58,0,0,0
BRDA:59,1,0,2
BRDA:59,1,1,4
BRDA:72,2,0,0
BRDA:73,3,0,2
BRDA:73,3,1,4
BRDA:82,4,0,2
BRDA:82,4,1,2
BRDA:89,5,0,0
BRDA:89,5,1,2
BRDA:91,6,0,0
BRDA:91,6,1,0
BRDA:108,7,0,0
BRDA:108,7,1,2
BRDA:117,8,0,0
BRDA:117,8,1,2
BRDA:123,9,0,0
BRDA:126,10,0,0
BRDA:126,10,1,6
BRDA:128,11,0,0
BRDA:128,11,1,0
BRDA:128,12,0,0
BRDA:128,12,1,0
BRDA:136,13,0,0
BRDA:136,13,1,6
BRDA:142,14,0,0
BRDA:142,14,1,6
BRF:27
BRH:12
end_of_record
TN:
SF:/Users/natthaphatmaleehuan/Desktop/work/clogii-mobile/js/store/apollo.js
FNF:0
FNH:0
DA:5,6
DA:7,3
DA:11,3
LF:3
LH:3
BRF:0
BRH:0
end_of_record
TN:
SF:/Users/natthaphatmaleehuan/Desktop/work/clogii-mobile/js/store/array.js
FN:25,(anonymous_0)
FN:25,(anonymous_1)
FN:25,(anonymous_2)
FNF:3
FNH:3
FNDA:16,(anonymous_0)
FNDA:16,(anonymous_1)
FNDA:16,(anonymous_2)
DA:25,16
DA:26,16
LF:2
LH:2
BRDA:26,0,0,2
BRDA:26,0,1,14
BRF:2
BRH:2
end_of_record
TN:
SF:/Users/natthaphatmaleehuan/Desktop/work/clogii-mobile/js/store/promise.js
FN:25,warn
FN:30,(anonymous_1)
FN:30,(anonymous_2)
FN:30,(anonymous_3)
FNF:4
FNH:3
FNDA:0,warn
FNDA:16,(anonymous_1)
FNDA:16,(anonymous_2)
FNDA:16,(anonymous_3)
DA:26,0
DA:27,0
DA:30,16
DA:31,16
LF:4
LH:2
BRDA:26,0,0,0
BRDA:26,0,1,0
BRDA:31,1,0,2
BRDA:31,1,1,14
BRF:4
BRH:2
end_of_record
TN:
SF:/Users/natthaphatmaleehuan/Desktop/work/clogii-mobile/js/tabs/profile/common.js
FNF:0
FNH:0
DA:3,8
DA:10,8
LF:2
LH:2
BRF:0
BRH:0
end_of_record
TN:
SF:/Users/natthaphatmaleehuan/Desktop/work/clogii-mobile/js/tabs/profile/mockData.js
FNF:0
FNH:0
DA:1,3
DA:7,3
DA:8,3
DA:9,3
DA:10,3
DA:11,3
DA:31,3
DA:52,3
LF:8
LH:8
BRF:0
BRH:0
end_of_record
TN:
SF:/Users/natthaphatmaleehuan/Desktop/work/clogii-mobile/js/tabs/profile/components/ActivityScreen.js
FN:21,(anonymous_0)
FN:75,(anonymous_1)
FN:77,(anonymous_2)
FN:80,(anonymous_3)
FNF:4
FNH:3
FNDA:4,(anonymous_0)
FNDA:2,(anonymous_1)
FNDA:0,(anonymous_2)
FNDA:2,(anonymous_3)
DA:18,4
DA:19,3
DA:21,3
DA:76,1
DA:77,0
DA:81,1
DA:88,2
LF:7
LH:6
BRDA:29,0,0,4
BRDA:29,0,1,0
BRDA:41,1,0,4
BRDA:41,1,1,0
BRDA:77,2,0,0
BRDA:77,2,1,0
BRF:6
BRH:2
end_of_record
TN:
SF:/Users/natthaphatmaleehuan/Desktop/work/clogii-mobile/js/tabs/profile/components/BookmarkScreen.js
FN:20,(anonymous_0)
FN:48,(anonymous_1)
FN:56,(anonymous_2)
FN:59,(anonymous_3)
FN:63,(anonymous_4)
FN:70,(anonymous_5)
FNF:6
FNH:5
FNDA:4,(anonymous_0)
FNDA:2,(anonymous_1)
FNDA:2,(anonymous_2)
FNDA:0,(anonymous_3)
FNDA:4,(anonymous_4)
FNDA:4,(anonymous_5)
DA:18,4
DA:20,3
DA:49,2
DA:50,1
DA:57,3
DA:59,2
DA:63,2
DA:71,2
DA:79,2
LF:9
LH:9
BRDA:32,0,0,4
BRDA:32,0,1,0
BRDA:59,1,0,0
BRDA:59,1,1,0
BRF:4
BRH:1
end_of_record
TN:
SF:/Users/natthaphatmaleehuan/Desktop/work/clogii-mobile/js/tabs/profile/components/CircleImageWithCategory.js
FN:9,(anonymous_0)
FNF:1
FNH:1
FNDA:10,(anonymous_0)
DA:9,10
LF:1
LH:1
BRF:0
BRH:0
end_of_record
TN:
SF:/Users/natthaphatmaleehuan/Desktop/work/clogii-mobile/js/tabs/profile/components/DatePickerDialog.js
FN:15,(anonymous_0)
FN:25,(anonymous_1)
FN:28,(anonymous_2)
FN:40,(anonymous_3)
FN:46,(anonymous_4)
FN:54,(anonymous_5)
FN:59,(anonymous_6)
FN:64,(anonymous_7)
FN:74,(anonymous_8)
FN:77,(anonymous_9)
FN:80,(anonymous_10)
FNF:11
FNH:11
FNDA:10,(anonymous_0)
FNDA:6,(anonymous_1)
FNDA:2,(anonymous_2)
FNDA:4,(anonymous_3)
FNDA:4,(anonymous_4)
FNDA:2,(anonymous_5)
FNDA:2,(anonymous_6)
FNDA:20,(anonymous_7)
FNDA:2,(anonymous_8)
FNDA:2,(anonymous_9)
FNDA:2,(anonymous_10)
DA:16,10
DA:17,10
DA:21,10
DA:22,10
DA:26,6
DA:27,6
DA:28,2
DA:29,2
DA:30,3
DA:33,2
DA:34,2
DA:36,4
DA:40,4
DA:41,4
DA:42,4
DA:47,4
DA:48,4
DA:49,3
DA:55,2
DA:56,2
DA:60,2
DA:61,11
DA:65,12
DA:66,10
DA:68,9
DA:74,2
DA:77,2
DA:80,1
DA:89,3
LF:29
LH:29
BRDA:18,0,0,10
BRDA:18,0,1,6
BRDA:26,1,0,6
BRDA:26,1,1,4
BRDA:27,2,0,2
BRDA:27,2,1,4
BRDA:33,3,0,0
BRDA:33,3,1,4
BRDA:55,4,0,2
BRDA:55,4,1,2
BRDA:60,5,0,2
BRDA:60,5,1,2
BRDA:65,6,0,4
BRDA:65,6,1,16
BRF:14
BRH:13
end_of_record
TN:
SF:/Users/natthaphatmaleehuan/Desktop/work/clogii-mobile/js/tabs/profile/components/JellyShopScreen.js
FN:17,(anonymous_0)
FN:37,(anonymous_1)
FN:49,(anonymous_2)
FN:53,(anonymous_3)
FN:54,(anonymous_4)
FNF:5
FNH:4
FNDA:16,(anonymous_0)
FNDA:14,(anonymous_1)
FNDA:2,(anonymous_2)
FNDA:0,(anonymous_3)
FNDA:2,(anonymous_4)
DA:17,15
DA:29,3
DA:37,8
DA:50,1
DA:53,0
DA:55,1
DA:77,2
DA:81,2
LF:8
LH:7
BRDA:41,0,0,8
BRDA:41,0,1,6
BRDA:53,1,0,0
BRDA:53,1,1,0
BRF:4
BRH:2
end_of_record
TN:
SF:/Users/natthaphatmaleehuan/Desktop/work/clogii-mobile/js/tabs/profile/components/ModalSpinner.js
FN:9,(anonymous_0)
FNF:1
FNH:1
FNDA:8,(anonymous_0)
DA:9,8
LF:1
LH:1
BRF:0
BRH:0
end_of_record
TN:
SF:/Users/natthaphatmaleehuan/Desktop/work/clogii-mobile/js/tabs/profile/components/MyClogScreen.js
FN:19,(anonymous_0)
FN:43,(anonymous_1)
FN:45,(anonymous_2)
FN:48,(anonymous_3)
FNF:4
FNH:3
FNDA:4,(anonymous_0)
FNDA:2,(anonymous_1)
FNDA:0,(anonymous_2)
FNDA:4,(anonymous_3)
DA:19,4
DA:44,1
DA:45,2
DA:49,2
DA:56,2
LF:5
LH:5
BRDA:45,0,0,0
BRDA:45,0,1,0
BRF:2
BRH:0
end_of_record
TN:
SF:/Users/natthaphatmaleehuan/Desktop/work/clogii-mobile/js/tabs/profile/components/NavBar.js
FN:17,(anonymous_0)
FN:20,(anonymous_1)
FN:26,(anonymous_2)
FNF:3
FNH:3
FNDA:24,(anonymous_0)
FNDA:2,(anonymous_1)
FNDA:2,(anonymous_2)
DA:14,19
DA:18,13
DA:20,2
DA:26,1
DA:36,7
LF:5
LH:5
BRDA:20,0,0,2
BRDA:20,0,1,2
BRDA:26,1,0,2
BRDA:26,1,1,2
BRDA:28,2,0,6
BRDA:28,2,1,18
BRF:6
BRH:6
end_of_record
TN:
SF:/Users/natthaphatmaleehuan/Desktop/work/clogii-mobile/js/tabs/profile/components/ProfileCover.js
FN:10,(anonymous_0)
FNF:1
FNH:1
FNDA:12,(anonymous_0)
DA:6,9
DA:11,7
DA:12,6
DA:18,5
LF:4
LH:4
BRDA:11,0,0,2
BRDA:11,0,1,10
BRDA:19,1,0,0
BRDA:19,1,1,10
BRDA:19,2,0,10
BRDA:19,2,1,8
BRF:6
BRH:5
end_of_record
TN:
SF:/Users/natthaphatmaleehuan/Desktop/work/clogii-mobile/js/tabs/profile/components/ProfileHeader.js
FN:11,(anonymous_0)
FNF:1
FNH:1
FNDA:6,(anonymous_0)
DA:12,6
DA:23,3
LF:2
LH:2
BRF:0
BRH:0
end_of_record
TN:
SF:/Users/natthaphatmaleehuan/Desktop/work/clogii-mobile/js/tabs/profile/components/SecureContainer.js
FN:13,(anonymous_0)
FN:22,(anonymous_1)
FN:34,(anonymous_2)
FN:42,(anonymous_3)
FN:43,(anonymous_4)
FN:45,(anonymous_5)
FNF:6
FNH:6
FNDA:12,(anonymous_0)
FNDA:20,(anonymous_1)
FNDA:4,(anonymous_2)
FNDA:4,(anonymous_3)
FNDA:2,(anonymous_4)
FNDA:2,(anonymous_5)
DA:14,12
DA:15,12
DA:23,20
DA:24,2
DA:26,18
DA:34,4
DA:43,4
DA:44,2
DA:46,2
DA:57,4
LF:10
LH:10
BRDA:23,0,0,2
BRDA:23,0,1,18
BRDA:37,1,0,18
BRDA:37,1,1,12
BRF:4
BRH:4
end_of_record
TN:
SF:/Users/natthaphatmaleehuan/Desktop/work/clogii-mobile/js/tabs/profile/components/UserContainer.js
FN:20,(anonymous_0)
FN:26,(anonymous_1)
FN:32,(anonymous_2)
FN:53,(anonymous_3)
FN:70,(anonymous_4)
FN:73,(anonymous_5)
FN:76,(anonymous_6)
FN:98,(anonymous_7)
FN:101,(anonymous_8)
FN:108,(anonymous_9)
FN:111,(anonymous_10)
FN:118,(anonymous_11)
FN:121,(anonymous_12)
FNF:13
FNH:12
FNDA:18,(anonymous_0)
FNDA:6,(anonymous_1)
FNDA:12,(anonymous_2)
FNDA:12,(anonymous_3)
FNDA:6,(anonymous_4)
FNDA:0,(anonymous_5)
FNDA:36,(anonymous_6)
FNDA:2,(anonymous_7)
FNDA:12,(anonymous_8)
FNDA:2,(anonymous_9)
FNDA:12,(anonymous_10)
FNDA:2,(anonymous_11)
FNDA:12,(anonymous_12)
DA:17,11
DA:18,5
DA:20,15
DA:26,5
DA:32,20
DA:47,8
DA:53,12
DA:71,4
DA:73,6
DA:77,18
DA:99,1
DA:101,6
DA:109,1
DA:111,6
DA:119,1
DA:121,6
DA:127,2
LF:17
LH:17
BRDA:34,0,0,6
BRDA:34,0,1,6
BRDA:40,1,0,6
BRDA:40,1,1,6
BRDA:55,2,0,6
BRDA:55,2,1,6
BRDA:60,3,0,6
BRDA:60,3,1,6
BRDA:73,4,0,0
BRDA:73,4,1,0
BRDA:111,5,0,6
BRDA:111,5,1,6
BRF:12
BRH:10
end_of_record
TN:
SF:/Users/natthaphatmaleehuan/Desktop/work/clogii-mobile/js/tabs/profile/containers/ChangeEmailScreen.js
FN:21,(anonymous_0)
FN:31,(anonymous_1)
FN:36,(anonymous_2)
FN:38,(anonymous_3)
FN:50,(anonymous_4)
FN:63,(anonymous_5)
FN:71,(anonymous_6)
FN:77,(anonymous_7)
FN:91,(anonymous_8)
FN:96,(anonymous_9)
FNF:10
FNH:8
FNDA:10,(anonymous_0)
FNDA:40,(anonymous_1)
FNDA:0,(anonymous_2)
FNDA:0,(anonymous_3)
FNDA:8,(anonymous_4)
FNDA:8,(anonymous_5)
FNDA:8,(anonymous_6)
FNDA:8,(anonymous_7)
FNDA:4,(anonymous_8)
FNDA:2,(anonymous_9)
DA:22,10
DA:23,10
DA:32,40
DA:36,0
DA:38,0
DA:50,8
DA:63,8
DA:71,8
DA:78,8
DA:79,8
DA:80,5
DA:84,5
DA:85,4
DA:89,3
DA:91,5
DA:92,3
DA:95,2
DA:97,1
DA:105,2
DA:119,2
LF:20
LH:18
BRDA:36,0,0,0
BRDA:36,0,1,0
BRDA:49,1,0,40
BRDA:49,1,1,10
BRDA:62,2,0,40
BRDA:62,2,1,18
BRDA:69,3,0,0
BRDA:69,3,1,40
BRDA:84,4,0,2
BRDA:84,4,1,6
BRDA:95,5,0,4
BRDA:95,5,1,2
BRF:12
BRH:9
end_of_record
TN:
SF:/Users/natthaphatmaleehuan/Desktop/work/clogii-mobile/js/tabs/profile/containers/ChangePasswordScreen.js
FN:21,(anonymous_0)
FN:31,(anonymous_1)
FN:37,(anonymous_2)
FN:42,(anonymous_3)
FN:44,(anonymous_4)
FN:57,(anonymous_5)
FN:71,(anonymous_6)
FN:79,(anonymous_7)
FN:85,(anonymous_8)
FN:99,(anonymous_9)
FN:104,(anonymous_10)
FNF:11
FNH:8
FNDA:10,(anonymous_0)
FNDA:0,(anonymous_1)
FNDA:40,(anonymous_2)
FNDA:0,(anonymous_3)
FNDA:0,(anonymous_4)
FNDA:8,(anonymous_5)
FNDA:8,(anonymous_6)
FNDA:8,(anonymous_7)
FNDA:8,(anonymous_8)
FNDA:4,(anonymous_9)
FNDA:2,(anonymous_10)
DA:22,10
DA:23,10
DA:32,0
DA:33,0
DA:38,40
DA:42,0
DA:44,0
DA:57,8
DA:71,8
DA:79,8
DA:86,8
DA:87,8
DA:88,5
DA:92,5
DA:93,4
DA:97,3
DA:99,5
DA:100,3
DA:103,2
DA:105,1
DA:113,2
DA:127,2
LF:22
LH:18
BRDA:32,0,0,0
BRDA:32,0,1,0
BRDA:33,1,0,0
BRDA:33,1,1,0
BRDA:42,2,0,0
BRDA:42,2,1,0
BRDA:55,3,0,40
BRDA:55,3,1,10
BRDA:69,4,0,40
BRDA:69,4,1,18
BRDA:77,5,0,0
BRDA:77,5,1,40
BRDA:92,6,0,2
BRDA:92,6,1,6
BRDA:103,7,0,4
BRDA:103,7,1,2
BRF:16
BRH:9
end_of_record
TN:
SF:/Users/natthaphatmaleehuan/Desktop/work/clogii-mobile/js/tabs/profile/containers/ProfileEditorScreen.js
FN:28,(anonymous_0)
FN:38,(anonymous_1)
FN:51,(anonymous_2)
FN:59,(anonymous_3)
FN:64,(anonymous_4)
FN:78,(anonymous_5)
FN:81,(anonymous_6)
FN:95,(anonymous_7)
FN:106,(anonymous_8)
FN:114,(anonymous_9)
FN:139,(anonymous_10)
FN:143,(anonymous_11)
FN:148,(anonymous_12)
FN:155,(anonymous_13)
FN:163,(anonymous_14)
FN:164,(anonymous_15)
FN:165,(anonymous_16)
FN:176,(anonymous_17)
FN:177,(anonymous_18)
FN:178,(anonymous_19)
FN:189,(anonymous_20)
FN:190,(anonymous_21)
FN:197,(anonymous_22)
FN:198,(anonymous_23)
FN:209,(anonymous_24)
FN:298,(anonymous_25)
FNF:26
FNH:25
FNDA:2,(anonymous_0)
FNDA:22,(anonymous_1)
FNDA:52,(anonymous_2)
FNDA:4,(anonymous_3)
FNDA:4,(anonymous_4)
FNDA:2,(anonymous_5)
FNDA:2,(anonymous_6)
FNDA:2,(anonymous_7)
FNDA:6,(anonymous_8)
FNDA:2,(anonymous_9)
FNDA:2,(anonymous_10)
FNDA:4,(anonymous_11)
FNDA:2,(anonymous_12)
FNDA:2,(anonymous_13)
FNDA:2,(anonymous_14)
FNDA:2,(anonymous_15)
FNDA:2,(anonymous_16)
FNDA:2,(anonymous_17)
FNDA:2,(anonymous_18)
FNDA:2,(anonymous_19)
FNDA:2,(anonymous_20)
FNDA:2,(anonymous_21)
FNDA:6,(anonymous_22)
FNDA:6,(anonymous_23)
FNDA:6,(anonymous_24)
FNDA:0,(anonymous_25)
DA:28,12
DA:39,22
DA:40,37
DA:52,28
DA:60,4
DA:63,4
DA:65,4
DA:68,3
DA:78,2
DA:81,2
DA:95,4
DA:106,4
DA:114,2
DA:140,3
DA:144,4
DA:147,3
DA:148,2
DA:149,2
DA:155,2
DA:156,2
DA:164,2
DA:165,2
DA:166,2
DA:167,2
DA:171,2
DA:177,2
DA:178,2
DA:179,2
DA:180,2
DA:184,2
DA:190,2
DA:191,4
DA:198,6
DA:199,6
DA:211,4
DA:212,4
DA:214,4
DA:215,4
DA:217,4
DA:218,4
DA:220,6
DA:223,6
DA:226,3
DA:231,2
DA:298,2
DA:309,2
LF:46
LH:46
BRDA:53,0,0,52
BRDA:53,0,1,48
BRDA:68,1,0,4
BRDA:68,1,1,2
BRDA:74,2,0,2
BRDA:74,2,1,50
BRDA:75,3,0,2
BRDA:75,3,1,50
BRDA:107,4,0,2
BRDA:107,4,1,50
BRDA:107,5,0,2
BRDA:107,5,1,48
BRDA:115,6,0,50
BRDA:115,6,1,2
BRDA:147,7,0,2
BRDA:147,7,1,2
BRDA:166,8,0,2
BRDA:166,8,1,0
BRDA:166,9,0,2
BRDA:166,9,1,2
BRDA:179,10,0,2
BRDA:179,10,1,0
BRDA:179,11,0,2
BRDA:179,11,1,2
BRDA:205,12,0,0
BRDA:205,12,1,6
BRDA:205,13,0,0
BRDA:205,13,1,6
BRDA:211,14,0,2
BRDA:211,14,1,4
BRDA:214,15,0,2
BRDA:214,15,1,4
BRDA:217,16,0,2
BRDA:217,16,1,4
BRF:34
BRH:30
end_of_record
TN:
SF:/Users/natthaphatmaleehuan/Desktop/work/clogii-mobile/js/tabs/profile/containers/ProfileScreen.js
FN:61,(anonymous_0)
FN:63,(anonymous_1)
FN:76,(anonymous_2)
FN:111,(anonymous_3)
FN:117,(anonymous_4)
FN:127,(anonymous_5)
FN:168,(anonymous_6)
FN:187,(anonymous_7)
FN:191,(anonymous_8)
FN:197,(anonymous_9)
FN:202,(anonymous_10)
FN:211,(anonymous_11)
FN:224,(anonymous_12)
FN:225,(anonymous_13)
FN:226,(anonymous_14)
FN:241,(anonymous_15)
FN:309,(anonymous_16)
FNF:17
FNH:15
FNDA:12,(anonymous_0)
FNDA:0,(anonymous_1)
FNDA:4,(anonymous_2)
FNDA:10,(anonymous_3)
FNDA:10,(anonymous_4)
FNDA:24,(anonymous_5)
FNDA:10,(anonymous_6)
FNDA:2,(anonymous_7)
FNDA:2,(anonymous_8)
FNDA:16,(anonymous_9)
FNDA:16,(anonymous_10)
FNDA:2,(anonymous_11)
FNDA:2,(anonymous_12)
FNDA:2,(anonymous_13)
FNDA:2,(anonymous_14)
FNDA:26,(anonymous_15)
FNDA:0,(anonymous_16)
DA:28,7
DA:61,1
DA:62,8
DA:63,5
DA:76,6
DA:77,7
DA:112,10
DA:113,17
DA:114,6
DA:118,16
DA:128,13
DA:129,22
DA:130,2
DA:132,20
DA:133,2
DA:135,18
DA:136,2
DA:138,16
DA:139,2
DA:141,14
DA:142,2
DA:144,12
DA:145,2
DA:147,10
DA:148,2
DA:150,8
DA:151,2
DA:153,6
DA:154,6
DA:156,4
DA:157,6
DA:159,3
DA:169,10
DA:170,6
DA:171,6
DA:173,6
DA:174,6
DA:176,6
DA:177,2
DA:179,6
DA:180,9
DA:182,13
DA:183,9
DA:188,2
DA:192,2
DA:198,9
DA:199,9
DA:203,21
DA:204,8
DA:211,1
DA:224,1
DA:225,1
DA:226,1
DA:242,13
DA:251,1
DA:309,1
LF:56
LH:56
BRDA:63,0,0,8
BRDA:63,0,1,4
BRDA:63,1,0,0
BRDA:63,1,1,0
BRDA:129,2,0,2
BRDA:129,2,1,22
BRDA:132,3,0,2
BRDA:132,3,1,20
BRDA:135,4,0,2
BRDA:135,4,1,18
BRDA:138,5,0,2
BRDA:138,5,1,16
BRDA:141,6,0,2
BRDA:141,6,1,14
BRDA:144,7,0,2
BRDA:144,7,1,12
BRDA:147,8,0,2
BRDA:147,8,1,10
BRDA:150,9,0,2
BRDA:150,9,1,8
BRDA:153,10,0,2
BRDA:153,10,1,6
BRDA:156,11,0,2
BRDA:156,11,1,4
BRDA:170,12,0,2
BRDA:170,12,1,8
BRDA:173,13,0,2
BRDA:173,13,1,8
BRDA:176,14,0,2
BRDA:176,14,1,8
BRDA:179,15,0,2
BRDA:179,15,1,8
BRDA:182,16,0,2
BRDA:182,16,1,8
BRDA:203,17,0,16
BRDA:203,17,1,0
BRDA:211,18,0,2
BRDA:211,18,1,2
BRDA:224,19,0,2
BRDA:224,19,1,2
BRDA:225,20,0,2
BRDA:225,20,1,2
BRDA:226,21,0,2
BRDA:226,21,1,2
BRDA:242,22,0,14
BRDA:242,22,1,12
BRF:46
BRH:43
end_of_record
TN:
SF:/Users/natthaphatmaleehuan/Desktop/work/clogii-mobile/js/tabs/schedule/formatDuration.js
FN:28,naivePlural
FN:35,formatDuration
FNF:2
FNH:2
FNDA:6,naivePlural
FNDA:10,formatDuration
DA:26,4
DA:29,4
DA:30,3
DA:32,7
DA:36,6
DA:37,9
DA:38,8
DA:40,8
DA:41,5
DA:44,6
DA:45,8
DA:46,4
DA:47,3
DA:50,4
DA:51,2
DA:54,4
DA:57,1
LF:17
LH:17
BRDA:29,0,0,2
BRDA:29,0,1,4
BRDA:40,1,0,2
BRDA:40,1,1,8
BRDA:45,2,0,6
BRDA:45,2,1,2
BRDA:50,3,0,4
BRDA:50,3,1,4
BRF:8
BRH:8
end_of_record
TN:
SF:/Users/natthaphatmaleehuan/Desktop/work/clogii-mobile/js/tabs/schedule/formatTime.js
FN:26,formatTime
FNF:1
FNH:1
FNDA:6,formatTime
DA:27,6
DA:28,6
DA:29,6
DA:30,6
DA:31,5
DA:32,3
DA:33,3
DA:34,3
DA:36,3
DA:39,2
LF:10
LH:10
BRDA:30,0,0,6
BRDA:30,0,1,0
BRDA:32,1,0,0
BRDA:32,1,1,6
BRDA:33,2,0,4
BRDA:33,2,1,2
BRF:6
BRH:4
end_of_record
